Display statement at line 369
Units_Mult[muschelkalk_geo_deep].val = 0.361425107721356
Units_Mult[heat_pump2_heat_pump].val = 0.810677520298579
Units_Mult[heat_pump1_heat_pump].val = 0.496861374488056
Units_Mult[demand_profiles_district_heating].val = 1
Units_Mult[cridor_heat_cridor].val = 1
Units_Mult[gas_boiler_gas_boiler].val = 0
Units_Mult[wood_boiler_wood_boiler].val = 0
Display statement at line 370
Units_Use[muschelkalk_geo_deep].val = 1
Units_Use[heat_pump2_heat_pump].val = 1
Units_Use[heat_pump1_heat_pump].val = 1
Units_Use[demand_profiles_district_heating].val = 1
Units_Use[cridor_heat_cridor].val = 1
Units_Use[gas_boiler_gas_boiler].val = 0
Units_Use[wood_boiler_wood_boiler].val = 0
Display statement at line 382
Streams_Cost[osmose_default_model_DefaultOpCost,nd_profiles_district_heating_district_heating_Cost,demand_profiles_district_heating].val = 0
Streams_Cost[osmose_default_model_DefaultOpCost,muschelkalk_geo_deep_geo_deep_Cost,muschelkalk_geo_deep].val = 13776.6287720709
Streams_Cost[osmose_default_model_DefaultOpCost,heat_pump2_heat_pump_heat_pump_Cost,heat_pump2_heat_pump].val = 5484476.62807597
Streams_Cost[osmose_default_model_DefaultOpCost,heat_pump1_heat_pump_heat_pump_Cost,heat_pump1_heat_pump].val = 52594.9626796085
Streams_Cost[osmose_default_model_DefaultOpCost,cridor_heat_cridor_heat_cridor_Cost,cridor_heat_cridor].val = -1000
Streams_Cost[osmose_default_model_DefaultOpCost,gas_boiler_gas_boiler_gas_boiler_Cost,gas_boiler_gas_boiler].val = 0
Streams_Cost[osmose_default_model_DefaultOpCost,wood_boiler_wood_boiler_wood_boiler_Cost,wood_boiler_wood_boiler].val = 0
Streams_Cost[osmose_default_model_DefaultInvCost,nd_profiles_district_heating_district_heating_Cinv,demand_profiles_district_heating].val = 0
Streams_Cost[osmose_default_model_DefaultInvCost,muschelkalk_geo_deep_geo_deep_Cinv,muschelkalk_geo_deep].val = 5370000
Streams_Cost[osmose_default_model_DefaultInvCost,heat_pump2_heat_pump_heat_pump_Cinv,heat_pump2_heat_pump].val = 0
Streams_Cost[osmose_default_model_DefaultInvCost,heat_pump1_heat_pump_heat_pump_Cinv,heat_pump1_heat_pump].val = 0
Streams_Cost[osmose_default_model_DefaultInvCost,cridor_heat_cridor_heat_cridor_Cinv,cridor_heat_cridor].val = 0
Streams_Cost[osmose_default_model_DefaultInvCost,gas_boiler_gas_boiler_gas_boiler_Cinv,gas_boiler_gas_boiler].val = 0
Streams_Cost[osmose_default_model_DefaultInvCost,wood_boiler_wood_boiler_wood_boiler_Cinv,wood_boiler_wood_boiler].val = 0
Streams_Cost[osmose_default_model_DefaultMechPower,d_profiles_district_heating_district_heating_Power,demand_profiles_district_heating].val = 0
Streams_Cost[osmose_default_model_DefaultMechPower,muschelkalk_geo_deep_geo_deep_Power,muschelkalk_geo_deep].val = 3.82684132557526
Streams_Cost[osmose_default_model_DefaultMechPower,heat_pump2_heat_pump_heat_pump_Power,heat_pump2_heat_pump].val = 304.693146004221
Streams_Cost[osmose_default_model_DefaultMechPower,heat_pump1_heat_pump_heat_pump_Power,heat_pump1_heat_pump].val = 2.92194237108936
Streams_Cost[osmose_default_model_DefaultMechPower,cridor_heat_cridor_heat_cridor_Power,cridor_heat_cridor].val = 0
Streams_Cost[osmose_default_model_DefaultMechPower,gas_boiler_gas_boiler_gas_boiler_Power,gas_boiler_gas_boiler].val = 0
Streams_Cost[osmose_default_model_DefaultMechPower,wood_boiler_wood_boiler_wood_boiler_Power,wood_boiler_wood_boiler].val = 0
Display statement at line 383
Units_Cost[osmose_default_model_DefaultOpCost,demand_profiles_district_heating].val = 0
Units_Cost[osmose_default_model_DefaultOpCost,muschelkalk_geo_deep].val = 13776.6287720709
Units_Cost[osmose_default_model_DefaultOpCost,heat_pump2_heat_pump].val = 5484476.62807597
Units_Cost[osmose_default_model_DefaultOpCost,heat_pump1_heat_pump].val = 52594.9626796085
Units_Cost[osmose_default_model_DefaultOpCost,cridor_heat_cridor].val = -1000
Units_Cost[osmose_default_model_DefaultOpCost,gas_boiler_gas_boiler].val = 0
Units_Cost[osmose_default_model_DefaultOpCost,wood_boiler_wood_boiler].val = 0
Units_Cost[osmose_default_model_DefaultInvCost,demand_profiles_district_heating].val = 0
Units_Cost[osmose_default_model_DefaultInvCost,muschelkalk_geo_deep].val = 5370000
Units_Cost[osmose_default_model_DefaultInvCost,heat_pump2_heat_pump].val = 0
Units_Cost[osmose_default_model_DefaultInvCost,heat_pump1_heat_pump].val = 0
Units_Cost[osmose_default_model_DefaultInvCost,cridor_heat_cridor].val = 0
Units_Cost[osmose_default_model_DefaultInvCost,gas_boiler_gas_boiler].val = 0
Units_Cost[osmose_default_model_DefaultInvCost,wood_boiler_wood_boiler].val = 0
Units_Cost[osmose_default_model_DefaultMechPower,demand_profiles_district_heating].val = 0
Units_Cost[osmose_default_model_DefaultMechPower,muschelkalk_geo_deep].val = 3.82684132557526
Units_Cost[osmose_default_model_DefaultMechPower,heat_pump2_heat_pump].val = 304.693146004221
Units_Cost[osmose_default_model_DefaultMechPower,heat_pump1_heat_pump].val = 2.92194237108936
Units_Cost[osmose_default_model_DefaultMechPower,cridor_heat_cridor].val = 0
Units_Cost[osmose_default_model_DefaultMechPower,gas_boiler_gas_boiler].val = 0
Units_Cost[osmose_default_model_DefaultMechPower,wood_boiler_wood_boiler].val = 0
Display statement at line 384
Locations_Cost[osmose_default_model_DefaultOpCost,osmose_default_model_def_location].val = 5549848.21952765
Locations_Cost[osmose_default_model_DefaultInvCost,osmose_default_model_def_location].val = 5370000
Locations_Cost[osmose_default_model_DefaultMechPower,osmose_default_model_def_location].val = 311.441929700885
Display statement at line 385
Costs_Cost[osmose_default_model_DefaultOpCost].val = 5549848.21952765
Costs_Cost[osmose_default_model_DefaultInvCost].val = 5370000
Costs_Cost[osmose_default_model_DefaultMechPower].val = 311.441929700885
Display statement at line 386
Cost_generatedGroups_power has empty content
Display statement at line 387
YearlyOperatingCost.val = 0
Display statement at line 396
HC_Streams_Mult[osmose_default_model_DefaultHeatCascade,muschelkalk_geo_deep_geo_heat].val = 0.361425107721356
HC_Streams_Mult[osmose_default_model_DefaultHeatCascade,heat_pump2_heat_pump_evap].val = 0.810677520298579
HC_Streams_Mult[osmose_default_model_DefaultHeatCascade,heat_pump2_heat_pump_desuph].val = 0.810677520298579
HC_Streams_Mult[osmose_default_model_DefaultHeatCascade,heat_pump2_heat_pump_cond].val = 0.810677520298579
HC_Streams_Mult[osmose_default_model_DefaultHeatCascade,heat_pump1_heat_pump_evap].val = 0.496861374488056
HC_Streams_Mult[osmose_default_model_DefaultHeatCascade,heat_pump1_heat_pump_desuph].val = 0.496861374488056
HC_Streams_Mult[osmose_default_model_DefaultHeatCascade,heat_pump1_heat_pump_cond].val = 0.496861374488056
HC_Streams_Mult[osmose_default_model_DefaultHeatCascade,demand_profiles_district_heating_dhn_load].val = 1
HC_Streams_Mult[osmose_default_model_DefaultHeatCascade,cridor_heat_cridor_dhn_cridor].val = 1
HC_Streams_Mult[osmose_default_model_DefaultHeatCascade,gas_boiler_gas_boiler_gas_boilerst].val = 0
Display statement at line 397
Streams_Q[osmose_default_model_DefaultHeatCascade,muschelkalk_geo_deep_geo_heat].val = 862.054758237088
Streams_Q[osmose_default_model_DefaultHeatCascade,heat_pump2_heat_pump_evap].val = 864.976700608177
Streams_Q[osmose_default_model_DefaultHeatCascade,heat_pump2_heat_pump_desuph].val = 117.195595721964
Streams_Q[osmose_default_model_DefaultHeatCascade,heat_pump2_heat_pump_cond].val = 1052.47830427804
Streams_Q[osmose_default_model_DefaultHeatCascade,heat_pump1_heat_pump_evap].val = 89.8539015465435
Streams_Q[osmose_default_model_DefaultHeatCascade,heat_pump1_heat_pump_desuph].val = 0.946918407499337
Streams_Q[osmose_default_model_DefaultHeatCascade,heat_pump1_heat_pump_cond].val = 91.8289255101335
Streams_Q[osmose_default_model_DefaultHeatCascade,demand_profiles_district_heating_dhn_load].val = 4929.6739
Streams_Q[osmose_default_model_DefaultHeatCascade,cridor_heat_cridor_dhn_cridor].val = 3760
Streams_Q[osmose_default_model_DefaultHeatCascade,gas_boiler_gas_boiler_gas_boilerst].val = 0
Display statement at line 398
HC_generatedGroups_load has empty content
Display statement at line 399
HC_Rk[osmose_default_model_DefaultHeatCascade,osmose_default_model_def_location,1].val = 0
HC_Rk[osmose_default_model_DefaultHeatCascade,osmose_default_model_def_location,2].val = 0
HC_Rk[osmose_default_model_DefaultHeatCascade,osmose_default_model_def_location,3].val = 757.128821951946
HC_Rk[osmose_default_model_DefaultHeatCascade,osmose_default_model_def_location,4].val = 710.048214022642
HC_Rk[osmose_default_model_DefaultHeatCascade,osmose_default_model_def_location,5].val = 0
HC_Rk[osmose_default_model_DefaultHeatCascade,osmose_default_model_def_location,6].val = 0
HC_Rk[osmose_default_model_DefaultHeatCascade,osmose_default_model_def_location,7].val = 186.271720637281
HC_Rk[osmose_default_model_DefaultHeatCascade,osmose_default_model_def_location,8].val = 1776.1759807925
HC_Rk[osmose_default_model_DefaultHeatCascade,osmose_default_model_def_location,9].val = 0
HC_Rk[osmose_default_model_DefaultHeatCascade,osmose_default_model_def_location,10].val = 0
