Display statement at line 369
Units_Mult[muschelkalk_geo_deep].val = 0.447290508226969
Units_Mult[heat_pump2_heat_pump].val = 1.02891457761484
Units_Mult[heat_pump1_heat_pump].val = 0.0974659515575668
Units_Mult[demand_profiles_district_heating].val = 1
Units_Mult[cridor_heat_cridor].val = 1
Units_Mult[gas_boiler_gas_boiler].val = 45.085561348263
Units_Mult[wood_boiler_wood_boiler].val = 1
Display statement at line 370
Units_Use[muschelkalk_geo_deep].val = 1
Units_Use[heat_pump2_heat_pump].val = 1
Units_Use[heat_pump1_heat_pump].val = 1
Units_Use[demand_profiles_district_heating].val = 1
Units_Use[cridor_heat_cridor].val = 1
Units_Use[gas_boiler_gas_boiler].val = 1
Units_Use[wood_boiler_wood_boiler].val = 1
Display statement at line 382
Streams_Cost[osmose_default_model_DefaultOpCost,nd_profiles_district_heating_district_heating_Cost,demand_profiles_district_heating].val = 0
Streams_Cost[osmose_default_model_DefaultOpCost,muschelkalk_geo_deep_geo_deep_Cost,muschelkalk_geo_deep].val = 17049.6048931517
Streams_Cost[osmose_default_model_DefaultOpCost,heat_pump2_heat_pump_heat_pump_Cost,heat_pump2_heat_pump].val = 7569331.50214374
Streams_Cost[osmose_default_model_DefaultOpCost,heat_pump1_heat_pump_heat_pump_Cost,heat_pump1_heat_pump].val = 6991.40814393707
Streams_Cost[osmose_default_model_DefaultOpCost,cridor_heat_cridor_heat_cridor_Cost,cridor_heat_cridor].val = -1000
Streams_Cost[osmose_default_model_DefaultOpCost,gas_boiler_gas_boiler_gas_boiler_Cost,gas_boiler_gas_boiler].val = 450855.61348263
Streams_Cost[osmose_default_model_DefaultOpCost,wood_boiler_wood_boiler_wood_boiler_Cost,wood_boiler_wood_boiler].val = 227.368421052632
Streams_Cost[osmose_default_model_DefaultInvCost,nd_profiles_district_heating_district_heating_Cinv,demand_profiles_district_heating].val = 0
Streams_Cost[osmose_default_model_DefaultInvCost,muschelkalk_geo_deep_geo_deep_Cinv,muschelkalk_geo_deep].val = 5370000
Streams_Cost[osmose_default_model_DefaultInvCost,heat_pump2_heat_pump_heat_pump_Cinv,heat_pump2_heat_pump].val = 0
Streams_Cost[osmose_default_model_DefaultInvCost,heat_pump1_heat_pump_heat_pump_Cinv,heat_pump1_heat_pump].val = 0
Streams_Cost[osmose_default_model_DefaultInvCost,cridor_heat_cridor_heat_cridor_Cinv,cridor_heat_cridor].val = 0
Streams_Cost[osmose_default_model_DefaultInvCost,gas_boiler_gas_boiler_gas_boiler_Cinv,gas_boiler_gas_boiler].val = 0
Streams_Cost[osmose_default_model_DefaultInvCost,wood_boiler_wood_boiler_wood_boiler_Cinv,wood_boiler_wood_boiler].val = 0
Streams_Cost[osmose_default_model_DefaultMechPower,d_profiles_district_heating_district_heating_Power,demand_profiles_district_heating].val = 0
Streams_Cost[osmose_default_model_DefaultMechPower,muschelkalk_geo_deep_geo_deep_Power,muschelkalk_geo_deep].val = 4.73600135920879
Streams_Cost[osmose_default_model_DefaultMechPower,heat_pump2_heat_pump_heat_pump_Power,heat_pump2_heat_pump].val = 420.518416785763
Streams_Cost[osmose_default_model_DefaultMechPower,heat_pump1_heat_pump_heat_pump_Power,heat_pump1_heat_pump].val = 0.388411563552059
Streams_Cost[osmose_default_model_DefaultMechPower,cridor_heat_cridor_heat_cridor_Power,cridor_heat_cridor].val = 0
Streams_Cost[osmose_default_model_DefaultMechPower,gas_boiler_gas_boiler_gas_boiler_Power,gas_boiler_gas_boiler].val = 0
Streams_Cost[osmose_default_model_DefaultMechPower,wood_boiler_wood_boiler_wood_boiler_Power,wood_boiler_wood_boiler].val = 0
Display statement at line 383
Units_Cost[osmose_default_model_DefaultOpCost,demand_profiles_district_heating].val = 0
Units_Cost[osmose_default_model_DefaultOpCost,muschelkalk_geo_deep].val = 17049.6048931517
Units_Cost[osmose_default_model_DefaultOpCost,heat_pump2_heat_pump].val = 7569331.50214374
Units_Cost[osmose_default_model_DefaultOpCost,heat_pump1_heat_pump].val = 6991.40814393707
Units_Cost[osmose_default_model_DefaultOpCost,cridor_heat_cridor].val = -1000
Units_Cost[osmose_default_model_DefaultOpCost,gas_boiler_gas_boiler].val = 450855.61348263
Units_Cost[osmose_default_model_DefaultOpCost,wood_boiler_wood_boiler].val = 227.368421052632
Units_Cost[osmose_default_model_DefaultInvCost,demand_profiles_district_heating].val = 0
Units_Cost[osmose_default_model_DefaultInvCost,muschelkalk_geo_deep].val = 5370000
Units_Cost[osmose_default_model_DefaultInvCost,heat_pump2_heat_pump].val = 0
Units_Cost[osmose_default_model_DefaultInvCost,heat_pump1_heat_pump].val = 0
Units_Cost[osmose_default_model_DefaultInvCost,cridor_heat_cridor].val = 0
Units_Cost[osmose_default_model_DefaultInvCost,gas_boiler_gas_boiler].val = 0
Units_Cost[osmose_default_model_DefaultInvCost,wood_boiler_wood_boiler].val = 0
Units_Cost[osmose_default_model_DefaultMechPower,demand_profiles_district_heating].val = 0
Units_Cost[osmose_default_model_DefaultMechPower,muschelkalk_geo_deep].val = 4.73600135920879
Units_Cost[osmose_default_model_DefaultMechPower,heat_pump2_heat_pump].val = 420.518416785763
Units_Cost[osmose_default_model_DefaultMechPower,heat_pump1_heat_pump].val = 0.388411563552059
Units_Cost[osmose_default_model_DefaultMechPower,cridor_heat_cridor].val = 0
Units_Cost[osmose_default_model_DefaultMechPower,gas_boiler_gas_boiler].val = 0
Units_Cost[osmose_default_model_DefaultMechPower,wood_boiler_wood_boiler].val = 0
Display statement at line 384
Locations_Cost[osmose_default_model_DefaultOpCost,osmose_default_model_def_location].val = 8043455.49708451
Locations_Cost[osmose_default_model_DefaultInvCost,osmose_default_model_def_location].val = 5370000
Locations_Cost[osmose_default_model_DefaultMechPower,osmose_default_model_def_location].val = 425.642829708524
Display statement at line 385
Costs_Cost[osmose_default_model_DefaultOpCost].val = 8043455.49708451
Costs_Cost[osmose_default_model_DefaultInvCost].val = 5370000
Costs_Cost[osmose_default_model_DefaultMechPower].val = 425.642829708524
Display statement at line 386
Cost_generatedGroups_power has empty content
Display statement at line 387
YearlyOperatingCost.val = 0
Display statement at line 396
HC_Streams_Mult[osmose_default_model_DefaultHeatCascade,muschelkalk_geo_deep_geo_heat].val = 0.447290508226969
HC_Streams_Mult[osmose_default_model_DefaultHeatCascade,heat_pump2_heat_pump_evap].val = 1.02891457761484
HC_Streams_Mult[osmose_default_model_DefaultHeatCascade,heat_pump2_heat_pump_desuph].val = 1.02891457761484
HC_Streams_Mult[osmose_default_model_DefaultHeatCascade,heat_pump2_heat_pump_cond].val = 1.02891457761484
HC_Streams_Mult[osmose_default_model_DefaultHeatCascade,heat_pump1_heat_pump_evap].val = 0.0974659515575668
HC_Streams_Mult[osmose_default_model_DefaultHeatCascade,heat_pump1_heat_pump_desuph].val = 0.0974659515575668
HC_Streams_Mult[osmose_default_model_DefaultHeatCascade,heat_pump1_heat_pump_cond].val = 0.0974659515575668
HC_Streams_Mult[osmose_default_model_DefaultHeatCascade,demand_profiles_district_heating_dhn_load].val = 1
HC_Streams_Mult[osmose_default_model_DefaultHeatCascade,gas_boiler_gas_boiler_gas_boilerst].val = 45.085561348263
HC_Streams_Mult[osmose_default_model_DefaultHeatCascade,wood_boiler_wood_boiler_wood_boilerst].val = 1
Display statement at line 397
Streams_Q[osmose_default_model_DefaultHeatCascade,muschelkalk_geo_deep_geo_heat].val = 1067.67640471591
Streams_Q[osmose_default_model_DefaultHeatCascade,heat_pump2_heat_pump_evap].val = 1068.06477729309
Streams_Q[osmose_default_model_DefaultHeatCascade,heat_pump2_heat_pump_desuph].val = 161.566340464548
Streams_Q[osmose_default_model_DefaultHeatCascade,heat_pump2_heat_pump_cond].val = 1327.02199818719
Streams_Q[osmose_default_model_DefaultHeatCascade,heat_pump1_heat_pump_evap].val = 18.0264252065235
Streams_Q[osmose_default_model_DefaultHeatCascade,heat_pump1_heat_pump_desuph].val = 0.126871429142485
Streams_Q[osmose_default_model_DefaultHeatCascade,heat_pump1_heat_pump_cond].val = 18.2879263545525
Streams_Q[osmose_default_model_DefaultHeatCascade,demand_profiles_district_heating_dhn_load].val = 4929.6739
Streams_Q[osmose_default_model_DefaultHeatCascade,gas_boiler_gas_boiler_gas_boilerst].val = 45.085561348263
Streams_Q[osmose_default_model_DefaultHeatCascade,wood_boiler_wood_boiler_wood_boilerst].val = 3396
Display statement at line 398
HC_generatedGroups_load has empty content
Display statement at line 399
HC_Rk[osmose_default_model_DefaultHeatCascade,osmose_default_model_def_location,1].val = 0
HC_Rk[osmose_default_model_DefaultHeatCascade,osmose_default_model_def_location,2].val = 0
HC_Rk[osmose_default_model_DefaultHeatCascade,osmose_default_model_def_location,3].val = 1029.79428429398
HC_Rk[osmose_default_model_DefaultHeatCascade,osmose_default_model_def_location,4].val = 990.026455989689
HC_Rk[osmose_default_model_DefaultHeatCascade,osmose_default_model_def_location,5].val = 0
HC_Rk[osmose_default_model_DefaultHeatCascade,osmose_default_model_def_location,6].val = 0
HC_Rk[osmose_default_model_DefaultHeatCascade,osmose_default_model_def_location,7].val = 0
HC_Rk[osmose_default_model_DefaultHeatCascade,osmose_default_model_def_location,8].val = 1686.98434588077
HC_Rk[osmose_default_model_DefaultHeatCascade,osmose_default_model_def_location,9].val = 3212.79883476291
HC_Rk[osmose_default_model_DefaultHeatCascade,osmose_default_model_def_location,10].val = 0
