Units_Mult['heat_pump2_heat_pump']	0.00000000000000000000000000000000000000000000000000
Units_Mult['heat_pump1_heat_pump']	0.00000000000000000000000000000000000000000000000000
Units_Mult['demand_profiles_district_heating']	1.00000000000000000000000000000000000000000000000000
Units_Mult['cridor_heat_cridor']	1.00000000000000000000000000000000000000000000000000
Units_Mult['gas_boiler_gas_boiler']	6792.96870000000126310624182224273681640625000000000000
Units_Mult['wood_boiler_wood_boiler']	1.00000000000000000000000000000000000000000000000000
Units_Use['heat_pump2_heat_pump']	1.00000000000000000000000000000000000000000000000000
Units_Use['heat_pump1_heat_pump']	1.00000000000000000000000000000000000000000000000000
Units_Use['demand_profiles_district_heating']	1.00000000000000000000000000000000000000000000000000
Units_Use['cridor_heat_cridor']	1.00000000000000000000000000000000000000000000000000
Units_Use['gas_boiler_gas_boiler']	1.00000000000000000000000000000000000000000000000000
Units_Use['wood_boiler_wood_boiler']	1.00000000000000000000000000000000000000000000000000
Streams_Cost['osmose_default_model_DefaultOpCost','nd_profiles_district_heating_district_heating_Cost','demand_profiles_district_heating']	0.00000000000000000000000000000000000000000000000000
Streams_Cost['osmose_default_model_DefaultOpCost','heat_pump2_heat_pump_heat_pump_Cost','heat_pump2_heat_pump']	0.00000000000000000000000000000000000000000000000000
Streams_Cost['osmose_default_model_DefaultOpCost','heat_pump1_heat_pump_heat_pump_Cost','heat_pump1_heat_pump']	0.00000000000000000000000000000000000000000000000000
Streams_Cost['osmose_default_model_DefaultOpCost','cridor_heat_cridor_heat_cridor_Cost','cridor_heat_cridor']	-1000.00000000000000000000000000000000000000000000000000
Streams_Cost['osmose_default_model_DefaultOpCost','gas_boiler_gas_boiler_gas_boiler_Cost','gas_boiler_gas_boiler']	67929687.00000001490116119384765625000000000000000000000000
Streams_Cost['osmose_default_model_DefaultOpCost','wood_boiler_wood_boiler_wood_boiler_Cost','wood_boiler_wood_boiler']	227.36842105263158941852452699095010757446289062500000
Streams_Cost['osmose_default_model_DefaultInvCost','nd_profiles_district_heating_district_heating_Cinv','demand_profiles_district_heating']	0.00000000000000000000000000000000000000000000000000
Streams_Cost['osmose_default_model_DefaultInvCost','heat_pump2_heat_pump_heat_pump_Cinv','heat_pump2_heat_pump']	0.00000000000000000000000000000000000000000000000000
Streams_Cost['osmose_default_model_DefaultInvCost','heat_pump1_heat_pump_heat_pump_Cinv','heat_pump1_heat_pump']	0.00000000000000000000000000000000000000000000000000
Streams_Cost['osmose_default_model_DefaultInvCost','cridor_heat_cridor_heat_cridor_Cinv','cridor_heat_cridor']	0.00000000000000000000000000000000000000000000000000
Streams_Cost['osmose_default_model_DefaultInvCost','gas_boiler_gas_boiler_gas_boiler_Cinv','gas_boiler_gas_boiler']	0.00000000000000000000000000000000000000000000000000
Streams_Cost['osmose_default_model_DefaultInvCost','wood_boiler_wood_boiler_wood_boiler_Cinv','wood_boiler_wood_boiler']	0.00000000000000000000000000000000000000000000000000
Streams_Cost['osmose_default_model_DefaultMechPower','d_profiles_district_heating_district_heating_Power','demand_profiles_district_heating']	0.00000000000000000000000000000000000000000000000000
Streams_Cost['osmose_default_model_DefaultMechPower','heat_pump2_heat_pump_heat_pump_Power','heat_pump2_heat_pump']	0.00000000000000000000000000000000000000000000000000
Streams_Cost['osmose_default_model_DefaultMechPower','heat_pump1_heat_pump_heat_pump_Power','heat_pump1_heat_pump']	0.00000000000000000000000000000000000000000000000000
Streams_Cost['osmose_default_model_DefaultMechPower','cridor_heat_cridor_heat_cridor_Power','cridor_heat_cridor']	0.00000000000000000000000000000000000000000000000000
Streams_Cost['osmose_default_model_DefaultMechPower','gas_boiler_gas_boiler_gas_boiler_Power','gas_boiler_gas_boiler']	0.00000000000000000000000000000000000000000000000000
Streams_Cost['osmose_default_model_DefaultMechPower','wood_boiler_wood_boiler_wood_boiler_Power','wood_boiler_wood_boiler']	0.00000000000000000000000000000000000000000000000000
Units_Cost['osmose_default_model_DefaultOpCost','demand_profiles_district_heating']	0.00000000000000000000000000000000000000000000000000
Units_Cost['osmose_default_model_DefaultOpCost','heat_pump2_heat_pump']	0.00000000000000000000000000000000000000000000000000
Units_Cost['osmose_default_model_DefaultOpCost','heat_pump1_heat_pump']	0.00000000000000000000000000000000000000000000000000
Units_Cost['osmose_default_model_DefaultOpCost','cridor_heat_cridor']	-1000.00000000000000000000000000000000000000000000000000
Units_Cost['osmose_default_model_DefaultOpCost','gas_boiler_gas_boiler']	67929687.00000001490116119384765625000000000000000000000000
Units_Cost['osmose_default_model_DefaultOpCost','wood_boiler_wood_boiler']	227.36842105263158941852452699095010757446289062500000
Units_Cost['osmose_default_model_DefaultInvCost','demand_profiles_district_heating']	0.00000000000000000000000000000000000000000000000000
Units_Cost['osmose_default_model_DefaultInvCost','heat_pump2_heat_pump']	0.00000000000000000000000000000000000000000000000000
Units_Cost['osmose_default_model_DefaultInvCost','heat_pump1_heat_pump']	0.00000000000000000000000000000000000000000000000000
Units_Cost['osmose_default_model_DefaultInvCost','cridor_heat_cridor']	0.00000000000000000000000000000000000000000000000000
Units_Cost['osmose_default_model_DefaultInvCost','gas_boiler_gas_boiler']	0.00000000000000000000000000000000000000000000000000
Units_Cost['osmose_default_model_DefaultInvCost','wood_boiler_wood_boiler']	0.00000000000000000000000000000000000000000000000000
Units_Cost['osmose_default_model_DefaultMechPower','demand_profiles_district_heating']	0.00000000000000000000000000000000000000000000000000
Units_Cost['osmose_default_model_DefaultMechPower','heat_pump2_heat_pump']	0.00000000000000000000000000000000000000000000000000
Units_Cost['osmose_default_model_DefaultMechPower','heat_pump1_heat_pump']	0.00000000000000000000000000000000000000000000000000
Units_Cost['osmose_default_model_DefaultMechPower','cridor_heat_cridor']	0.00000000000000000000000000000000000000000000000000
Units_Cost['osmose_default_model_DefaultMechPower','gas_boiler_gas_boiler']	0.00000000000000000000000000000000000000000000000000
Units_Cost['osmose_default_model_DefaultMechPower','wood_boiler_wood_boiler']	0.00000000000000000000000000000000000000000000000000
Locations_Cost['osmose_default_model_DefaultOpCost','osmose_default_model_def_location']	67928914.36842106282711029052734375000000000000000000000000
Locations_Cost['osmose_default_model_DefaultInvCost','osmose_default_model_def_location']	0.00000000000000000000000000000000000000000000000000
Locations_Cost['osmose_default_model_DefaultMechPower','osmose_default_model_def_location']	0.00000000000000000000000000000000000000000000000000
Costs_Cost['osmose_default_model_DefaultOpCost']	67928914.36842106282711029052734375000000000000000000000000
Costs_Cost['osmose_default_model_DefaultInvCost']	0.00000000000000000000000000000000000000000000000000
Costs_Cost['osmose_default_model_DefaultMechPower']	0.00000000000000000000000000000000000000000000000000
Elec_buy	0.00000000000000000000000000000000000000000000000000
Elec_sell	0.00000000000000000000000000000000000000000000000000
YearlyOperatingCost	0.00000000000000000000000000000000000000000000000000
HC_Streams_Mult['osmose_default_model_DefaultHeatCascade','heat_pump2_heat_pump_evap']	0.00000000000000000000000000000000000000000000000000
HC_Streams_Mult['osmose_default_model_DefaultHeatCascade','heat_pump2_heat_pump_desuph']	0.00000000000000000000000000000000000000000000000000
HC_Streams_Mult['osmose_default_model_DefaultHeatCascade','heat_pump2_heat_pump_cond']	0.00000000000000000000000000000000000000000000000000
HC_Streams_Mult['osmose_default_model_DefaultHeatCascade','heat_pump1_heat_pump_evap']	0.00000000000000000000000000000000000000000000000000
HC_Streams_Mult['osmose_default_model_DefaultHeatCascade','heat_pump1_heat_pump_desuph']	0.00000000000000000000000000000000000000000000000000
HC_Streams_Mult['osmose_default_model_DefaultHeatCascade','heat_pump1_heat_pump_cond']	0.00000000000000000000000000000000000000000000000000
HC_Streams_Mult['osmose_default_model_DefaultHeatCascade','demand_profiles_district_heating_dhn_load']	1.00000000000000000000000000000000000000000000000000
HC_Streams_Mult['osmose_default_model_DefaultHeatCascade','cridor_heat_cridor_dhn_cridor']	1.00000000000000000000000000000000000000000000000000
HC_Streams_Mult['osmose_default_model_DefaultHeatCascade','gas_boiler_gas_boiler_gas_boilerst']	6792.96870000000126310624182224273681640625000000000000
HC_Streams_Mult['osmose_default_model_DefaultHeatCascade','wood_boiler_wood_boiler_wood_boilerst']	1.00000000000000000000000000000000000000000000000000
Streams_Q['osmose_default_model_DefaultHeatCascade','heat_pump2_heat_pump_evap']	0.00000000000000000000000000000000000000000000000000
Streams_Q['osmose_default_model_DefaultHeatCascade','heat_pump2_heat_pump_desuph']	0.00000000000000000000000000000000000000000000000000
Streams_Q['osmose_default_model_DefaultHeatCascade','heat_pump2_heat_pump_cond']	0.00000000000000000000000000000000000000000000000000
Streams_Q['osmose_default_model_DefaultHeatCascade','heat_pump1_heat_pump_evap']	0.00000000000000000000000000000000000000000000000000
Streams_Q['osmose_default_model_DefaultHeatCascade','heat_pump1_heat_pump_desuph']	0.00000000000000000000000000000000000000000000000000
Streams_Q['osmose_default_model_DefaultHeatCascade','heat_pump1_heat_pump_cond']	0.00000000000000000000000000000000000000000000000000
Streams_Q['osmose_default_model_DefaultHeatCascade','demand_profiles_district_heating_dhn_load']	19462.60870000000068102963268756866455078125000000000000
Streams_Q['osmose_default_model_DefaultHeatCascade','cridor_heat_cridor_dhn_cridor']	10100.00000000000000000000000000000000000000000000000000
Streams_Q['osmose_default_model_DefaultHeatCascade','gas_boiler_gas_boiler_gas_boilerst']	6792.96870000000126310624182224273681640625000000000000
Streams_Q['osmose_default_model_DefaultHeatCascade','wood_boiler_wood_boiler_wood_boilerst']	2569.63999999999987267074175179004669189453125000000000
HC_Rk['osmose_default_model_DefaultHeatCascade','osmose_default_model_def_location',1]	0.00000000000000000000000000000000000000000000000000
HC_Rk['osmose_default_model_DefaultHeatCascade','osmose_default_model_def_location',2]	0.00000000000000000000000000000000000000000000000000
HC_Rk['osmose_default_model_DefaultHeatCascade','osmose_default_model_def_location',3]	0.00000000000000000000000000000000000000000000000000
HC_Rk['osmose_default_model_DefaultHeatCascade','osmose_default_model_def_location',4]	0.00000000000000000000000000000000000000000000000000
HC_Rk['osmose_default_model_DefaultHeatCascade','osmose_default_model_def_location',5]	0.00000000000000000000000000000000000000000000000000
HC_Rk['osmose_default_model_DefaultHeatCascade','osmose_default_model_def_location',6]	2703.14009722222181153483688831329345703125000000000000
HC_Rk['osmose_default_model_DefaultHeatCascade','osmose_default_model_def_location',7]	6435.52781786277228093240410089492797851562500000000000
HC_Rk['osmose_default_model_DefaultHeatCascade','osmose_default_model_def_location',8]	2451.81255771568430645857006311416625976562500000000000
HC_Rk['osmose_default_model_DefaultHeatCascade','osmose_default_model_def_location',9]	2431.01778497059922301559709012508392333984375000000000
HC_Rk['osmose_default_model_DefaultHeatCascade','osmose_default_model_def_location',10]	0.00000000000000000000000000000000000000000000000000
ObjectiveFunction	67928914.36842106282711029052734375000000000000000000000000
