Units_Mult['elec_prod_steam_steam_network']	0.01005159766817780887804278933117529959417879581451
Units_Mult['elec_prod_steam_wood_boiler_debrosse']	0.23580000000000000959232693276135250926017761230469
Units_Mult['elec_prod_utilities_wood_boiler']	1.00000000000000000000000000000000000000000000000000
Units_Mult['elec_prod_steam_geo_deep']	0.00007242452178626845871178829838754609227180480957
Units_Mult['elec_prod_steam_cold_source']	0.00026017836191470731111580194649945951823610812426
Units_Mult['elec_prod_utilities_heat_cridor']	1.00000000000000000000000000000000000000000000000000
Units_Mult['elec_prod_utilities_gas_boiler']	5037.05328397089033387601375579833984375000000000000000
Units_Mult['elec_prod_dhn_dh_network']	2.02956099667874934056044367025606334209442138671875
Units_Mult['elec_prod_demand_dh_demand_district_heating']	1.00000000000000000000000000000000000000000000000000
Units_Use['elec_prod_steam_steam_network']	1.00000000000000000000000000000000000000000000000000
Units_Use['elec_prod_steam_wood_boiler_debrosse']	1.00000000000000000000000000000000000000000000000000
Units_Use['elec_prod_utilities_wood_boiler']	1.00000000000000000000000000000000000000000000000000
Units_Use['elec_prod_steam_geo_deep']	1.00000000000000000000000000000000000000000000000000
Units_Use['elec_prod_steam_cold_source']	1.00000000000000000000000000000000000000000000000000
Units_Use['elec_prod_utilities_heat_cridor']	1.00000000000000000000000000000000000000000000000000
Units_Use['elec_prod_utilities_gas_boiler']	1.00000000000000000000000000000000000000000000000000
Units_Use['elec_prod_dhn_dh_network']	1.00000000000000000000000000000000000000000000000000
Units_Use['elec_prod_demand_dh_demand_district_heating']	1.00000000000000000000000000000000000000000000000000
Streams_Cost['osmose_default_model_DefaultOpCost','mand_district_heating_demand_district_heating_Cost','elec_prod_demand_dh_demand_district_heating']	0.00000000000000000000000000000000000000000000000000
Streams_Cost['osmose_default_model_DefaultOpCost','elec_prod_steam_network_steam_network_Cost','elec_prod_steam_steam_network']	-300120.24024140567053109407424926757812500000000000000000
Streams_Cost['osmose_default_model_DefaultOpCost','rod_wood_boiler_debrosse_wood_boiler_debrosse_Cost','elec_prod_steam_wood_boiler_debrosse']	66098.80251132632838562130928039550781250000000000000000
Streams_Cost['osmose_default_model_DefaultOpCost','elec_prod_wood_boiler_wood_boiler_Cost','elec_prod_utilities_wood_boiler']	584254.98947368422523140907287597656250000000000000000000
Streams_Cost['osmose_default_model_DefaultOpCost','elec_prod_geo_deep_geo_deep_Cost','elec_prod_steam_geo_deep']	0.06901607894196308545797791111908736638724803924561
Streams_Cost['osmose_default_model_DefaultOpCost','elec_prod_cold_source_cold_source_Cost','elec_prod_steam_cold_source']	0.00260178361914707289431758496789370838087052106857
Streams_Cost['osmose_default_model_DefaultOpCost','elec_prod_heat_cridor_heat_cridor_Cost','elec_prod_utilities_heat_cridor']	0.00000000000000000000000000000000000000000000000000
Streams_Cost['osmose_default_model_DefaultOpCost','elec_prod_gas_boiler_gas_boiler_Cost','elec_prod_utilities_gas_boiler']	2432528.17128350306302309036254882812500000000000000000000
Streams_Cost['osmose_default_model_DefaultOpCost','elec_prod_dh_network_dh_network_Cost','elec_prod_dhn_dh_network']	0.00000000000000000000000000000000000000000000000000
Streams_Cost['osmose_default_model_DefaultInvCost','mand_district_heating_demand_district_heating_Cinv','elec_prod_demand_dh_demand_district_heating']	0.00000000000000000000000000000000000000000000000000
Streams_Cost['osmose_default_model_DefaultInvCost','elec_prod_steam_network_steam_network_Cinv','elec_prod_steam_steam_network']	0.00000000000000000000000000000000000000000000000000
Streams_Cost['osmose_default_model_DefaultInvCost','rod_wood_boiler_debrosse_wood_boiler_debrosse_Cinv','elec_prod_steam_wood_boiler_debrosse']	0.00000000000000000000000000000000000000000000000000
Streams_Cost['osmose_default_model_DefaultInvCost','elec_prod_wood_boiler_wood_boiler_Cinv','elec_prod_utilities_wood_boiler']	0.00000000000000000000000000000000000000000000000000
Streams_Cost['osmose_default_model_DefaultInvCost','elec_prod_geo_deep_geo_deep_Cinv','elec_prod_steam_geo_deep']	3360000.00000000000000000000000000000000000000000000000000
Streams_Cost['osmose_default_model_DefaultInvCost','elec_prod_cold_source_cold_source_Cinv','elec_prod_steam_cold_source']	0.00000000000000000000000000000000000000000000000000
Streams_Cost['osmose_default_model_DefaultInvCost','elec_prod_heat_cridor_heat_cridor_Cinv','elec_prod_utilities_heat_cridor']	0.00000000000000000000000000000000000000000000000000
Streams_Cost['osmose_default_model_DefaultInvCost','elec_prod_gas_boiler_gas_boiler_Cinv','elec_prod_utilities_gas_boiler']	0.00000000000000000000000000000000000000000000000000
Streams_Cost['osmose_default_model_DefaultInvCost','elec_prod_dh_network_dh_network_Cinv','elec_prod_dhn_dh_network']	0.00000000000000000000000000000000000000000000000000
Streams_Cost['osmose_default_model_DefaultMechPower','and_district_heating_demand_district_heating_Power','elec_prod_demand_dh_demand_district_heating']	0.00000000000000000000000000000000000000000000000000
Streams_Cost['osmose_default_model_DefaultMechPower','elec_prod_steam_network_steam_network_Power','elec_prod_steam_steam_network']	-82.31254134598620453289186116307973861694335937500000
Streams_Cost['osmose_default_model_DefaultMechPower','od_wood_boiler_debrosse_wood_boiler_debrosse_Power','elec_prod_steam_wood_boiler_debrosse']	0.00000000000000000000000000000000000000000000000000
Streams_Cost['osmose_default_model_DefaultMechPower','elec_prod_wood_boiler_wood_boiler_Power','elec_prod_utilities_wood_boiler']	0.00000000000000000000000000000000000000000000000000
Streams_Cost['osmose_default_model_DefaultMechPower','elec_prod_geo_deep_geo_deep_Power','elec_prod_steam_geo_deep']	0.00012780755359622793221850700629005359587608836591
Streams_Cost['osmose_default_model_DefaultMechPower','elec_prod_cold_source_cold_source_Power','elec_prod_steam_cold_source']	0.00000000000000000000000000000000000000000000000000
Streams_Cost['osmose_default_model_DefaultMechPower','elec_prod_heat_cridor_heat_cridor_Power','elec_prod_utilities_heat_cridor']	0.00000000000000000000000000000000000000000000000000
Streams_Cost['osmose_default_model_DefaultMechPower','elec_prod_gas_boiler_gas_boiler_Power','elec_prod_utilities_gas_boiler']	0.00000000000000000000000000000000000000000000000000
Streams_Cost['osmose_default_model_DefaultMechPower','elec_prod_dh_network_dh_network_Power','elec_prod_dhn_dh_network']	0.00000000000000000000000000000000000000000000000000
Units_Cost['osmose_default_model_DefaultOpCost','elec_prod_demand_dh_demand_district_heating']	0.00000000000000000000000000000000000000000000000000
Units_Cost['osmose_default_model_DefaultOpCost','elec_prod_steam_steam_network']	-300120.24024140567053109407424926757812500000000000000000
Units_Cost['osmose_default_model_DefaultOpCost','elec_prod_steam_wood_boiler_debrosse']	66098.80251132632838562130928039550781250000000000000000
Units_Cost['osmose_default_model_DefaultOpCost','elec_prod_utilities_wood_boiler']	584254.98947368422523140907287597656250000000000000000000
Units_Cost['osmose_default_model_DefaultOpCost','elec_prod_steam_geo_deep']	0.06901607894196308545797791111908736638724803924561
Units_Cost['osmose_default_model_DefaultOpCost','elec_prod_steam_cold_source']	0.00260178361914707289431758496789370838087052106857
Units_Cost['osmose_default_model_DefaultOpCost','elec_prod_utilities_heat_cridor']	0.00000000000000000000000000000000000000000000000000
Units_Cost['osmose_default_model_DefaultOpCost','elec_prod_utilities_gas_boiler']	2432528.17128350306302309036254882812500000000000000000000
Units_Cost['osmose_default_model_DefaultOpCost','elec_prod_dhn_dh_network']	0.00000000000000000000000000000000000000000000000000
Units_Cost['osmose_default_model_DefaultInvCost','elec_prod_demand_dh_demand_district_heating']	0.00000000000000000000000000000000000000000000000000
Units_Cost['osmose_default_model_DefaultInvCost','elec_prod_steam_steam_network']	0.00000000000000000000000000000000000000000000000000
Units_Cost['osmose_default_model_DefaultInvCost','elec_prod_steam_wood_boiler_debrosse']	0.00000000000000000000000000000000000000000000000000
Units_Cost['osmose_default_model_DefaultInvCost','elec_prod_utilities_wood_boiler']	0.00000000000000000000000000000000000000000000000000
Units_Cost['osmose_default_model_DefaultInvCost','elec_prod_steam_geo_deep']	3360000.00000000000000000000000000000000000000000000000000
Units_Cost['osmose_default_model_DefaultInvCost','elec_prod_steam_cold_source']	0.00000000000000000000000000000000000000000000000000
Units_Cost['osmose_default_model_DefaultInvCost','elec_prod_utilities_heat_cridor']	0.00000000000000000000000000000000000000000000000000
Units_Cost['osmose_default_model_DefaultInvCost','elec_prod_utilities_gas_boiler']	0.00000000000000000000000000000000000000000000000000
Units_Cost['osmose_default_model_DefaultInvCost','elec_prod_dhn_dh_network']	0.00000000000000000000000000000000000000000000000000
Units_Cost['osmose_default_model_DefaultMechPower','elec_prod_demand_dh_demand_district_heating']	0.00000000000000000000000000000000000000000000000000
Units_Cost['osmose_default_model_DefaultMechPower','elec_prod_steam_steam_network']	-82.31254134598620453289186116307973861694335937500000
Units_Cost['osmose_default_model_DefaultMechPower','elec_prod_steam_wood_boiler_debrosse']	0.00000000000000000000000000000000000000000000000000
Units_Cost['osmose_default_model_DefaultMechPower','elec_prod_utilities_wood_boiler']	0.00000000000000000000000000000000000000000000000000
Units_Cost['osmose_default_model_DefaultMechPower','elec_prod_steam_geo_deep']	0.00012780755359622793221850700629005359587608836591
Units_Cost['osmose_default_model_DefaultMechPower','elec_prod_steam_cold_source']	0.00000000000000000000000000000000000000000000000000
Units_Cost['osmose_default_model_DefaultMechPower','elec_prod_utilities_heat_cridor']	0.00000000000000000000000000000000000000000000000000
Units_Cost['osmose_default_model_DefaultMechPower','elec_prod_utilities_gas_boiler']	0.00000000000000000000000000000000000000000000000000
Units_Cost['osmose_default_model_DefaultMechPower','elec_prod_dhn_dh_network']	0.00000000000000000000000000000000000000000000000000
Locations_Cost['osmose_default_model_DefaultOpCost','osmose_default_model_def_location']	2782761.79464497091248631477355957031250000000000000000000
Locations_Cost['osmose_default_model_DefaultInvCost','osmose_default_model_def_location']	3360000.00000000000000000000000000000000000000000000000000
Locations_Cost['osmose_default_model_DefaultMechPower','osmose_default_model_def_location']	-82.31241353843260810663196025416254997253417968750000
Costs_Cost['osmose_default_model_DefaultOpCost']	2782761.79464497091248631477355957031250000000000000000000
Costs_Cost['osmose_default_model_DefaultInvCost']	3360000.00000000000000000000000000000000000000000000000000
Costs_Cost['osmose_default_model_DefaultMechPower']	-82.31241353843260810663196025416254997253417968750000
Elec_buy	0.00000000000000000000000000000000000000000000000000
Elec_sell	82.31241353843260810663196025416254997253417968750000
YearlyOperatingCost	0.00000000000000000000000000000000000000000000000000
HC_Streams_Mult['osmose_default_model_DefaultHeatCascade','elec_prod_steam_network_preheat1']	0.01005159766817780887804278933117529959417879581451
HC_Streams_Mult['osmose_default_model_DefaultHeatCascade','elec_prod_steam_network_preheat2']	0.01005159766817780887804278933117529959417879581451
HC_Streams_Mult['osmose_default_model_DefaultHeatCascade','elec_prod_steam_network_preheat3']	0.01005159766817780714331931335436820518225431442261
HC_Streams_Mult['osmose_default_model_DefaultHeatCascade','elec_prod_steam_network_evap']	0.01005159766817780887804278933117529959417879581451
HC_Streams_Mult['osmose_default_model_DefaultHeatCascade','elec_prod_steam_network_supheat']	0.01005159766817780887804278933117529959417879581451
HC_Streams_Mult['osmose_default_model_DefaultHeatCascade','elec_prod_steam_network_resupheat1']	0.01005159766817780887804278933117529959417879581451
HC_Streams_Mult['osmose_default_model_DefaultHeatCascade','elec_prod_steam_network_resupheat2']	0.01005159766817780887804278933117529959417879581451
HC_Streams_Mult['osmose_default_model_DefaultHeatCascade','elec_prod_steam_network_drawoff1']	0.01005159766817780887804278933117529959417879581451
HC_Streams_Mult['osmose_default_model_DefaultHeatCascade','elec_prod_steam_network_drawoff2']	0.01005159766817780887804278933117529959417879581451
HC_Streams_Mult['osmose_default_model_DefaultHeatCascade','elec_prod_steam_network_condensation']	0.01005159766817780887804278933117529959417879581451
HC_Streams_Mult['osmose_default_model_DefaultHeatCascade','elec_prod_wood_boiler_wood_boiler_actual']	1.00000000000000000000000000000000000000000000000000
HC_Streams_Mult['osmose_default_model_DefaultHeatCascade','elec_prod_wood_boiler_debrosse_wood_boiler_steam']	0.23580000000000000959232693276135250926017761230469
HC_Streams_Mult['osmose_default_model_DefaultHeatCascade','elec_prod_geo_deep_geo_heat']	0.00007242452178626845871178829838754609227180480957
HC_Streams_Mult['osmose_default_model_DefaultHeatCascade','elec_prod_cold_source_cold_source_load']	0.00026017836191470731111580194649945951823610812426
HC_Streams_Mult['osmose_default_model_DefaultHeatCascade','elec_prod_heat_cridor_dhn_cridor']	1.00000000000000000000000000000000000000000000000000
HC_Streams_Mult['osmose_default_model_DefaultHeatCascade','elec_prod_gas_boiler_gas_boilerst']	5037.05328397089033387601375579833984375000000000000000
HC_Streams_Mult['osmose_default_model_DefaultHeatCascade','elec_prod_dh_network_dhn_load']	2.02956099667874934056044367025606334209442138671875
HC_Streams_Mult['osmose_default_model_DefaultHeatCascade','elec_prod_dh_network_dhn_sink']	2.02956099667874934056044367025606334209442138671875
HC_Streams_Mult['osmose_default_model_DefaultHeatCascade','elec_prod_demand_district_heating_dh_load1']	1.00000000000000000000000000000000000000000000000000
HC_Streams_Mult['osmose_default_model_DefaultHeatCascade','elec_prod_demand_district_heating_dh_load2']	1.00000000000000000000000000000000000000000000000000
HC_Streams_Mult['osmose_default_model_DefaultHeatCascade','elec_prod_demand_district_heating_dh_load3']	1.00000000000000000000000000000000000000000000000000
Streams_Q['osmose_default_model_DefaultHeatCascade','elec_prod_steam_network_preheat1']	0.29919083039214655617143989729811437427997589111328
Streams_Q['osmose_default_model_DefaultHeatCascade','elec_prod_steam_network_preheat2']	0.03787944581252807724203179873256885912269353866577
Streams_Q['osmose_default_model_DefaultHeatCascade','elec_prod_steam_network_preheat3']	107.28070191246173692434240365400910377502441406250000
Streams_Q['osmose_default_model_DefaultHeatCascade','elec_prod_steam_network_evap']	154.19351854938122414750978350639343261718750000000000
Streams_Q['osmose_default_model_DefaultHeatCascade','elec_prod_steam_network_supheat']	26.73915960090992527398157108109444379806518554687500
Streams_Q['osmose_default_model_DefaultHeatCascade','elec_prod_steam_network_resupheat1']	9.70386264684719712647620326606556773185729980468750
Streams_Q['osmose_default_model_DefaultHeatCascade','elec_prod_steam_network_resupheat2']	0.01125175842975823826963566176573294796980917453766
Streams_Q['osmose_default_model_DefaultHeatCascade','elec_prod_steam_network_drawoff1']	184.65589044256088868678489234298467636108398437500000
Streams_Q['osmose_default_model_DefaultHeatCascade','elec_prod_steam_network_drawoff2']	21.73034796688024172794939659070223569869995117187500
Streams_Q['osmose_default_model_DefaultHeatCascade','elec_prod_steam_network_condensation']	2.59034697707776206954122244496829807758331298828125
Streams_Q['osmose_default_model_DefaultHeatCascade','elec_prod_wood_boiler_wood_boiler_actual']	2569.63999999999987267074175179004669189453125000000000
Streams_Q['osmose_default_model_DefaultHeatCascade','elec_prod_wood_boiler_debrosse_wood_boiler_steam']	290.71232586000002129367203451693058013916015625000000
Streams_Q['osmose_default_model_DefaultHeatCascade','elec_prod_geo_deep_geo_heat']	0.08515314597510949268244218046675086952745914459229
Streams_Q['osmose_default_model_DefaultHeatCascade','elec_prod_cold_source_cold_source_load']	2.60178361914707290125647887180093675851821899414062
Streams_Q['osmose_default_model_DefaultHeatCascade','elec_prod_heat_cridor_dhn_cridor']	10100.00000000000000000000000000000000000000000000000000
Streams_Q['osmose_default_model_DefaultHeatCascade','elec_prod_gas_boiler_gas_boilerst']	5037.05328397089033387601375579833984375000000000000000
Streams_Q['osmose_default_model_DefaultHeatCascade','elec_prod_dh_network_dhn_load']	39500.55151114049658644944429397583007812500000000000000
Streams_Q['osmose_default_model_DefaultHeatCascade','elec_prod_dh_network_dhn_sink']	39500.55151114049658644944429397583007812500000000000000
Streams_Q['osmose_default_model_DefaultHeatCascade','elec_prod_demand_district_heating_dh_load1']	471.19999999999998863131622783839702606201171875000000
Streams_Q['osmose_default_model_DefaultHeatCascade','elec_prod_demand_district_heating_dh_load2']	16550.90000000000145519152283668518066406250000000000000
Streams_Q['osmose_default_model_DefaultHeatCascade','elec_prod_demand_district_heating_dh_load3']	883.50000000000000000000000000000000000000000000000000
HC_HTS_Rk['osmose_default_model_DefaultHeatCascade','osmose_default_model_def_location',1]	0.00000000000000000000000000000000000000000000000000
HC_HTS_Rk['osmose_default_model_DefaultHeatCascade','osmose_default_model_def_location',2]	0.00000000000000000000000000000000000000000000000000
HC_HTS_Rk['osmose_default_model_DefaultHeatCascade','osmose_default_model_def_location',3]	0.00000000000000000000000000000000000000000000000000
HC_HTS_Rk['osmose_default_model_DefaultHeatCascade','osmose_default_model_def_location',4]	0.00000000000000000000000000000000000000000000000000
HC_HTS_Rk['osmose_default_model_DefaultHeatCascade','osmose_default_model_def_location',5]	0.00000000000000000000000000000000000000000000000000
HC_HTS_Rk['osmose_default_model_DefaultHeatCascade','osmose_default_model_def_location',6]	0.00000000000000000000000000000000000000000000000000
HC_HTS_Rk['osmose_default_model_DefaultHeatCascade','osmose_default_model_def_location',7]	0.00000000000000000000000000000000000000000000000000
HC_HTS_Rk['osmose_default_model_DefaultHeatCascade','osmose_default_model_def_location',8]	-0.00000000000022737367544323205947875976562500000000
HC_HTS_Rk['osmose_default_model_DefaultHeatCascade','osmose_default_model_def_location',9]	3029.36312964187209217925556004047393798828125000000000
HC_HTS_Rk['osmose_default_model_DefaultHeatCascade','osmose_default_model_def_location',10]	1009.78770988062376545713050290942192077636718750000000
HC_HTS_Rk['osmose_default_model_DefaultHeatCascade','osmose_default_model_def_location',11]	1009.79674249293384491465985774993896484375000000000000
HC_HTS_Rk['osmose_default_model_DefaultHeatCascade','osmose_default_model_def_location',12]	0.00000000000000000000000000000000000000000000000000
HC_HTS_Rk['osmose_default_model_DefaultHeatCascade','osmose_default_model_def_location',13]	0.00000000000000000000000000000000000000000000000000
HC_HTS_Rk['osmose_default_model_DefaultHeatCascade','osmose_default_model_def_location',14]	0.00000000000000000000000000000000000000000000000000
HC_HTS_Rk['osmose_default_model_DefaultHeatCascade','osmose_default_model_def_location',15]	0.00000000000000000000000000000000000000000000000000
HC_HTS_Rk['osmose_default_model_DefaultHeatCascade','osmose_default_model_def_location',16]	0.00000000000000000000000000000000000000000000000000
HC_HTS_Rk['osmose_default_model_DefaultHeatCascade','osmose_default_model_def_location',17]	0.00000000000000000000000000000000000000000000000000
HC_HTS_Rk['osmose_default_model_DefaultHeatCascade','osmose_default_model_def_location',18]	0.00000000000000000000000000000000000000000000000000
HC_Nodes_Rk['osmose_default_model_DefaultHeatCascade','osmose_default_model_def_location','elec_prod_utilities',1]	0.00000000000000000000000000000000000000000000000000
HC_Nodes_Rk['osmose_default_model_DefaultHeatCascade','osmose_default_model_def_location','elec_prod_utilities',2]	0.00000000000000000000000000000000000000000000000000
HC_Nodes_Rk['osmose_default_model_DefaultHeatCascade','osmose_default_model_def_location','elec_prod_utilities',3]	0.00000000000000000000000000000000000000000000000000
HC_Nodes_Rk['osmose_default_model_DefaultHeatCascade','osmose_default_model_def_location','elec_prod_utilities',4]	0.00000000000000000000000000000000000000000000000000
HC_Nodes_Rk['osmose_default_model_DefaultHeatCascade','osmose_default_model_def_location','elec_prod_utilities',5]	0.00000000000000000000000000000000000000000000000000
HC_Nodes_Rk['osmose_default_model_DefaultHeatCascade','osmose_default_model_def_location','elec_prod_utilities',6]	0.00000000000000000000000000000000000000000000000000
HC_Nodes_Rk['osmose_default_model_DefaultHeatCascade','osmose_default_model_def_location','elec_prod_utilities',7]	0.00000000000000000000000000000000000000000000000000
HC_Nodes_Rk['osmose_default_model_DefaultHeatCascade','osmose_default_model_def_location','elec_prod_utilities',8]	0.00000000000000000000000000000000000000000000000000
HC_Nodes_Rk['osmose_default_model_DefaultHeatCascade','osmose_default_model_def_location','elec_prod_utilities',9]	5892.16256252883249544538557529449462890625000000000000
HC_Nodes_Rk['osmose_default_model_DefaultHeatCascade','osmose_default_model_def_location','elec_prod_utilities',10]	7911.73798229008025373332202434539794921875000000000000
HC_Nodes_Rk['osmose_default_model_DefaultHeatCascade','osmose_default_model_def_location','elec_prod_utilities',11]	7911.73798229008025373332202434539794921875000000000000
HC_Nodes_Rk['osmose_default_model_DefaultHeatCascade','osmose_default_model_def_location','elec_prod_utilities',12]	8921.60590963759204896632581949234008789062500000000000
HC_Nodes_Rk['osmose_default_model_DefaultHeatCascade','osmose_default_model_def_location','elec_prod_utilities',13]	8928.79294816189030825626105070114135742187500000000000
HC_Nodes_Rk['osmose_default_model_DefaultHeatCascade','osmose_default_model_def_location','elec_prod_utilities',14]	2446.54481146759781040600501000881195068359375000000000
HC_Nodes_Rk['osmose_default_model_DefaultHeatCascade','osmose_default_model_def_location','elec_prod_utilities',15]	2431.01778497059922301559709012508392333984375000000000
HC_Nodes_Rk['osmose_default_model_DefaultHeatCascade','osmose_default_model_def_location','elec_prod_utilities',16]	2035.05451751631835577427409589290618896484375000000000
HC_Nodes_Rk['osmose_default_model_DefaultHeatCascade','osmose_default_model_def_location','elec_prod_utilities',17]	1771.99114005502497093402780592441558837890625000000000
HC_Nodes_Rk['osmose_default_model_DefaultHeatCascade','osmose_default_model_def_location','elec_prod_utilities',18]	0.00000000000000000000000000000000000000000000000000
HC_Nodes_Rk['osmose_default_model_DefaultHeatCascade','osmose_default_model_def_location','elec_prod_steam',1]	0.00000000000000000000000000000000000000000000000000
HC_Nodes_Rk['osmose_default_model_DefaultHeatCascade','osmose_default_model_def_location','elec_prod_steam',2]	2.60178361914660172260482795536518096923828125000000
HC_Nodes_Rk['osmose_default_model_DefaultHeatCascade','osmose_default_model_def_location','elec_prod_steam',3]	0.01143664206884409395570401102304458618164062500000
HC_Nodes_Rk['osmose_default_model_DefaultHeatCascade','osmose_default_model_def_location','elec_prod_steam',4]	0.00000000000000000000000000000000000000000000000000
HC_Nodes_Rk['osmose_default_model_DefaultHeatCascade','osmose_default_model_def_location','elec_prod_steam',5]	0.00000000000000000000000000000000000000000000000000
HC_Nodes_Rk['osmose_default_model_DefaultHeatCascade','osmose_default_model_def_location','elec_prod_steam',6]	0.04064675536727690996485762298107147216796875000000
HC_Nodes_Rk['osmose_default_model_DefaultHeatCascade','osmose_default_model_def_location','elec_prod_steam',7]	0.08580981688754718561540357768535614013671875000000
HC_Nodes_Rk['osmose_default_model_DefaultHeatCascade','osmose_default_model_def_location','elec_prod_steam',8]	0.15807071532003647007513791322708129882812500000000
HC_Nodes_Rk['osmose_default_model_DefaultHeatCascade','osmose_default_model_def_location','elec_prod_steam',9]	184.65173408600915649913076777011156082153320312500000
HC_Nodes_Rk['osmose_default_model_DefaultHeatCascade','osmose_default_model_def_location','elec_prod_steam',10]	0.00000000000000000000000000000000000000000000000000
HC_Nodes_Rk['osmose_default_model_DefaultHeatCascade','osmose_default_model_def_location','elec_prod_steam',11]	0.00000000000000000000000000000000000000000000000000
HC_Nodes_Rk['osmose_default_model_DefaultHeatCascade','osmose_default_model_def_location','elec_prod_steam',12]	0.00000000000000000000000000000000000000000000000000
HC_Nodes_Rk['osmose_default_model_DefaultHeatCascade','osmose_default_model_def_location','elec_prod_steam',13]	0.00000000000000000000000000000000000000000000000000
HC_Nodes_Rk['osmose_default_model_DefaultHeatCascade','osmose_default_model_def_location','elec_prod_steam',14]	12.39673513496495615981984883546829223632812500000000
HC_Nodes_Rk['osmose_default_model_DefaultHeatCascade','osmose_default_model_def_location','elec_prod_steam',15]	12.43213522440481710873427800834178924560546875000000
HC_Nodes_Rk['osmose_default_model_DefaultHeatCascade','osmose_default_model_def_location','elec_prod_steam',16]	46.13797638370206755098479334264993667602539062500000
HC_Nodes_Rk['osmose_default_model_DefaultHeatCascade','osmose_default_model_def_location','elec_prod_steam',17]	198.93140293494346337865863461047410964965820312500000
HC_Nodes_Rk['osmose_default_model_DefaultHeatCascade','osmose_default_model_def_location','elec_prod_steam',18]	0.00000000000000000000000000000000000000000000000000
HC_Nodes_Rk['osmose_default_model_DefaultHeatCascade','osmose_default_model_def_location','elec_prod_demand_dh',1]	0.00000000000000000000000000000000000000000000000000
HC_Nodes_Rk['osmose_default_model_DefaultHeatCascade','osmose_default_model_def_location','elec_prod_demand_dh',2]	0.00000000000000000000000000000000000000000000000000
HC_Nodes_Rk['osmose_default_model_DefaultHeatCascade','osmose_default_model_def_location','elec_prod_demand_dh',3]	30.46551724138043937273323535919189453125000000000000
HC_Nodes_Rk['osmose_default_model_DefaultHeatCascade','osmose_default_model_def_location','elec_prod_demand_dh',4]	112.04303275862184818834066390991210937500000000000000
HC_Nodes_Rk['osmose_default_model_DefaultHeatCascade','osmose_default_model_def_location','elec_prod_demand_dh',5]	609.31034482758695958182215690612792968750000000000000
HC_Nodes_Rk['osmose_default_model_DefaultHeatCascade','osmose_default_model_def_location','elec_prod_demand_dh',6]	883.50000000000000000000000000000000000000000000000000
HC_Nodes_Rk['osmose_default_model_DefaultHeatCascade','osmose_default_model_def_location','elec_prod_demand_dh',7]	17434.40000000000145519152283668518066406250000000000000
HC_Nodes_Rk['osmose_default_model_DefaultHeatCascade','osmose_default_model_def_location','elec_prod_demand_dh',8]	9127.69966419100455823354423046112060546875000000000000
HC_Nodes_Rk['osmose_default_model_DefaultHeatCascade','osmose_default_model_def_location','elec_prod_demand_dh',9]	0.00000000000000000000000000000000000000000000000000
HC_Nodes_Rk['osmose_default_model_DefaultHeatCascade','osmose_default_model_def_location','elec_prod_demand_dh',10]	0.00000000000000000000000000000000000000000000000000
HC_Nodes_Rk['osmose_default_model_DefaultHeatCascade','osmose_default_model_def_location','elec_prod_demand_dh',11]	0.00000000000000000000000000000000000000000000000000
HC_Nodes_Rk['osmose_default_model_DefaultHeatCascade','osmose_default_model_def_location','elec_prod_demand_dh',12]	0.00000000000000000000000000000000000000000000000000
HC_Nodes_Rk['osmose_default_model_DefaultHeatCascade','osmose_default_model_def_location','elec_prod_demand_dh',13]	0.00000000000000000000000000000000000000000000000000
HC_Nodes_Rk['osmose_default_model_DefaultHeatCascade','osmose_default_model_def_location','elec_prod_demand_dh',14]	0.00000000000000000000000000000000000000000000000000
HC_Nodes_Rk['osmose_default_model_DefaultHeatCascade','osmose_default_model_def_location','elec_prod_demand_dh',15]	0.00000000000000000000000000000000000000000000000000
HC_Nodes_Rk['osmose_default_model_DefaultHeatCascade','osmose_default_model_def_location','elec_prod_demand_dh',16]	0.00000000000000000000000000000000000000000000000000
HC_Nodes_Rk['osmose_default_model_DefaultHeatCascade','osmose_default_model_def_location','elec_prod_demand_dh',17]	0.00000000000000000000000000000000000000000000000000
HC_Nodes_Rk['osmose_default_model_DefaultHeatCascade','osmose_default_model_def_location','elec_prod_demand_dh',18]	0.00000000000000000000000000000000000000000000000000
HC_Rk['osmose_default_model_DefaultHeatCascade','osmose_default_model_def_location',1]	0.00000000000000000000000000000000000000000000000000
HC_Rk['osmose_default_model_DefaultHeatCascade','osmose_default_model_def_location',2]	2.60178361914660172260482795536518096923828125000000
HC_Rk['osmose_default_model_DefaultHeatCascade','osmose_default_model_def_location',3]	30.47695388344928346668893937021493911743164062500000
HC_Rk['osmose_default_model_DefaultHeatCascade','osmose_default_model_def_location',4]	112.04303275862184818834066390991210937500000000000000
HC_Rk['osmose_default_model_DefaultHeatCascade','osmose_default_model_def_location',5]	609.31034482758695958182215690612792968750000000000000
HC_Rk['osmose_default_model_DefaultHeatCascade','osmose_default_model_def_location',6]	883.54064675536733375338371843099594116210937500000000
HC_Rk['osmose_default_model_DefaultHeatCascade','osmose_default_model_def_location',7]	17434.48580981688792235217988491058349609375000000000000
HC_Rk['osmose_default_model_DefaultHeatCascade','osmose_default_model_def_location',8]	9127.85773490632527682464569807052612304687500000000000
HC_Rk['osmose_default_model_DefaultHeatCascade','osmose_default_model_def_location',9]	9106.17742625671417044941335916519165039062500000000000
HC_Rk['osmose_default_model_DefaultHeatCascade','osmose_default_model_def_location',10]	8921.52569217070413287729024887084960937500000000000000
HC_Rk['osmose_default_model_DefaultHeatCascade','osmose_default_model_def_location',11]	8921.53472478301409864798188209533691406250000000000000
HC_Rk['osmose_default_model_DefaultHeatCascade','osmose_default_model_def_location',12]	8921.60590963759204896632581949234008789062500000000000
HC_Rk['osmose_default_model_DefaultHeatCascade','osmose_default_model_def_location',13]	8928.79294816189030825626105070114135742187500000000000
HC_Rk['osmose_default_model_DefaultHeatCascade','osmose_default_model_def_location',14]	2458.94154660256299393950030207633972167968750000000000
HC_Rk['osmose_default_model_DefaultHeatCascade','osmose_default_model_def_location',15]	2443.44992019500386959407478570938110351562500000000000
HC_Rk['osmose_default_model_DefaultHeatCascade','osmose_default_model_def_location',16]	2081.19249390002050859038718044757843017578125000000000
HC_Rk['osmose_default_model_DefaultHeatCascade','osmose_default_model_def_location',17]	1970.92254298996840589097701013088226318359375000000000
HC_Rk['osmose_default_model_DefaultHeatCascade','osmose_default_model_def_location',18]	0.00000000000000000000000000000000000000000000000000
Qhtsmin['osmose_default_model_DefaultHeatCascade','osmose_default_model_def_location','elec_prod_utilities',1]	0.00000000000000000000000000000000000000000000000000
Qhtsmin['osmose_default_model_DefaultHeatCascade','osmose_default_model_def_location','elec_prod_utilities',2]	0.00000000000000000000000000000000000000000000000000
Qhtsmin['osmose_default_model_DefaultHeatCascade','osmose_default_model_def_location','elec_prod_utilities',3]	0.00000000000000000000000000000000000000000000000000
Qhtsmin['osmose_default_model_DefaultHeatCascade','osmose_default_model_def_location','elec_prod_utilities',4]	0.00000000000000000000000000000000000000000000000000
Qhtsmin['osmose_default_model_DefaultHeatCascade','osmose_default_model_def_location','elec_prod_utilities',5]	0.00000000000000000000000000000000000000000000000000
Qhtsmin['osmose_default_model_DefaultHeatCascade','osmose_default_model_def_location','elec_prod_utilities',6]	0.00000000000000000000000000000000000000000000000000
Qhtsmin['osmose_default_model_DefaultHeatCascade','osmose_default_model_def_location','elec_prod_utilities',7]	0.00000000000000000000000000000000000000000000000000
Qhtsmin['osmose_default_model_DefaultHeatCascade','osmose_default_model_def_location','elec_prod_utilities',8]	0.00000000000000000000000000000000000000000000000000
Qhtsmin['osmose_default_model_DefaultHeatCascade','osmose_default_model_def_location','elec_prod_utilities',9]	0.00000000000000000000000000000000000000000000000000
Qhtsmin['osmose_default_model_DefaultHeatCascade','osmose_default_model_def_location','elec_prod_utilities',10]	0.00000000000000000000000000000000000000000000000000
Qhtsmin['osmose_default_model_DefaultHeatCascade','osmose_default_model_def_location','elec_prod_utilities',11]	0.00000000000000000000000000000000000000000000000000
Qhtsmin['osmose_default_model_DefaultHeatCascade','osmose_default_model_def_location','elec_prod_utilities',12]	0.00000000000000000000000000000000000000000000000000
Qhtsmin['osmose_default_model_DefaultHeatCascade','osmose_default_model_def_location','elec_prod_utilities',13]	0.00000000000000000000000000000000000000000000000000
Qhtsmin['osmose_default_model_DefaultHeatCascade','osmose_default_model_def_location','elec_prod_utilities',14]	0.00000000000000000000000000000000000000000000000000
Qhtsmin['osmose_default_model_DefaultHeatCascade','osmose_default_model_def_location','elec_prod_utilities',15]	0.00000000000000000000000000000000000000000000000000
Qhtsmin['osmose_default_model_DefaultHeatCascade','osmose_default_model_def_location','elec_prod_utilities',16]	0.00000000000000000000000000000000000000000000000000
Qhtsmin['osmose_default_model_DefaultHeatCascade','osmose_default_model_def_location','elec_prod_utilities',17]	0.00000000000000000000000000000000000000000000000000
Qhtsmin['osmose_default_model_DefaultHeatCascade','osmose_default_model_def_location','elec_prod_utilities',18]	0.00000000000000000000000000000000000000000000000000
Qhtsmin['osmose_default_model_DefaultHeatCascade','osmose_default_model_def_location','elec_prod_steam',1]	7.26725599118393184028263931395485997200012207031250
Qhtsmin['osmose_default_model_DefaultHeatCascade','osmose_default_model_def_location','elec_prod_steam',2]	7.26725599118393184028263931395485997200012207031250
Qhtsmin['osmose_default_model_DefaultHeatCascade','osmose_default_model_def_location','elec_prod_steam',3]	7.26725599118393184028263931395485997200012207031250
Qhtsmin['osmose_default_model_DefaultHeatCascade','osmose_default_model_def_location','elec_prod_steam',4]	7.26725599118393184028263931395485997200012207031250
Qhtsmin['osmose_default_model_DefaultHeatCascade','osmose_default_model_def_location','elec_prod_steam',5]	7.26725599118393184028263931395485997200012207031250
Qhtsmin['osmose_default_model_DefaultHeatCascade','osmose_default_model_def_location','elec_prod_steam',6]	7.26725599118393184028263931395485997200012207031250
Qhtsmin['osmose_default_model_DefaultHeatCascade','osmose_default_model_def_location','elec_prod_steam',7]	7.26725599118393184028263931395485997200012207031250
Qhtsmin['osmose_default_model_DefaultHeatCascade','osmose_default_model_def_location','elec_prod_steam',8]	7.26725599118393184028263931395485997200012207031250
Qhtsmin['osmose_default_model_DefaultHeatCascade','osmose_default_model_def_location','elec_prod_steam',9]	7.26725599118393184028263931395485997200012207031250
Qhtsmin['osmose_default_model_DefaultHeatCascade','osmose_default_model_def_location','elec_prod_steam',10]	7.26725599118393184028263931395485997200012207031250
Qhtsmin['osmose_default_model_DefaultHeatCascade','osmose_default_model_def_location','elec_prod_steam',11]	7.25822337887990443050512112677097320556640625000000
Qhtsmin['osmose_default_model_DefaultHeatCascade','osmose_default_model_def_location','elec_prod_steam',12]	7.18703852429786138600320555269718170166015625000000
Qhtsmin['osmose_default_model_DefaultHeatCascade','osmose_default_model_def_location','elec_prod_steam',13]	0.00000000000000000000000000000000000000000000000000
Qhtsmin['osmose_default_model_DefaultHeatCascade','osmose_default_model_def_location','elec_prod_steam',14]	0.00000000000000000000000000000000000000000000000000
Qhtsmin['osmose_default_model_DefaultHeatCascade','osmose_default_model_def_location','elec_prod_steam',15]	0.00000000000000000000000000000000000000000000000000
Qhtsmin['osmose_default_model_DefaultHeatCascade','osmose_default_model_def_location','elec_prod_steam',16]	0.00000000000000000000000000000000000000000000000000
Qhtsmin['osmose_default_model_DefaultHeatCascade','osmose_default_model_def_location','elec_prod_steam',17]	0.00000000000000000000000000000000000000000000000000
Qhtsmin['osmose_default_model_DefaultHeatCascade','osmose_default_model_def_location','elec_prod_steam',18]	0.00000000000000000000000000000000000000000000000000
Qhtsmin['osmose_default_model_DefaultHeatCascade','osmose_default_model_def_location','elec_prod_demand_dh',1]	17905.60000000000218278728425502777099609375000000000000
Qhtsmin['osmose_default_model_DefaultHeatCascade','osmose_default_model_def_location','elec_prod_demand_dh',2]	17905.60000000000218278728425502777099609375000000000000
Qhtsmin['osmose_default_model_DefaultHeatCascade','osmose_default_model_def_location','elec_prod_demand_dh',3]	17905.60000000000218278728425502777099609375000000000000
Qhtsmin['osmose_default_model_DefaultHeatCascade','osmose_default_model_def_location','elec_prod_demand_dh',4]	17905.60000000000218278728425502777099609375000000000000
Qhtsmin['osmose_default_model_DefaultHeatCascade','osmose_default_model_def_location','elec_prod_demand_dh',5]	17905.60000000000218278728425502777099609375000000000000
Qhtsmin['osmose_default_model_DefaultHeatCascade','osmose_default_model_def_location','elec_prod_demand_dh',6]	17905.60000000000218278728425502777099609375000000000000
Qhtsmin['osmose_default_model_DefaultHeatCascade','osmose_default_model_def_location','elec_prod_demand_dh',7]	17905.60000000000218278728425502777099609375000000000000
Qhtsmin['osmose_default_model_DefaultHeatCascade','osmose_default_model_def_location','elec_prod_demand_dh',8]	9127.69966419100455823354423046112060546875000000000000
Qhtsmin['osmose_default_model_DefaultHeatCascade','osmose_default_model_def_location','elec_prod_demand_dh',9]	0.00000000000000000000000000000000000000000000000000
Qhtsmin['osmose_default_model_DefaultHeatCascade','osmose_default_model_def_location','elec_prod_demand_dh',10]	0.00000000000000000000000000000000000000000000000000
Qhtsmin['osmose_default_model_DefaultHeatCascade','osmose_default_model_def_location','elec_prod_demand_dh',11]	0.00000000000000000000000000000000000000000000000000
Qhtsmin['osmose_default_model_DefaultHeatCascade','osmose_default_model_def_location','elec_prod_demand_dh',12]	0.00000000000000000000000000000000000000000000000000
Qhtsmin['osmose_default_model_DefaultHeatCascade','osmose_default_model_def_location','elec_prod_demand_dh',13]	0.00000000000000000000000000000000000000000000000000
Qhtsmin['osmose_default_model_DefaultHeatCascade','osmose_default_model_def_location','elec_prod_demand_dh',14]	0.00000000000000000000000000000000000000000000000000
Qhtsmin['osmose_default_model_DefaultHeatCascade','osmose_default_model_def_location','elec_prod_demand_dh',15]	0.00000000000000000000000000000000000000000000000000
Qhtsmin['osmose_default_model_DefaultHeatCascade','osmose_default_model_def_location','elec_prod_demand_dh',16]	0.00000000000000000000000000000000000000000000000000
Qhtsmin['osmose_default_model_DefaultHeatCascade','osmose_default_model_def_location','elec_prod_demand_dh',17]	0.00000000000000000000000000000000000000000000000000
Qhtsmin['osmose_default_model_DefaultHeatCascade','osmose_default_model_def_location','elec_prod_demand_dh',18]	0.00000000000000000000000000000000000000000000000000
Qhtsplus['osmose_default_model_DefaultHeatCascade','osmose_default_model_def_location','elec_prod_utilities',1]	17706.69328397088975179940462112426757812500000000000000
Qhtsplus['osmose_default_model_DefaultHeatCascade','osmose_default_model_def_location','elec_prod_utilities',2]	17706.69328397088975179940462112426757812500000000000000
Qhtsplus['osmose_default_model_DefaultHeatCascade','osmose_default_model_def_location','elec_prod_utilities',3]	17706.69328397088975179940462112426757812500000000000000
Qhtsplus['osmose_default_model_DefaultHeatCascade','osmose_default_model_def_location','elec_prod_utilities',4]	17706.69328397088975179940462112426757812500000000000000
Qhtsplus['osmose_default_model_DefaultHeatCascade','osmose_default_model_def_location','elec_prod_utilities',5]	17706.69328397088975179940462112426757812500000000000000
Qhtsplus['osmose_default_model_DefaultHeatCascade','osmose_default_model_def_location','elec_prod_utilities',6]	17706.69328397088975179940462112426757812500000000000000
Qhtsplus['osmose_default_model_DefaultHeatCascade','osmose_default_model_def_location','elec_prod_utilities',7]	17706.69328397088975179940462112426757812500000000000000
Qhtsplus['osmose_default_model_DefaultHeatCascade','osmose_default_model_def_location','elec_prod_utilities',8]	17706.69328397088975179940462112426757812500000000000000
Qhtsplus['osmose_default_model_DefaultHeatCascade','osmose_default_model_def_location','elec_prod_utilities',9]	11814.53072144205725635401904582977294921875000000000000
Qhtsplus['osmose_default_model_DefaultHeatCascade','osmose_default_model_def_location','elec_prod_utilities',10]	9794.95530168080949806608259677886962890625000000000000
Qhtsplus['osmose_default_model_DefaultHeatCascade','osmose_default_model_def_location','elec_prod_utilities',11]	9794.95530168080949806608259677886962890625000000000000
Qhtsplus['osmose_default_model_DefaultHeatCascade','osmose_default_model_def_location','elec_prod_utilities',12]	8785.08737433329770283307880163192749023437500000000000
Qhtsplus['osmose_default_model_DefaultHeatCascade','osmose_default_model_def_location','elec_prod_utilities',13]	8777.90033580899944354314357042312622070312500000000000
Qhtsplus['osmose_default_model_DefaultHeatCascade','osmose_default_model_def_location','elec_prod_utilities',14]	0.00000000000000000000000000000000000000000000000000
Qhtsplus['osmose_default_model_DefaultHeatCascade','osmose_default_model_def_location','elec_prod_utilities',15]	0.00000000000000000000000000000000000000000000000000
Qhtsplus['osmose_default_model_DefaultHeatCascade','osmose_default_model_def_location','elec_prod_utilities',16]	0.00000000000000000000000000000000000000000000000000
Qhtsplus['osmose_default_model_DefaultHeatCascade','osmose_default_model_def_location','elec_prod_utilities',17]	0.00000000000000000000000000000000000000000000000000
Qhtsplus['osmose_default_model_DefaultHeatCascade','osmose_default_model_def_location','elec_prod_utilities',18]	0.00000000000000000000000000000000000000000000000000
Qhtsplus['osmose_default_model_DefaultHeatCascade','osmose_default_model_def_location','elec_prod_steam',1]	206.17397202029636105180543381720781326293945312500000
Qhtsplus['osmose_default_model_DefaultHeatCascade','osmose_default_model_def_location','elec_prod_steam',2]	206.17397202029678737744688987731933593750000000000000
Qhtsplus['osmose_default_model_DefaultHeatCascade','osmose_default_model_def_location','elec_prod_steam',3]	206.17397202029678737744688987731933593750000000000000
Qhtsplus['osmose_default_model_DefaultHeatCascade','osmose_default_model_def_location','elec_prod_steam',4]	206.17397202029678737744688987731933593750000000000000
Qhtsplus['osmose_default_model_DefaultHeatCascade','osmose_default_model_def_location','elec_prod_steam',5]	206.17397202029584946103568654507398605346679687500000
Qhtsplus['osmose_default_model_DefaultHeatCascade','osmose_default_model_def_location','elec_prod_steam',6]	206.17397202029678737744688987731933593750000000000000
Qhtsplus['osmose_default_model_DefaultHeatCascade','osmose_default_model_def_location','elec_prod_steam',7]	206.17397202029678737744688987731933593750000000000000
Qhtsplus['osmose_default_model_DefaultHeatCascade','osmose_default_model_def_location','elec_prod_steam',8]	206.17397202029678737744688987731933593750000000000000
Qhtsplus['osmose_default_model_DefaultHeatCascade','osmose_default_model_def_location','elec_prod_steam',9]	0.00000000000000000000000000000000000000000000000000
Qhtsplus['osmose_default_model_DefaultHeatCascade','osmose_default_model_def_location','elec_prod_steam',10]	0.00000000000000000000000000000000000000000000000000
Qhtsplus['osmose_default_model_DefaultHeatCascade','osmose_default_model_def_location','elec_prod_steam',11]	0.00000000000000000000000000000000000000000000000000
Qhtsplus['osmose_default_model_DefaultHeatCascade','osmose_default_model_def_location','elec_prod_steam',12]	0.00000000000000000000000000000000000000000000000000
Qhtsplus['osmose_default_model_DefaultHeatCascade','osmose_default_model_def_location','elec_prod_steam',13]	0.00000000000000000000000000000000000000000000000000
Qhtsplus['osmose_default_model_DefaultHeatCascade','osmose_default_model_def_location','elec_prod_steam',14]	0.00000000000000000000000000000000000000000000000000
Qhtsplus['osmose_default_model_DefaultHeatCascade','osmose_default_model_def_location','elec_prod_steam',15]	0.00000000000000000000000000000000000000000000000000
Qhtsplus['osmose_default_model_DefaultHeatCascade','osmose_default_model_def_location','elec_prod_steam',16]	0.00000000000000000000000000000000000000000000000000
Qhtsplus['osmose_default_model_DefaultHeatCascade','osmose_default_model_def_location','elec_prod_steam',17]	0.00000000000000000000000000000000000000000000000000
Qhtsplus['osmose_default_model_DefaultHeatCascade','osmose_default_model_def_location','elec_prod_steam',18]	0.00000000000000000000000000000000000000000000000000
Qhtsplus['osmose_default_model_DefaultHeatCascade','osmose_default_model_def_location','elec_prod_demand_dh',1]	0.00000000000000000000000000000000000000000000000000
Qhtsplus['osmose_default_model_DefaultHeatCascade','osmose_default_model_def_location','elec_prod_demand_dh',2]	0.00000000000000000000000000000000000000000000000000
Qhtsplus['osmose_default_model_DefaultHeatCascade','osmose_default_model_def_location','elec_prod_demand_dh',3]	0.00000000000000000000000000000000000000000000000000
Qhtsplus['osmose_default_model_DefaultHeatCascade','osmose_default_model_def_location','elec_prod_demand_dh',4]	0.00000000000000000000000000000000000000000000000000
Qhtsplus['osmose_default_model_DefaultHeatCascade','osmose_default_model_def_location','elec_prod_demand_dh',5]	0.00000000000000000000000000000000000000000000000000
Qhtsplus['osmose_default_model_DefaultHeatCascade','osmose_default_model_def_location','elec_prod_demand_dh',6]	0.00000000000000000000000000000000000000000000000000
Qhtsplus['osmose_default_model_DefaultHeatCascade','osmose_default_model_def_location','elec_prod_demand_dh',7]	0.00000000000000000000000000000000000000000000000000
Qhtsplus['osmose_default_model_DefaultHeatCascade','osmose_default_model_def_location','elec_prod_demand_dh',8]	0.00000000000000000000000000000000000000000000000000
Qhtsplus['osmose_default_model_DefaultHeatCascade','osmose_default_model_def_location','elec_prod_demand_dh',9]	0.00000000000000000000000000000000000000000000000000
Qhtsplus['osmose_default_model_DefaultHeatCascade','osmose_default_model_def_location','elec_prod_demand_dh',10]	0.00000000000000000000000000000000000000000000000000
Qhtsplus['osmose_default_model_DefaultHeatCascade','osmose_default_model_def_location','elec_prod_demand_dh',11]	0.00000000000000000000000000000000000000000000000000
Qhtsplus['osmose_default_model_DefaultHeatCascade','osmose_default_model_def_location','elec_prod_demand_dh',12]	0.00000000000000000000000000000000000000000000000000
Qhtsplus['osmose_default_model_DefaultHeatCascade','osmose_default_model_def_location','elec_prod_demand_dh',13]	0.00000000000000000000000000000000000000000000000000
Qhtsplus['osmose_default_model_DefaultHeatCascade','osmose_default_model_def_location','elec_prod_demand_dh',14]	0.00000000000000000000000000000000000000000000000000
Qhtsplus['osmose_default_model_DefaultHeatCascade','osmose_default_model_def_location','elec_prod_demand_dh',15]	0.00000000000000000000000000000000000000000000000000
Qhtsplus['osmose_default_model_DefaultHeatCascade','osmose_default_model_def_location','elec_prod_demand_dh',16]	0.00000000000000000000000000000000000000000000000000
Qhtsplus['osmose_default_model_DefaultHeatCascade','osmose_default_model_def_location','elec_prod_demand_dh',17]	0.00000000000000000000000000000000000000000000000000
Qhtsplus['osmose_default_model_DefaultHeatCascade','osmose_default_model_def_location','elec_prod_demand_dh',18]	0.00000000000000000000000000000000000000000000000000
ObjectiveFunction	2782761.79464497091248631477355957031250000000000000000000
