Units_Mult['elec_prod_orc_orc_cycle']	0.00000000000000000000000000000000000000000000000000
Units_Mult['elec_prod_utilities_wood_boiler']	1.23580000000000000959232693276135250926017761230469
Units_Mult['elec_prod_orc_geo_deep']	1.00000000000000000000000000000000000000000000000000
Units_Mult['elec_prod_orc_cold_source']	0.04157249000000008687383257210967713035643100738525
Units_Mult['elec_prod_utilities_heat_cridor']	1.00000000000000000000000000000000000000000000000000
Units_Mult['elec_prod_utilities_gas_boiler']	1.12128800000027695205062627792358398437500000000000
Units_Mult['elec_prod_dhn_dh_network']	3.79500002197654762170486719696782529354095458984375
Units_Mult['elec_prod_demand_dh_demand_district_heating']	1.00000000000000000000000000000000000000000000000000
Units_Use['elec_prod_orc_orc_cycle']	1.00000000000000000000000000000000000000000000000000
Units_Use['elec_prod_utilities_wood_boiler']	1.00000000000000000000000000000000000000000000000000
Units_Use['elec_prod_orc_geo_deep']	1.00000000000000000000000000000000000000000000000000
Units_Use['elec_prod_orc_cold_source']	1.00000000000000000000000000000000000000000000000000
Units_Use['elec_prod_utilities_heat_cridor']	1.00000000000000000000000000000000000000000000000000
Units_Use['elec_prod_utilities_gas_boiler']	1.00000000000000000000000000000000000000000000000000
Units_Use['elec_prod_dhn_dh_network']	1.00000000000000000000000000000000000000000000000000
Units_Use['elec_prod_demand_dh_demand_district_heating']	1.00000000000000000000000000000000000000000000000000
Streams_Cost['osmose_default_model_DefaultOpCost','mand_district_heating_demand_district_heating_Cost','elec_prod_demand_dh_demand_district_heating']	0.00000000000000000000000000000000000000000000000000
Streams_Cost['osmose_default_model_DefaultOpCost','elec_prod_orc_cycle_orc_cycle_Cost','elec_prod_orc_orc_cycle']	0.00000000000000000000000000000000000000000000000000
Streams_Cost['osmose_default_model_DefaultOpCost','elec_prod_wood_boiler_wood_boiler_Cost','elec_prod_utilities_wood_boiler']	403950.81114947370951995253562927246093750000000000000000
Streams_Cost['osmose_default_model_DefaultOpCost','elec_prod_geo_deep_geo_deep_Cost','elec_prod_orc_geo_deep']	-1000.00000000000000000000000000000000000000000000000000
Streams_Cost['osmose_default_model_DefaultOpCost','elec_prod_cold_source_cold_source_Cost','elec_prod_orc_cold_source']	0.00000000000000000000000000000000000000000000000000
Streams_Cost['osmose_default_model_DefaultOpCost','elec_prod_heat_cridor_heat_cridor_Cost','elec_prod_utilities_heat_cridor']	-1000.00000000000000000000000000000000000000000000000000
Streams_Cost['osmose_default_model_DefaultOpCost','elec_prod_gas_boiler_gas_boiler_Cost','elec_prod_utilities_gas_boiler']	541500.05853671918157488107681274414062500000000000000000
Streams_Cost['osmose_default_model_DefaultOpCost','elec_prod_dh_network_dh_network_Cost','elec_prod_dhn_dh_network']	-3795.00002197654748670174740254878997802734375000000000
Streams_Cost['osmose_default_model_DefaultInvCost','mand_district_heating_demand_district_heating_Cinv','elec_prod_demand_dh_demand_district_heating']	0.00000000000000000000000000000000000000000000000000
Streams_Cost['osmose_default_model_DefaultInvCost','elec_prod_orc_cycle_orc_cycle_Cinv','elec_prod_orc_orc_cycle']	0.00000000000000000000000000000000000000000000000000
Streams_Cost['osmose_default_model_DefaultInvCost','elec_prod_wood_boiler_wood_boiler_Cinv','elec_prod_utilities_wood_boiler']	0.00000000000000000000000000000000000000000000000000
Streams_Cost['osmose_default_model_DefaultInvCost','elec_prod_geo_deep_geo_deep_Cinv','elec_prod_orc_geo_deep']	3360000.00000000000000000000000000000000000000000000000000
Streams_Cost['osmose_default_model_DefaultInvCost','elec_prod_cold_source_cold_source_Cinv','elec_prod_orc_cold_source']	0.00000000000000000000000000000000000000000000000000
Streams_Cost['osmose_default_model_DefaultInvCost','elec_prod_heat_cridor_heat_cridor_Cinv','elec_prod_utilities_heat_cridor']	0.00000000000000000000000000000000000000000000000000
Streams_Cost['osmose_default_model_DefaultInvCost','elec_prod_gas_boiler_gas_boiler_Cinv','elec_prod_utilities_gas_boiler']	0.00000000000000000000000000000000000000000000000000
Streams_Cost['osmose_default_model_DefaultInvCost','elec_prod_dh_network_dh_network_Cinv','elec_prod_dhn_dh_network']	0.00000000000000000000000000000000000000000000000000
Streams_Cost['osmose_default_model_DefaultMechPower','and_district_heating_demand_district_heating_Power','elec_prod_demand_dh_demand_district_heating']	0.00000000000000000000000000000000000000000000000000
Streams_Cost['osmose_default_model_DefaultMechPower','elec_prod_orc_cycle_orc_cycle_Power','elec_prod_orc_orc_cycle']	0.00000000000000000000000000000000000000000000000000
Streams_Cost['osmose_default_model_DefaultMechPower','elec_prod_wood_boiler_wood_boiler_Power','elec_prod_utilities_wood_boiler']	0.00000000000000000000000000000000000000000000000000
Streams_Cost['osmose_default_model_DefaultMechPower','elec_prod_geo_deep_geo_deep_Power','elec_prod_orc_geo_deep']	1.47059999999999990727417298330692574381828308105469
Streams_Cost['osmose_default_model_DefaultMechPower','elec_prod_cold_source_cold_source_Power','elec_prod_orc_cold_source']	0.00000000000000000000000000000000000000000000000000
Streams_Cost['osmose_default_model_DefaultMechPower','elec_prod_heat_cridor_heat_cridor_Power','elec_prod_utilities_heat_cridor']	0.00000000000000000000000000000000000000000000000000
Streams_Cost['osmose_default_model_DefaultMechPower','elec_prod_gas_boiler_gas_boiler_Power','elec_prod_utilities_gas_boiler']	0.00000000000000000000000000000000000000000000000000
Streams_Cost['osmose_default_model_DefaultMechPower','elec_prod_dh_network_dh_network_Power','elec_prod_dhn_dh_network']	0.00000000000000000000000000000000000000000000000000
Units_Cost['osmose_default_model_DefaultOpCost','elec_prod_demand_dh_demand_district_heating']	0.00000000000000000000000000000000000000000000000000
Units_Cost['osmose_default_model_DefaultOpCost','elec_prod_orc_orc_cycle']	0.00000000000000000000000000000000000000000000000000
Units_Cost['osmose_default_model_DefaultOpCost','elec_prod_utilities_wood_boiler']	403950.81114947370951995253562927246093750000000000000000
Units_Cost['osmose_default_model_DefaultOpCost','elec_prod_orc_geo_deep']	-1000.00000000000000000000000000000000000000000000000000
Units_Cost['osmose_default_model_DefaultOpCost','elec_prod_orc_cold_source']	0.00000000000000000000000000000000000000000000000000
Units_Cost['osmose_default_model_DefaultOpCost','elec_prod_utilities_heat_cridor']	-1000.00000000000000000000000000000000000000000000000000
Units_Cost['osmose_default_model_DefaultOpCost','elec_prod_utilities_gas_boiler']	541500.05853671918157488107681274414062500000000000000000
Units_Cost['osmose_default_model_DefaultOpCost','elec_prod_dhn_dh_network']	-3795.00002197654748670174740254878997802734375000000000
Units_Cost['osmose_default_model_DefaultInvCost','elec_prod_demand_dh_demand_district_heating']	0.00000000000000000000000000000000000000000000000000
Units_Cost['osmose_default_model_DefaultInvCost','elec_prod_orc_orc_cycle']	0.00000000000000000000000000000000000000000000000000
Units_Cost['osmose_default_model_DefaultInvCost','elec_prod_utilities_wood_boiler']	0.00000000000000000000000000000000000000000000000000
Units_Cost['osmose_default_model_DefaultInvCost','elec_prod_orc_geo_deep']	3360000.00000000000000000000000000000000000000000000000000
Units_Cost['osmose_default_model_DefaultInvCost','elec_prod_orc_cold_source']	0.00000000000000000000000000000000000000000000000000
Units_Cost['osmose_default_model_DefaultInvCost','elec_prod_utilities_heat_cridor']	0.00000000000000000000000000000000000000000000000000
Units_Cost['osmose_default_model_DefaultInvCost','elec_prod_utilities_gas_boiler']	0.00000000000000000000000000000000000000000000000000
Units_Cost['osmose_default_model_DefaultInvCost','elec_prod_dhn_dh_network']	0.00000000000000000000000000000000000000000000000000
Units_Cost['osmose_default_model_DefaultMechPower','elec_prod_demand_dh_demand_district_heating']	0.00000000000000000000000000000000000000000000000000
Units_Cost['osmose_default_model_DefaultMechPower','elec_prod_orc_orc_cycle']	0.00000000000000000000000000000000000000000000000000
Units_Cost['osmose_default_model_DefaultMechPower','elec_prod_utilities_wood_boiler']	0.00000000000000000000000000000000000000000000000000
Units_Cost['osmose_default_model_DefaultMechPower','elec_prod_orc_geo_deep']	1.47059999999999990727417298330692574381828308105469
Units_Cost['osmose_default_model_DefaultMechPower','elec_prod_orc_cold_source']	0.00000000000000000000000000000000000000000000000000
Units_Cost['osmose_default_model_DefaultMechPower','elec_prod_utilities_heat_cridor']	0.00000000000000000000000000000000000000000000000000
Units_Cost['osmose_default_model_DefaultMechPower','elec_prod_utilities_gas_boiler']	0.00000000000000000000000000000000000000000000000000
Units_Cost['osmose_default_model_DefaultMechPower','elec_prod_dhn_dh_network']	0.00000000000000000000000000000000000000000000000000
Locations_Cost['osmose_default_model_DefaultOpCost','osmose_default_model_def_location']	939655.86966421641409397125244140625000000000000000000000
Locations_Cost['osmose_default_model_DefaultInvCost','osmose_default_model_def_location']	3360000.00000000000000000000000000000000000000000000000000
Locations_Cost['osmose_default_model_DefaultMechPower','osmose_default_model_def_location']	1.47059999999999990727417298330692574381828308105469
Costs_Cost['osmose_default_model_DefaultOpCost']	939655.86966421641409397125244140625000000000000000000000
Costs_Cost['osmose_default_model_DefaultInvCost']	3360000.00000000000000000000000000000000000000000000000000
Costs_Cost['osmose_default_model_DefaultMechPower']	1.47059999999999990727417298330692574381828308105469
Elec_buy	1.47059999999999990727417298330692574381828308105469
Elec_sell	0.00000000000000000000000000000000000000000000000000
YearlyOperatingCost	0.00000000000000000000000000000000000000000000000000
HC_Streams_Mult['osmose_default_model_DefaultHeatCascade','elec_prod_orc_cycle_preheating']	0.00000000000000000000000000000000000000000000000000
HC_Streams_Mult['osmose_default_model_DefaultHeatCascade','elec_prod_orc_cycle_evaporation']	0.00000000000000000000000000000000000000000000000000
HC_Streams_Mult['osmose_default_model_DefaultHeatCascade','elec_prod_orc_cycle_superheating']	0.00000000000000000000000000000000000000000000000000
HC_Streams_Mult['osmose_default_model_DefaultHeatCascade','elec_prod_orc_cycle_desuperheating']	0.00000000000000000000000000000000000000000000000000
HC_Streams_Mult['osmose_default_model_DefaultHeatCascade','elec_prod_orc_cycle_condensation']	0.00000000000000000000000000000000000000000000000000
HC_Streams_Mult['osmose_default_model_DefaultHeatCascade','elec_prod_wood_boiler_wood_boilerst']	1.23580000000000000959232693276135250926017761230469
HC_Streams_Mult['osmose_default_model_DefaultHeatCascade','elec_prod_geo_deep_geo_heat']	1.00000000000000000000000000000000000000000000000000
HC_Streams_Mult['osmose_default_model_DefaultHeatCascade','elec_prod_cold_source_cold_source_load']	0.04157249000000008687383257210967713035643100738525
HC_Streams_Mult['osmose_default_model_DefaultHeatCascade','elec_prod_heat_cridor_dhn_cridor']	1.00000000000000000000000000000000000000000000000000
HC_Streams_Mult['osmose_default_model_DefaultHeatCascade','elec_prod_gas_boiler_gas_boilerst']	1.12128800000027695205062627792358398437500000000000
HC_Streams_Mult['osmose_default_model_DefaultHeatCascade','elec_prod_dh_network_dhn_load']	3.79500002197654762170486719696782529354095458984375
HC_Streams_Mult['osmose_default_model_DefaultHeatCascade','elec_prod_dh_network_dhn_sink']	3.79500002197654762170486719696782529354095458984375
HC_Streams_Mult['osmose_default_model_DefaultHeatCascade','elec_prod_demand_district_heating_dh_load1']	1.00000000000000000000000000000000000000000000000000
HC_Streams_Mult['osmose_default_model_DefaultHeatCascade','elec_prod_demand_district_heating_dh_load2']	1.00000000000000000000000000000000000000000000000000
HC_Streams_Mult['osmose_default_model_DefaultHeatCascade','elec_prod_demand_district_heating_dh_load3']	1.00000000000000000000000000000000000000000000000000
Streams_Q['osmose_default_model_DefaultHeatCascade','elec_prod_orc_cycle_preheating']	0.00000000000000000000000000000000000000000000000000
Streams_Q['osmose_default_model_DefaultHeatCascade','elec_prod_orc_cycle_evaporation']	0.00000000000000000000000000000000000000000000000000
Streams_Q['osmose_default_model_DefaultHeatCascade','elec_prod_orc_cycle_superheating']	0.00000000000000000000000000000000000000000000000000
Streams_Q['osmose_default_model_DefaultHeatCascade','elec_prod_orc_cycle_desuperheating']	0.00000000000000000000000000000000000000000000000000
Streams_Q['osmose_default_model_DefaultHeatCascade','elec_prod_orc_cycle_condensation']	0.00000000000000000000000000000000000000000000000000
Streams_Q['osmose_default_model_DefaultHeatCascade','elec_prod_wood_boiler_wood_boilerst']	1776.63551200000006247137207537889480590820312500000000
Streams_Q['osmose_default_model_DefaultHeatCascade','elec_prod_geo_deep_geo_heat']	415.72489999999999099600245244801044464111328125000000
Streams_Q['osmose_default_model_DefaultHeatCascade','elec_prod_cold_source_cold_source_load']	415.72490000000084364728536456823348999023437500000000
Streams_Q['osmose_default_model_DefaultHeatCascade','elec_prod_heat_cridor_dhn_cridor']	5820.34320000000025174813345074653625488281250000000000
Streams_Q['osmose_default_model_DefaultHeatCascade','elec_prod_gas_boiler_gas_boilerst']	1.12128800000027695205062627792358398437500000000000
Streams_Q['osmose_default_model_DefaultHeatCascade','elec_prod_dh_network_dhn_load']	31342.16250000000582076609134674072265625000000000000000
Streams_Q['osmose_default_model_DefaultHeatCascade','elec_prod_dh_network_dhn_sink']	31342.16250000000582076609134674072265625000000000000000
Streams_Q['osmose_default_model_DefaultHeatCascade','elec_prod_demand_district_heating_dh_load1']	1178.00000000000000000000000000000000000000000000000000
Streams_Q['osmose_default_model_DefaultHeatCascade','elec_prod_demand_district_heating_dh_load2']	6007.80000000000018189894035458564758300781250000000000
Streams_Q['osmose_default_model_DefaultHeatCascade','elec_prod_demand_district_heating_dh_load3']	412.30000000000001136868377216160297393798828125000000
HC_HTS_Rk['osmose_default_model_DefaultHeatCascade','osmose_default_model_def_location',1]	0.00000000000000000000000000000000000000000000000000
HC_HTS_Rk['osmose_default_model_DefaultHeatCascade','osmose_default_model_def_location',2]	0.00000000000000000000000000000000000000000000000000
HC_HTS_Rk['osmose_default_model_DefaultHeatCascade','osmose_default_model_def_location',3]	0.00000000000000000000000000000000000000000000000000
HC_HTS_Rk['osmose_default_model_DefaultHeatCascade','osmose_default_model_def_location',4]	0.00000000000000000000000000000000000000000000000000
HC_HTS_Rk['osmose_default_model_DefaultHeatCascade','osmose_default_model_def_location',5]	0.00000000000000000000000000000000000000000000000000
HC_HTS_Rk['osmose_default_model_DefaultHeatCascade','osmose_default_model_def_location',6]	0.00000000000000000000000000000000000000000000000000
HC_HTS_Rk['osmose_default_model_DefaultHeatCascade','osmose_default_model_def_location',7]	0.00000000000000000000000000000000000000000000000000
HC_HTS_Rk['osmose_default_model_DefaultHeatCascade','osmose_default_model_def_location',8]	0.00000000000000000000000000000000000000000000000000
HC_HTS_Rk['osmose_default_model_DefaultHeatCascade','osmose_default_model_def_location',9]	0.00000000000000000000000000000000000000000000000000
HC_HTS_Rk['osmose_default_model_DefaultHeatCascade','osmose_default_model_def_location',10]	0.00000000000000000000000000000000000000000000000000
HC_HTS_Rk['osmose_default_model_DefaultHeatCascade','osmose_default_model_def_location',11]	0.00000000000000000000000000000000000000000000000000
HC_HTS_Rk['osmose_default_model_DefaultHeatCascade','osmose_default_model_def_location',12]	0.00000000000000000000000000000000000000000000000000
HC_HTS_Rk['osmose_default_model_DefaultHeatCascade','osmose_default_model_def_location',13]	0.00000000000000000000000000000000000000000000000000
HC_HTS_Rk['osmose_default_model_DefaultHeatCascade','osmose_default_model_def_location',14]	0.00000000000000000000000000000000000000000000000000
HC_Nodes_Rk['osmose_default_model_DefaultHeatCascade','osmose_default_model_def_location','elec_prod_utilities',1]	0.00000000000000000000000000000000000000000000000000
HC_Nodes_Rk['osmose_default_model_DefaultHeatCascade','osmose_default_model_def_location','elec_prod_utilities',2]	0.00000000000000000000000000000000000000000000000000
HC_Nodes_Rk['osmose_default_model_DefaultHeatCascade','osmose_default_model_def_location','elec_prod_utilities',3]	0.00000000000000000000000000000000000000000000000000
HC_Nodes_Rk['osmose_default_model_DefaultHeatCascade','osmose_default_model_def_location','elec_prod_utilities',4]	0.00000000000000000000000000000000000000000000000000
HC_Nodes_Rk['osmose_default_model_DefaultHeatCascade','osmose_default_model_def_location','elec_prod_utilities',5]	0.00000000000000000000000000000000000000000000000000
HC_Nodes_Rk['osmose_default_model_DefaultHeatCascade','osmose_default_model_def_location','elec_prod_utilities',6]	0.00000000000030231372960543012595735490322113037109
HC_Nodes_Rk['osmose_default_model_DefaultHeatCascade','osmose_default_model_def_location','elec_prod_utilities',7]	0.00000000000090949470177292823791503906250000000000
HC_Nodes_Rk['osmose_default_model_DefaultHeatCascade','osmose_default_model_def_location','elec_prod_utilities',8]	0.00000000000030231372960543012595735490322113037109
HC_Nodes_Rk['osmose_default_model_DefaultHeatCascade','osmose_default_model_def_location','elec_prod_utilities',9]	0.00000000000000000000000000000000000000000000000000
HC_Nodes_Rk['osmose_default_model_DefaultHeatCascade','osmose_default_model_def_location','elec_prod_utilities',10]	0.00000000000000000000000000000000000000000000000000
HC_Nodes_Rk['osmose_default_model_DefaultHeatCascade','osmose_default_model_def_location','elec_prod_utilities',11]	0.00000000000000000000000000000000000000000000000000
HC_Nodes_Rk['osmose_default_model_DefaultHeatCascade','osmose_default_model_def_location','elec_prod_utilities',12]	1681.08373719733344842097721993923187255859375000000000
HC_Nodes_Rk['osmose_default_model_DefaultHeatCascade','osmose_default_model_def_location','elec_prod_utilities',13]	1680.79284533333361650875303894281387329101562500000000
HC_Nodes_Rk['osmose_default_model_DefaultHeatCascade','osmose_default_model_def_location','elec_prod_utilities',14]	0.00000000000000000000000000000000000000000000000000
HC_Nodes_Rk['osmose_default_model_DefaultHeatCascade','osmose_default_model_def_location','elec_prod_orc',1]	0.00000000000000000000000000000000000000000000000000
HC_Nodes_Rk['osmose_default_model_DefaultHeatCascade','osmose_default_model_def_location','elec_prod_orc',2]	207.86245000000047866706154309213161468505859375000000
HC_Nodes_Rk['osmose_default_model_DefaultHeatCascade','osmose_default_model_def_location','elec_prod_orc',3]	415.72490000000090049070422537624835968017578125000000
HC_Nodes_Rk['osmose_default_model_DefaultHeatCascade','osmose_default_model_def_location','elec_prod_orc',4]	415.72490000000090049070422537624835968017578125000000
HC_Nodes_Rk['osmose_default_model_DefaultHeatCascade','osmose_default_model_def_location','elec_prod_orc',5]	103.93122500000090724370238604024052619934082031250000
HC_Nodes_Rk['osmose_default_model_DefaultHeatCascade','osmose_default_model_def_location','elec_prod_orc',6]	0.00000000000000000000000000000000000000000000000000
HC_Nodes_Rk['osmose_default_model_DefaultHeatCascade','osmose_default_model_def_location','elec_prod_orc',7]	0.00000000000000000000000000000000000000000000000000
HC_Nodes_Rk['osmose_default_model_DefaultHeatCascade','osmose_default_model_def_location','elec_prod_orc',8]	0.00000000000000000000000000000000000000000000000000
HC_Nodes_Rk['osmose_default_model_DefaultHeatCascade','osmose_default_model_def_location','elec_prod_orc',9]	0.00000000000000000000000000000000000000000000000000
HC_Nodes_Rk['osmose_default_model_DefaultHeatCascade','osmose_default_model_def_location','elec_prod_orc',10]	0.00000000000000000000000000000000000000000000000000
HC_Nodes_Rk['osmose_default_model_DefaultHeatCascade','osmose_default_model_def_location','elec_prod_orc',11]	0.00000000000000000000000000000000000000000000000000
HC_Nodes_Rk['osmose_default_model_DefaultHeatCascade','osmose_default_model_def_location','elec_prod_orc',12]	0.00000000000000000000000000000000000000000000000000
HC_Nodes_Rk['osmose_default_model_DefaultHeatCascade','osmose_default_model_def_location','elec_prod_orc',13]	0.00000000000000000000000000000000000000000000000000
HC_Nodes_Rk['osmose_default_model_DefaultHeatCascade','osmose_default_model_def_location','elec_prod_orc',14]	0.00000000000000000000000000000000000000000000000000
HC_Nodes_Rk['osmose_default_model_DefaultHeatCascade','osmose_default_model_def_location','elec_prod_demand_dh',1]	0.00000000000000000000000000000000000000000000000000
HC_Nodes_Rk['osmose_default_model_DefaultHeatCascade','osmose_default_model_def_location','elec_prod_demand_dh',2]	0.00000000000000000000000000000000000000000000000000
HC_Nodes_Rk['osmose_default_model_DefaultHeatCascade','osmose_default_model_def_location','elec_prod_demand_dh',3]	148.44403388888895278796553611755371093750000000000000
HC_Nodes_Rk['osmose_default_model_DefaultHeatCascade','osmose_default_model_def_location','elec_prod_demand_dh',4]	202.00638499999968189513310790061950683593750000000000
HC_Nodes_Rk['osmose_default_model_DefaultHeatCascade','osmose_default_model_def_location','elec_prod_demand_dh',5]	412.30000000000018189894035458564758300781250000000000
HC_Nodes_Rk['osmose_default_model_DefaultHeatCascade','osmose_default_model_def_location','elec_prod_demand_dh',6]	3416.20000000000072759576141834259033203125000000000000
HC_Nodes_Rk['osmose_default_model_DefaultHeatCascade','osmose_default_model_def_location','elec_prod_demand_dh',7]	6420.10000000000036379788070917129516601562500000000000
HC_Nodes_Rk['osmose_default_model_DefaultHeatCascade','osmose_default_model_def_location','elec_prod_demand_dh',8]	6841.64309285714352881768718361854553222656250000000000
HC_Nodes_Rk['osmose_default_model_DefaultHeatCascade','osmose_default_model_def_location','elec_prod_demand_dh',9]	7167.62787749997642094967886805534362792968750000000000
HC_Nodes_Rk['osmose_default_model_DefaultHeatCascade','osmose_default_model_def_location','elec_prod_demand_dh',10]	0.00000000000000000000000000000000000000000000000000
HC_Nodes_Rk['osmose_default_model_DefaultHeatCascade','osmose_default_model_def_location','elec_prod_demand_dh',11]	0.00000000000000000000000000000000000000000000000000
HC_Nodes_Rk['osmose_default_model_DefaultHeatCascade','osmose_default_model_def_location','elec_prod_demand_dh',12]	0.00000000000000000000000000000000000000000000000000
HC_Nodes_Rk['osmose_default_model_DefaultHeatCascade','osmose_default_model_def_location','elec_prod_demand_dh',13]	0.00000000000000000000000000000000000000000000000000
HC_Nodes_Rk['osmose_default_model_DefaultHeatCascade','osmose_default_model_def_location','elec_prod_demand_dh',14]	0.00000000000000000000000000000000000000000000000000
HC_Rk['osmose_default_model_DefaultHeatCascade','osmose_default_model_def_location',1]	0.00000000000000000000000000000000000000000000000000
HC_Rk['osmose_default_model_DefaultHeatCascade','osmose_default_model_def_location',2]	207.86245000000047866706154309213161468505859375000000
HC_Rk['osmose_default_model_DefaultHeatCascade','osmose_default_model_def_location',3]	564.16893388888979643525090068578720092773437500000000
HC_Rk['osmose_default_model_DefaultHeatCascade','osmose_default_model_def_location',4]	617.73128500000052554241847246885299682617187500000000
HC_Rk['osmose_default_model_DefaultHeatCascade','osmose_default_model_def_location',5]	516.23122500000113177520688623189926147460937500000000
HC_Rk['osmose_default_model_DefaultHeatCascade','osmose_default_model_def_location',6]	3416.20000000000118234311230480670928955078125000000000
HC_Rk['osmose_default_model_DefaultHeatCascade','osmose_default_model_def_location',7]	6420.10000000000127329258248209953308105468750000000000
HC_Rk['osmose_default_model_DefaultHeatCascade','osmose_default_model_def_location',8]	6841.64309285714352881768718361854553222656250000000000
HC_Rk['osmose_default_model_DefaultHeatCascade','osmose_default_model_def_location',9]	7167.62787749997642094967886805534362792968750000000000
HC_Rk['osmose_default_model_DefaultHeatCascade','osmose_default_model_def_location',10]	0.00000000000000000000000000000000000000000000000000
HC_Rk['osmose_default_model_DefaultHeatCascade','osmose_default_model_def_location',11]	0.00000000000000000000000000000000000000000000000000
HC_Rk['osmose_default_model_DefaultHeatCascade','osmose_default_model_def_location',12]	1681.08373719733344842097721993923187255859375000000000
HC_Rk['osmose_default_model_DefaultHeatCascade','osmose_default_model_def_location',13]	1680.79284533333361650875303894281387329101562500000000
HC_Rk['osmose_default_model_DefaultHeatCascade','osmose_default_model_def_location',14]	0.00000000000000000000000000000000000000000000000000
Qhtsmin['osmose_default_model_DefaultHeatCascade','osmose_default_model_def_location','elec_prod_utilities',1]	0.00000000000000000000000000000000000000000000000000
Qhtsmin['osmose_default_model_DefaultHeatCascade','osmose_default_model_def_location','elec_prod_utilities',2]	0.00000000000000000000000000000000000000000000000000
Qhtsmin['osmose_default_model_DefaultHeatCascade','osmose_default_model_def_location','elec_prod_utilities',3]	0.00000000000000000000000000000000000000000000000000
Qhtsmin['osmose_default_model_DefaultHeatCascade','osmose_default_model_def_location','elec_prod_utilities',4]	0.00000000000000000000000000000000000000000000000000
Qhtsmin['osmose_default_model_DefaultHeatCascade','osmose_default_model_def_location','elec_prod_utilities',5]	0.00000000000000000000000000000000000000000000000000
Qhtsmin['osmose_default_model_DefaultHeatCascade','osmose_default_model_def_location','elec_prod_utilities',6]	0.00000000000000000000000000000000000000000000000000
Qhtsmin['osmose_default_model_DefaultHeatCascade','osmose_default_model_def_location','elec_prod_utilities',7]	0.00000000000000000000000000000000000000000000000000
Qhtsmin['osmose_default_model_DefaultHeatCascade','osmose_default_model_def_location','elec_prod_utilities',8]	0.00000000000000000000000000000000000000000000000000
Qhtsmin['osmose_default_model_DefaultHeatCascade','osmose_default_model_def_location','elec_prod_utilities',9]	0.00000000000000000000000000000000000000000000000000
Qhtsmin['osmose_default_model_DefaultHeatCascade','osmose_default_model_def_location','elec_prod_utilities',10]	0.00000000000000000000000000000000000000000000000000
Qhtsmin['osmose_default_model_DefaultHeatCascade','osmose_default_model_def_location','elec_prod_utilities',11]	0.00000000000000000000000000000000000000000000000000
Qhtsmin['osmose_default_model_DefaultHeatCascade','osmose_default_model_def_location','elec_prod_utilities',12]	0.00000000000000000000000000000000000000000000000000
Qhtsmin['osmose_default_model_DefaultHeatCascade','osmose_default_model_def_location','elec_prod_utilities',13]	0.00000000000000000000000000000000000000000000000000
Qhtsmin['osmose_default_model_DefaultHeatCascade','osmose_default_model_def_location','elec_prod_utilities',14]	0.00000000000000000000000000000000000000000000000000
Qhtsmin['osmose_default_model_DefaultHeatCascade','osmose_default_model_def_location','elec_prod_orc',1]	0.00000000000000000000000000000000000000000000000000
Qhtsmin['osmose_default_model_DefaultHeatCascade','osmose_default_model_def_location','elec_prod_orc',2]	0.00000000000000000000000000000000000000000000000000
Qhtsmin['osmose_default_model_DefaultHeatCascade','osmose_default_model_def_location','elec_prod_orc',3]	0.00000000000000000000000000000000000000000000000000
Qhtsmin['osmose_default_model_DefaultHeatCascade','osmose_default_model_def_location','elec_prod_orc',4]	0.00000000000000000000000000000000000000000000000000
Qhtsmin['osmose_default_model_DefaultHeatCascade','osmose_default_model_def_location','elec_prod_orc',5]	0.00000000000000000000000000000000000000000000000000
Qhtsmin['osmose_default_model_DefaultHeatCascade','osmose_default_model_def_location','elec_prod_orc',6]	0.00000000000000000000000000000000000000000000000000
Qhtsmin['osmose_default_model_DefaultHeatCascade','osmose_default_model_def_location','elec_prod_orc',7]	0.00000000000000000000000000000000000000000000000000
Qhtsmin['osmose_default_model_DefaultHeatCascade','osmose_default_model_def_location','elec_prod_orc',8]	0.00000000000000000000000000000000000000000000000000
Qhtsmin['osmose_default_model_DefaultHeatCascade','osmose_default_model_def_location','elec_prod_orc',9]	0.00000000000000000000000000000000000000000000000000
Qhtsmin['osmose_default_model_DefaultHeatCascade','osmose_default_model_def_location','elec_prod_orc',10]	0.00000000000000000000000000000000000000000000000000
Qhtsmin['osmose_default_model_DefaultHeatCascade','osmose_default_model_def_location','elec_prod_orc',11]	0.00000000000000000000000000000000000000000000000000
Qhtsmin['osmose_default_model_DefaultHeatCascade','osmose_default_model_def_location','elec_prod_orc',12]	0.00000000000000000000000000000000000000000000000000
Qhtsmin['osmose_default_model_DefaultHeatCascade','osmose_default_model_def_location','elec_prod_orc',13]	0.00000000000000000000000000000000000000000000000000
Qhtsmin['osmose_default_model_DefaultHeatCascade','osmose_default_model_def_location','elec_prod_orc',14]	0.00000000000000000000000000000000000000000000000000
Qhtsmin['osmose_default_model_DefaultHeatCascade','osmose_default_model_def_location','elec_prod_demand_dh',1]	7598.10000000000036379788070917129516601562500000000000
Qhtsmin['osmose_default_model_DefaultHeatCascade','osmose_default_model_def_location','elec_prod_demand_dh',2]	7598.10000000000036379788070917129516601562500000000000
Qhtsmin['osmose_default_model_DefaultHeatCascade','osmose_default_model_def_location','elec_prod_demand_dh',3]	7598.10000000000036379788070917129516601562500000000000
Qhtsmin['osmose_default_model_DefaultHeatCascade','osmose_default_model_def_location','elec_prod_demand_dh',4]	7598.10000000000036379788070917129516601562500000000000
Qhtsmin['osmose_default_model_DefaultHeatCascade','osmose_default_model_def_location','elec_prod_demand_dh',5]	7598.10000000000036379788070917129516601562500000000000
Qhtsmin['osmose_default_model_DefaultHeatCascade','osmose_default_model_def_location','elec_prod_demand_dh',6]	7598.10000000000036379788070917129516601562500000000000
Qhtsmin['osmose_default_model_DefaultHeatCascade','osmose_default_model_def_location','elec_prod_demand_dh',7]	7598.10000000000036379788070917129516601562500000000000
Qhtsmin['osmose_default_model_DefaultHeatCascade','osmose_default_model_def_location','elec_prod_demand_dh',8]	7598.10000000000036379788070917129516601562500000000000
Qhtsmin['osmose_default_model_DefaultHeatCascade','osmose_default_model_def_location','elec_prod_demand_dh',9]	7455.82557749997522478224709630012512207031250000000000
Qhtsmin['osmose_default_model_DefaultHeatCascade','osmose_default_model_def_location','elec_prod_demand_dh',10]	0.00000000000000000000000000000000000000000000000000
Qhtsmin['osmose_default_model_DefaultHeatCascade','osmose_default_model_def_location','elec_prod_demand_dh',11]	0.00000000000000000000000000000000000000000000000000
Qhtsmin['osmose_default_model_DefaultHeatCascade','osmose_default_model_def_location','elec_prod_demand_dh',12]	0.00000000000000000000000000000000000000000000000000
Qhtsmin['osmose_default_model_DefaultHeatCascade','osmose_default_model_def_location','elec_prod_demand_dh',13]	0.00000000000000000000000000000000000000000000000000
Qhtsmin['osmose_default_model_DefaultHeatCascade','osmose_default_model_def_location','elec_prod_demand_dh',14]	0.00000000000000000000000000000000000000000000000000
Qhtsplus['osmose_default_model_DefaultHeatCascade','osmose_default_model_def_location','elec_prod_utilities',1]	7598.10000000000036379788070917129516601562500000000000
Qhtsplus['osmose_default_model_DefaultHeatCascade','osmose_default_model_def_location','elec_prod_utilities',2]	7598.10000000000036379788070917129516601562500000000000
Qhtsplus['osmose_default_model_DefaultHeatCascade','osmose_default_model_def_location','elec_prod_utilities',3]	7598.10000000000036379788070917129516601562500000000000
Qhtsplus['osmose_default_model_DefaultHeatCascade','osmose_default_model_def_location','elec_prod_utilities',4]	7598.10000000000036379788070917129516601562500000000000
Qhtsplus['osmose_default_model_DefaultHeatCascade','osmose_default_model_def_location','elec_prod_utilities',5]	7598.10000000000036379788070917129516601562500000000000
Qhtsplus['osmose_default_model_DefaultHeatCascade','osmose_default_model_def_location','elec_prod_utilities',6]	7598.10000000000036379788070917129516601562500000000000
Qhtsplus['osmose_default_model_DefaultHeatCascade','osmose_default_model_def_location','elec_prod_utilities',7]	7598.09999999999945430317893624305725097656250000000000
Qhtsplus['osmose_default_model_DefaultHeatCascade','osmose_default_model_def_location','elec_prod_utilities',8]	7598.10000000000036379788070917129516601562500000000000
Qhtsplus['osmose_default_model_DefaultHeatCascade','osmose_default_model_def_location','elec_prod_utilities',9]	7598.10000000000036379788070917129516601562500000000000
Qhtsplus['osmose_default_model_DefaultHeatCascade','osmose_default_model_def_location','elec_prod_utilities',10]	7598.10000000000036379788070917129516601562500000000000
Qhtsplus['osmose_default_model_DefaultHeatCascade','osmose_default_model_def_location','elec_prod_utilities',11]	7598.10000000000036379788070917129516601562500000000000
Qhtsplus['osmose_default_model_DefaultHeatCascade','osmose_default_model_def_location','elec_prod_utilities',12]	0.00000000000000000000000000000000000000000000000000
Qhtsplus['osmose_default_model_DefaultHeatCascade','osmose_default_model_def_location','elec_prod_utilities',13]	0.00000000000000000000000000000000000000000000000000
Qhtsplus['osmose_default_model_DefaultHeatCascade','osmose_default_model_def_location','elec_prod_utilities',14]	0.00000000000000000000000000000000000000000000000000
Qhtsplus['osmose_default_model_DefaultHeatCascade','osmose_default_model_def_location','elec_prod_orc',1]	-0.00000000000090949470177292823791503906250000000000
Qhtsplus['osmose_default_model_DefaultHeatCascade','osmose_default_model_def_location','elec_prod_orc',2]	-0.00000000000090949470177292823791503906250000000000
Qhtsplus['osmose_default_model_DefaultHeatCascade','osmose_default_model_def_location','elec_prod_orc',3]	-0.00000000000090949470177292823791503906250000000000
Qhtsplus['osmose_default_model_DefaultHeatCascade','osmose_default_model_def_location','elec_prod_orc',4]	-0.00000000000090949470177292823791503906250000000000
Qhtsplus['osmose_default_model_DefaultHeatCascade','osmose_default_model_def_location','elec_prod_orc',5]	-0.00000000000090949470177292823791503906250000000000
Qhtsplus['osmose_default_model_DefaultHeatCascade','osmose_default_model_def_location','elec_prod_orc',6]	0.00000000000000000000000000000000000000000000000000
Qhtsplus['osmose_default_model_DefaultHeatCascade','osmose_default_model_def_location','elec_prod_orc',7]	0.00000000000000000000000000000000000000000000000000
Qhtsplus['osmose_default_model_DefaultHeatCascade','osmose_default_model_def_location','elec_prod_orc',8]	0.00000000000000000000000000000000000000000000000000
Qhtsplus['osmose_default_model_DefaultHeatCascade','osmose_default_model_def_location','elec_prod_orc',9]	0.00000000000000000000000000000000000000000000000000
Qhtsplus['osmose_default_model_DefaultHeatCascade','osmose_default_model_def_location','elec_prod_orc',10]	0.00000000000000000000000000000000000000000000000000
Qhtsplus['osmose_default_model_DefaultHeatCascade','osmose_default_model_def_location','elec_prod_orc',11]	0.00000000000000000000000000000000000000000000000000
Qhtsplus['osmose_default_model_DefaultHeatCascade','osmose_default_model_def_location','elec_prod_orc',12]	0.00000000000000000000000000000000000000000000000000
Qhtsplus['osmose_default_model_DefaultHeatCascade','osmose_default_model_def_location','elec_prod_orc',13]	0.00000000000000000000000000000000000000000000000000
Qhtsplus['osmose_default_model_DefaultHeatCascade','osmose_default_model_def_location','elec_prod_orc',14]	0.00000000000000000000000000000000000000000000000000
Qhtsplus['osmose_default_model_DefaultHeatCascade','osmose_default_model_def_location','elec_prod_demand_dh',1]	0.00000000000000000000000000000000000000000000000000
Qhtsplus['osmose_default_model_DefaultHeatCascade','osmose_default_model_def_location','elec_prod_demand_dh',2]	0.00000000000000000000000000000000000000000000000000
Qhtsplus['osmose_default_model_DefaultHeatCascade','osmose_default_model_def_location','elec_prod_demand_dh',3]	0.00000000000000000000000000000000000000000000000000
Qhtsplus['osmose_default_model_DefaultHeatCascade','osmose_default_model_def_location','elec_prod_demand_dh',4]	0.00000000000000000000000000000000000000000000000000
Qhtsplus['osmose_default_model_DefaultHeatCascade','osmose_default_model_def_location','elec_prod_demand_dh',5]	0.00000000000000000000000000000000000000000000000000
Qhtsplus['osmose_default_model_DefaultHeatCascade','osmose_default_model_def_location','elec_prod_demand_dh',6]	0.00000000000000000000000000000000000000000000000000
Qhtsplus['osmose_default_model_DefaultHeatCascade','osmose_default_model_def_location','elec_prod_demand_dh',7]	0.00000000000000000000000000000000000000000000000000
Qhtsplus['osmose_default_model_DefaultHeatCascade','osmose_default_model_def_location','elec_prod_demand_dh',8]	0.00000000000000000000000000000000000000000000000000
Qhtsplus['osmose_default_model_DefaultHeatCascade','osmose_default_model_def_location','elec_prod_demand_dh',9]	0.00000000000000000000000000000000000000000000000000
Qhtsplus['osmose_default_model_DefaultHeatCascade','osmose_default_model_def_location','elec_prod_demand_dh',10]	0.00000000000000000000000000000000000000000000000000
Qhtsplus['osmose_default_model_DefaultHeatCascade','osmose_default_model_def_location','elec_prod_demand_dh',11]	0.00000000000000000000000000000000000000000000000000
Qhtsplus['osmose_default_model_DefaultHeatCascade','osmose_default_model_def_location','elec_prod_demand_dh',12]	0.00000000000000000000000000000000000000000000000000
Qhtsplus['osmose_default_model_DefaultHeatCascade','osmose_default_model_def_location','elec_prod_demand_dh',13]	0.00000000000000000000000000000000000000000000000000
Qhtsplus['osmose_default_model_DefaultHeatCascade','osmose_default_model_def_location','elec_prod_demand_dh',14]	0.00000000000000000000000000000000000000000000000000
ObjectiveFunction	939655.86966421641409397125244140625000000000000000000000
