Units_Mult['elec_prod_orc_orc_cycle']	0.00000000000000000000000000000000000000000000000000
Units_Mult['elec_prod_utilities_wood_boiler']	1.00000000000000000000000000000000000000000000000000
Units_Mult['elec_prod_orc_geo_deep']	1.00000000000000000000000000000000000000000000000000
Units_Mult['elec_prod_orc_cold_source']	0.04157250000000000528244115116649481933563947677612
Units_Mult['elec_prod_utilities_heat_cridor']	1.00000000000000000000000000000000000000000000000000
Units_Mult['elec_prod_utilities_gas_boiler']	1139.30000000000018189894035458564758300781250000000000
Units_Mult['elec_prod_dhn_dh_network']	3.68000000973695273742691824736539274454116821289062
Units_Mult['elec_prod_demand_dh_demand_district_heating']	1.00000000000000000000000000000000000000000000000000
Units_Use['elec_prod_orc_orc_cycle']	1.00000000000000000000000000000000000000000000000000
Units_Use['elec_prod_utilities_wood_boiler']	1.00000000000000000000000000000000000000000000000000
Units_Use['elec_prod_orc_geo_deep']	1.00000000000000000000000000000000000000000000000000
Units_Use['elec_prod_orc_cold_source']	1.00000000000000000000000000000000000000000000000000
Units_Use['elec_prod_utilities_heat_cridor']	1.00000000000000000000000000000000000000000000000000
Units_Use['elec_prod_utilities_gas_boiler']	1.00000000000000000000000000000000000000000000000000
Units_Use['elec_prod_dhn_dh_network']	1.00000000000000000000000000000000000000000000000000
Units_Use['elec_prod_demand_dh_demand_district_heating']	1.00000000000000000000000000000000000000000000000000
Streams_Cost['osmose_default_model_DefaultOpCost','mand_district_heating_demand_district_heating_Cost','elec_prod_demand_dh_demand_district_heating']	0.00000000000000000000000000000000000000000000000000
Streams_Cost['osmose_default_model_DefaultOpCost','elec_prod_orc_cycle_orc_cycle_Cost','elec_prod_orc_orc_cycle']	0.00000000000000000000000000000000000000000000000000
Streams_Cost['osmose_default_model_DefaultOpCost','elec_prod_wood_boiler_wood_boiler_Cost','elec_prod_utilities_wood_boiler']	772143.15789473685435950756072998046875000000000000000000
Streams_Cost['osmose_default_model_DefaultOpCost','elec_prod_geo_deep_geo_deep_Cost','elec_prod_orc_geo_deep']	-1000.00000000000000000000000000000000000000000000000000
Streams_Cost['osmose_default_model_DefaultOpCost','elec_prod_cold_source_cold_source_Cost','elec_prod_orc_cold_source']	0.00000000000000000000000000000000000000000000000000
Streams_Cost['osmose_default_model_DefaultOpCost','elec_prod_heat_cridor_heat_cridor_Cost','elec_prod_utilities_heat_cridor']	-1000.00000000000000000000000000000000000000000000000000
Streams_Cost['osmose_default_model_DefaultOpCost','elec_prod_gas_boiler_gas_boiler_Cost','elec_prod_utilities_gas_boiler']	550198536.58536601066589355468750000000000000000000000000000
Streams_Cost['osmose_default_model_DefaultOpCost','elec_prod_dh_network_dh_network_Cost','elec_prod_dhn_dh_network']	-3680.00000973695296124788001179695129394531250000000000
Streams_Cost['osmose_default_model_DefaultInvCost','mand_district_heating_demand_district_heating_Cinv','elec_prod_demand_dh_demand_district_heating']	0.00000000000000000000000000000000000000000000000000
Streams_Cost['osmose_default_model_DefaultInvCost','elec_prod_orc_cycle_orc_cycle_Cinv','elec_prod_orc_orc_cycle']	0.00000000000000000000000000000000000000000000000000
Streams_Cost['osmose_default_model_DefaultInvCost','elec_prod_wood_boiler_wood_boiler_Cinv','elec_prod_utilities_wood_boiler']	0.00000000000000000000000000000000000000000000000000
Streams_Cost['osmose_default_model_DefaultInvCost','elec_prod_geo_deep_geo_deep_Cinv','elec_prod_orc_geo_deep']	3360000.00000000000000000000000000000000000000000000000000
Streams_Cost['osmose_default_model_DefaultInvCost','elec_prod_cold_source_cold_source_Cinv','elec_prod_orc_cold_source']	0.00000000000000000000000000000000000000000000000000
Streams_Cost['osmose_default_model_DefaultInvCost','elec_prod_heat_cridor_heat_cridor_Cinv','elec_prod_utilities_heat_cridor']	0.00000000000000000000000000000000000000000000000000
Streams_Cost['osmose_default_model_DefaultInvCost','elec_prod_gas_boiler_gas_boiler_Cinv','elec_prod_utilities_gas_boiler']	0.00000000000000000000000000000000000000000000000000
Streams_Cost['osmose_default_model_DefaultInvCost','elec_prod_dh_network_dh_network_Cinv','elec_prod_dhn_dh_network']	0.00000000000000000000000000000000000000000000000000
Streams_Cost['osmose_default_model_DefaultMechPower','and_district_heating_demand_district_heating_Power','elec_prod_demand_dh_demand_district_heating']	0.00000000000000000000000000000000000000000000000000
Streams_Cost['osmose_default_model_DefaultMechPower','elec_prod_orc_cycle_orc_cycle_Power','elec_prod_orc_orc_cycle']	0.00000000000000000000000000000000000000000000000000
Streams_Cost['osmose_default_model_DefaultMechPower','elec_prod_wood_boiler_wood_boiler_Power','elec_prod_utilities_wood_boiler']	0.00000000000000000000000000000000000000000000000000
Streams_Cost['osmose_default_model_DefaultMechPower','elec_prod_geo_deep_geo_deep_Power','elec_prod_orc_geo_deep']	1.47059999999999990727417298330692574381828308105469
Streams_Cost['osmose_default_model_DefaultMechPower','elec_prod_cold_source_cold_source_Power','elec_prod_orc_cold_source']	0.00000000000000000000000000000000000000000000000000
Streams_Cost['osmose_default_model_DefaultMechPower','elec_prod_heat_cridor_heat_cridor_Power','elec_prod_utilities_heat_cridor']	0.00000000000000000000000000000000000000000000000000
Streams_Cost['osmose_default_model_DefaultMechPower','elec_prod_gas_boiler_gas_boiler_Power','elec_prod_utilities_gas_boiler']	0.00000000000000000000000000000000000000000000000000
Streams_Cost['osmose_default_model_DefaultMechPower','elec_prod_dh_network_dh_network_Power','elec_prod_dhn_dh_network']	0.00000000000000000000000000000000000000000000000000
Units_Cost['osmose_default_model_DefaultOpCost','elec_prod_demand_dh_demand_district_heating']	0.00000000000000000000000000000000000000000000000000
Units_Cost['osmose_default_model_DefaultOpCost','elec_prod_orc_orc_cycle']	0.00000000000000000000000000000000000000000000000000
Units_Cost['osmose_default_model_DefaultOpCost','elec_prod_utilities_wood_boiler']	772143.15789473685435950756072998046875000000000000000000
Units_Cost['osmose_default_model_DefaultOpCost','elec_prod_orc_geo_deep']	-1000.00000000000000000000000000000000000000000000000000
Units_Cost['osmose_default_model_DefaultOpCost','elec_prod_orc_cold_source']	0.00000000000000000000000000000000000000000000000000
Units_Cost['osmose_default_model_DefaultOpCost','elec_prod_utilities_heat_cridor']	-1000.00000000000000000000000000000000000000000000000000
Units_Cost['osmose_default_model_DefaultOpCost','elec_prod_utilities_gas_boiler']	550198536.58536601066589355468750000000000000000000000000000
Units_Cost['osmose_default_model_DefaultOpCost','elec_prod_dhn_dh_network']	-3680.00000973695296124788001179695129394531250000000000
Units_Cost['osmose_default_model_DefaultInvCost','elec_prod_demand_dh_demand_district_heating']	0.00000000000000000000000000000000000000000000000000
Units_Cost['osmose_default_model_DefaultInvCost','elec_prod_orc_orc_cycle']	0.00000000000000000000000000000000000000000000000000
Units_Cost['osmose_default_model_DefaultInvCost','elec_prod_utilities_wood_boiler']	0.00000000000000000000000000000000000000000000000000
Units_Cost['osmose_default_model_DefaultInvCost','elec_prod_orc_geo_deep']	3360000.00000000000000000000000000000000000000000000000000
Units_Cost['osmose_default_model_DefaultInvCost','elec_prod_orc_cold_source']	0.00000000000000000000000000000000000000000000000000
Units_Cost['osmose_default_model_DefaultInvCost','elec_prod_utilities_heat_cridor']	0.00000000000000000000000000000000000000000000000000
Units_Cost['osmose_default_model_DefaultInvCost','elec_prod_utilities_gas_boiler']	0.00000000000000000000000000000000000000000000000000
Units_Cost['osmose_default_model_DefaultInvCost','elec_prod_dhn_dh_network']	0.00000000000000000000000000000000000000000000000000
Units_Cost['osmose_default_model_DefaultMechPower','elec_prod_demand_dh_demand_district_heating']	0.00000000000000000000000000000000000000000000000000
Units_Cost['osmose_default_model_DefaultMechPower','elec_prod_orc_orc_cycle']	0.00000000000000000000000000000000000000000000000000
Units_Cost['osmose_default_model_DefaultMechPower','elec_prod_utilities_wood_boiler']	0.00000000000000000000000000000000000000000000000000
Units_Cost['osmose_default_model_DefaultMechPower','elec_prod_orc_geo_deep']	1.47059999999999990727417298330692574381828308105469
Units_Cost['osmose_default_model_DefaultMechPower','elec_prod_orc_cold_source']	0.00000000000000000000000000000000000000000000000000
Units_Cost['osmose_default_model_DefaultMechPower','elec_prod_utilities_heat_cridor']	0.00000000000000000000000000000000000000000000000000
Units_Cost['osmose_default_model_DefaultMechPower','elec_prod_utilities_gas_boiler']	0.00000000000000000000000000000000000000000000000000
Units_Cost['osmose_default_model_DefaultMechPower','elec_prod_dhn_dh_network']	0.00000000000000000000000000000000000000000000000000
Locations_Cost['osmose_default_model_DefaultOpCost','osmose_default_model_def_location']	550964999.74325096607208251953125000000000000000000000000000
Locations_Cost['osmose_default_model_DefaultInvCost','osmose_default_model_def_location']	3360000.00000000000000000000000000000000000000000000000000
Locations_Cost['osmose_default_model_DefaultMechPower','osmose_default_model_def_location']	1.47059999999999990727417298330692574381828308105469
Costs_Cost['osmose_default_model_DefaultOpCost']	550964999.74325096607208251953125000000000000000000000000000
Costs_Cost['osmose_default_model_DefaultInvCost']	3360000.00000000000000000000000000000000000000000000000000
Costs_Cost['osmose_default_model_DefaultMechPower']	1.47059999999999990727417298330692574381828308105469
Elec_buy	1.47059999999999990727417298330692574381828308105469
Elec_sell	0.00000000000000000000000000000000000000000000000000
YearlyOperatingCost	0.00000000000000000000000000000000000000000000000000
HC_Streams_Mult['osmose_default_model_DefaultHeatCascade','elec_prod_orc_cycle_preheating']	0.00000000000000000000000000000000000000000000000000
HC_Streams_Mult['osmose_default_model_DefaultHeatCascade','elec_prod_orc_cycle_evaporation']	0.00000000000000000000000000000000000000000000000000
HC_Streams_Mult['osmose_default_model_DefaultHeatCascade','elec_prod_orc_cycle_superheating']	0.00000000000000000000000000000000000000000000000000
HC_Streams_Mult['osmose_default_model_DefaultHeatCascade','elec_prod_orc_cycle_desuperheating']	0.00000000000000000000000000000000000000000000000000
HC_Streams_Mult['osmose_default_model_DefaultHeatCascade','elec_prod_orc_cycle_condensation']	0.00000000000000000000000000000000000000000000000000
HC_Streams_Mult['osmose_default_model_DefaultHeatCascade','elec_prod_wood_boiler_wood_boilerst']	1.00000000000000000000000000000000000000000000000000
HC_Streams_Mult['osmose_default_model_DefaultHeatCascade','elec_prod_geo_deep_geo_heat']	1.00000000000000000000000000000000000000000000000000
HC_Streams_Mult['osmose_default_model_DefaultHeatCascade','elec_prod_cold_source_cold_source_load']	0.04157250000000000528244115116649481933563947677612
HC_Streams_Mult['osmose_default_model_DefaultHeatCascade','elec_prod_gas_boiler_gas_boilerst']	1139.30000000000018189894035458564758300781250000000000
HC_Streams_Mult['osmose_default_model_DefaultHeatCascade','elec_prod_dh_network_dhn_load']	3.68000000973695273742691824736539274454116821289062
HC_Streams_Mult['osmose_default_model_DefaultHeatCascade','elec_prod_dh_network_dhn_sink']	3.68000000973695273742691824736539274454116821289062
HC_Streams_Mult['osmose_default_model_DefaultHeatCascade','elec_prod_demand_district_heating_dh_load1']	1.00000000000000000000000000000000000000000000000000
HC_Streams_Mult['osmose_default_model_DefaultHeatCascade','elec_prod_demand_district_heating_dh_load2']	1.00000000000000000000000000000000000000000000000000
HC_Streams_Mult['osmose_default_model_DefaultHeatCascade','elec_prod_demand_district_heating_dh_load3']	1.00000000000000000000000000000000000000000000000000
Streams_Q['osmose_default_model_DefaultHeatCascade','elec_prod_orc_cycle_preheating']	0.00000000000000000000000000000000000000000000000000
Streams_Q['osmose_default_model_DefaultHeatCascade','elec_prod_orc_cycle_evaporation']	0.00000000000000000000000000000000000000000000000000
Streams_Q['osmose_default_model_DefaultHeatCascade','elec_prod_orc_cycle_superheating']	0.00000000000000000000000000000000000000000000000000
Streams_Q['osmose_default_model_DefaultHeatCascade','elec_prod_orc_cycle_desuperheating']	0.00000000000000000000000000000000000000000000000000
Streams_Q['osmose_default_model_DefaultHeatCascade','elec_prod_orc_cycle_condensation']	0.00000000000000000000000000000000000000000000000000
Streams_Q['osmose_default_model_DefaultHeatCascade','elec_prod_wood_boiler_wood_boilerst']	3396.00000000000000000000000000000000000000000000000000
Streams_Q['osmose_default_model_DefaultHeatCascade','elec_prod_geo_deep_geo_heat']	415.72500000000002273736754432320594787597656250000000
Streams_Q['osmose_default_model_DefaultHeatCascade','elec_prod_cold_source_cold_source_load']	415.72500000000007958078640513122081756591796875000000
Streams_Q['osmose_default_model_DefaultHeatCascade','elec_prod_gas_boiler_gas_boilerst']	1139.30000000000018189894035458564758300781250000000000
Streams_Q['osmose_default_model_DefaultHeatCascade','elec_prod_dh_network_dhn_load']	18141.20000000000072759576141834259033203125000000000000
Streams_Q['osmose_default_model_DefaultHeatCascade','elec_prod_dh_network_dhn_sink']	18141.20000000000072759576141834259033203125000000000000
Streams_Q['osmose_default_model_DefaultHeatCascade','elec_prod_demand_district_heating_dh_load1']	1178.00000000000000000000000000000000000000000000000000
Streams_Q['osmose_default_model_DefaultHeatCascade','elec_prod_demand_district_heating_dh_load2']	2945.00000000000000000000000000000000000000000000000000
Streams_Q['osmose_default_model_DefaultHeatCascade','elec_prod_demand_district_heating_dh_load3']	412.30000000000001136868377216160297393798828125000000
HC_HTS_Rk['osmose_default_model_DefaultHeatCascade','osmose_default_model_def_location',1]	0.00000000000000000000000000000000000000000000000000
HC_HTS_Rk['osmose_default_model_DefaultHeatCascade','osmose_default_model_def_location',2]	0.00000000000000000000000000000000000000000000000000
HC_HTS_Rk['osmose_default_model_DefaultHeatCascade','osmose_default_model_def_location',3]	0.00000000000000000000000000000000000000000000000000
HC_HTS_Rk['osmose_default_model_DefaultHeatCascade','osmose_default_model_def_location',4]	0.00000000000000000000000000000000000000000000000000
HC_HTS_Rk['osmose_default_model_DefaultHeatCascade','osmose_default_model_def_location',5]	0.00000000000000000000000000000000000000000000000000
HC_HTS_Rk['osmose_default_model_DefaultHeatCascade','osmose_default_model_def_location',6]	0.00000000000000000000000000000000000000000000000000
HC_HTS_Rk['osmose_default_model_DefaultHeatCascade','osmose_default_model_def_location',7]	0.00000000000000000000000000000000000000000000000000
HC_HTS_Rk['osmose_default_model_DefaultHeatCascade','osmose_default_model_def_location',8]	0.00000000000000000000000000000000000000000000000000
HC_HTS_Rk['osmose_default_model_DefaultHeatCascade','osmose_default_model_def_location',9]	0.00000000000000000000000000000000000000000000000000
HC_HTS_Rk['osmose_default_model_DefaultHeatCascade','osmose_default_model_def_location',10]	0.00000000000000000000000000000000000000000000000000
HC_HTS_Rk['osmose_default_model_DefaultHeatCascade','osmose_default_model_def_location',11]	0.00000000000000000000000000000000000000000000000000
HC_HTS_Rk['osmose_default_model_DefaultHeatCascade','osmose_default_model_def_location',12]	0.00000000000000000000000000000000000000000000000000
HC_HTS_Rk['osmose_default_model_DefaultHeatCascade','osmose_default_model_def_location',13]	0.00000000000000000000000000000000000000000000000000
HC_Nodes_Rk['osmose_default_model_DefaultHeatCascade','osmose_default_model_def_location','elec_prod_utilities',1]	0.00000000000000000000000000000000000000000000000000
HC_Nodes_Rk['osmose_default_model_DefaultHeatCascade','osmose_default_model_def_location','elec_prod_utilities',2]	0.00000000000000000000000000000000000000000000000000
HC_Nodes_Rk['osmose_default_model_DefaultHeatCascade','osmose_default_model_def_location','elec_prod_utilities',3]	0.00000000000000000000000000000000000000000000000000
HC_Nodes_Rk['osmose_default_model_DefaultHeatCascade','osmose_default_model_def_location','elec_prod_utilities',4]	0.00000000000000000000000000000000000000000000000000
HC_Nodes_Rk['osmose_default_model_DefaultHeatCascade','osmose_default_model_def_location','elec_prod_utilities',5]	0.00000000000000000000000000000000000000000000000000
HC_Nodes_Rk['osmose_default_model_DefaultHeatCascade','osmose_default_model_def_location','elec_prod_utilities',6]	0.00000000000000000000000000000000000000000000000000
HC_Nodes_Rk['osmose_default_model_DefaultHeatCascade','osmose_default_model_def_location','elec_prod_utilities',7]	0.00000000000000000000000000000000000000000000000000
HC_Nodes_Rk['osmose_default_model_DefaultHeatCascade','osmose_default_model_def_location','elec_prod_utilities',8]	0.00000000000000000000000000000000000000000000000000
HC_Nodes_Rk['osmose_default_model_DefaultHeatCascade','osmose_default_model_def_location','elec_prod_utilities',9]	0.00000000000000000000000000000000000000000000000000
HC_Nodes_Rk['osmose_default_model_DefaultHeatCascade','osmose_default_model_def_location','elec_prod_utilities',10]	0.00000000000000000000000000000000000000000000000000
HC_Nodes_Rk['osmose_default_model_DefaultHeatCascade','osmose_default_model_def_location','elec_prod_utilities',11]	0.00000000000000000000000000000000000000000000000000
HC_Nodes_Rk['osmose_default_model_DefaultHeatCascade','osmose_default_model_def_location','elec_prod_utilities',12]	3212.79883476290660837548784911632537841796875000000000
HC_Nodes_Rk['osmose_default_model_DefaultHeatCascade','osmose_default_model_def_location','elec_prod_utilities',13]	0.00000000000000000000000000000000000000000000000000
HC_Nodes_Rk['osmose_default_model_DefaultHeatCascade','osmose_default_model_def_location','elec_prod_orc',1]	0.00000000000000000000000000000000000000000000000000
HC_Nodes_Rk['osmose_default_model_DefaultHeatCascade','osmose_default_model_def_location','elec_prod_orc',2]	207.86249999999998294697434175759553909301757812500000
HC_Nodes_Rk['osmose_default_model_DefaultHeatCascade','osmose_default_model_def_location','elec_prod_orc',3]	415.72500000000002273736754432320594787597656250000000
HC_Nodes_Rk['osmose_default_model_DefaultHeatCascade','osmose_default_model_def_location','elec_prod_orc',4]	415.72500000000002273736754432320594787597656250000000
HC_Nodes_Rk['osmose_default_model_DefaultHeatCascade','osmose_default_model_def_location','elec_prod_orc',5]	259.82812500000000000000000000000000000000000000000000
HC_Nodes_Rk['osmose_default_model_DefaultHeatCascade','osmose_default_model_def_location','elec_prod_orc',6]	155.89687500000002273736754432320594787597656250000000
HC_Nodes_Rk['osmose_default_model_DefaultHeatCascade','osmose_default_model_def_location','elec_prod_orc',7]	0.00000000000000000000000000000000000000000000000000
HC_Nodes_Rk['osmose_default_model_DefaultHeatCascade','osmose_default_model_def_location','elec_prod_orc',8]	0.00000000000000000000000000000000000000000000000000
HC_Nodes_Rk['osmose_default_model_DefaultHeatCascade','osmose_default_model_def_location','elec_prod_orc',9]	0.00000000000000000000000000000000000000000000000000
HC_Nodes_Rk['osmose_default_model_DefaultHeatCascade','osmose_default_model_def_location','elec_prod_orc',10]	0.00000000000000000000000000000000000000000000000000
HC_Nodes_Rk['osmose_default_model_DefaultHeatCascade','osmose_default_model_def_location','elec_prod_orc',11]	0.00000000000000000000000000000000000000000000000000
HC_Nodes_Rk['osmose_default_model_DefaultHeatCascade','osmose_default_model_def_location','elec_prod_orc',12]	0.00000000000000000000000000000000000000000000000000
HC_Nodes_Rk['osmose_default_model_DefaultHeatCascade','osmose_default_model_def_location','elec_prod_orc',13]	0.00000000000000000000000000000000000000000000000000
HC_Nodes_Rk['osmose_default_model_DefaultHeatCascade','osmose_default_model_def_location','elec_prod_demand_dh',1]	0.00000000000000000000000000000000000000000000000000
HC_Nodes_Rk['osmose_default_model_DefaultHeatCascade','osmose_default_model_def_location','elec_prod_demand_dh',2]	0.00000000000000000000000000000000000000000000000000
HC_Nodes_Rk['osmose_default_model_DefaultHeatCascade','osmose_default_model_def_location','elec_prod_demand_dh',3]	113.41548400000010587973520159721374511718750000000000
HC_Nodes_Rk['osmose_default_model_DefaultHeatCascade','osmose_default_model_def_location','elec_prod_demand_dh',4]	181.03268400000069959787651896476745605468750000000000
HC_Nodes_Rk['osmose_default_model_DefaultHeatCascade','osmose_default_model_def_location','elec_prod_demand_dh',5]	412.30000000000018189894035458564758300781250000000000
HC_Nodes_Rk['osmose_default_model_DefaultHeatCascade','osmose_default_model_def_location','elec_prod_demand_dh',6]	3357.30000000000018189894035458564758300781250000000000
HC_Nodes_Rk['osmose_default_model_DefaultHeatCascade','osmose_default_model_def_location','elec_prod_demand_dh',7]	3464.39090909090919012669473886489868164062500000000000
HC_Nodes_Rk['osmose_default_model_DefaultHeatCascade','osmose_default_model_def_location','elec_prod_demand_dh',8]	3643.08993939393849359476007521152496337890625000000000
HC_Nodes_Rk['osmose_default_model_DefaultHeatCascade','osmose_default_model_def_location','elec_prod_demand_dh',9]	4095.33484848484931717393919825553894042968750000000000
HC_Nodes_Rk['osmose_default_model_DefaultHeatCascade','osmose_default_model_def_location','elec_prod_demand_dh',10]	0.00000000000000000000000000000000000000000000000000
HC_Nodes_Rk['osmose_default_model_DefaultHeatCascade','osmose_default_model_def_location','elec_prod_demand_dh',11]	0.00000000000000000000000000000000000000000000000000
HC_Nodes_Rk['osmose_default_model_DefaultHeatCascade','osmose_default_model_def_location','elec_prod_demand_dh',12]	0.00000000000000000000000000000000000000000000000000
HC_Nodes_Rk['osmose_default_model_DefaultHeatCascade','osmose_default_model_def_location','elec_prod_demand_dh',13]	0.00000000000000000000000000000000000000000000000000
HC_Rk['osmose_default_model_DefaultHeatCascade','osmose_default_model_def_location',1]	0.00000000000000000000000000000000000000000000000000
HC_Rk['osmose_default_model_DefaultHeatCascade','osmose_default_model_def_location',2]	207.86249999999998294697434175759553909301757812500000
HC_Rk['osmose_default_model_DefaultHeatCascade','osmose_default_model_def_location',3]	529.14048400000012861710274592041969299316406250000000
HC_Rk['osmose_default_model_DefaultHeatCascade','osmose_default_model_def_location',4]	596.75768400000072233524406328797340393066406250000000
HC_Rk['osmose_default_model_DefaultHeatCascade','osmose_default_model_def_location',5]	672.12812500000018189894035458564758300781250000000000
HC_Rk['osmose_default_model_DefaultHeatCascade','osmose_default_model_def_location',6]	3513.19687500000009094947017729282379150390625000000000
HC_Rk['osmose_default_model_DefaultHeatCascade','osmose_default_model_def_location',7]	3464.39090909090919012669473886489868164062500000000000
HC_Rk['osmose_default_model_DefaultHeatCascade','osmose_default_model_def_location',8]	3643.08993939393849359476007521152496337890625000000000
HC_Rk['osmose_default_model_DefaultHeatCascade','osmose_default_model_def_location',9]	4095.33484848484931717393919825553894042968750000000000
HC_Rk['osmose_default_model_DefaultHeatCascade','osmose_default_model_def_location',10]	0.00000000000000000000000000000000000000000000000000
HC_Rk['osmose_default_model_DefaultHeatCascade','osmose_default_model_def_location',11]	0.00000000000000000000000000000000000000000000000000
HC_Rk['osmose_default_model_DefaultHeatCascade','osmose_default_model_def_location',12]	3212.79883476290660837548784911632537841796875000000000
HC_Rk['osmose_default_model_DefaultHeatCascade','osmose_default_model_def_location',13]	0.00000000000000000000000000000000000000000000000000
Qhtsmin['osmose_default_model_DefaultHeatCascade','osmose_default_model_def_location','elec_prod_utilities',1]	0.00000000000000000000000000000000000000000000000000
Qhtsmin['osmose_default_model_DefaultHeatCascade','osmose_default_model_def_location','elec_prod_utilities',2]	0.00000000000000000000000000000000000000000000000000
Qhtsmin['osmose_default_model_DefaultHeatCascade','osmose_default_model_def_location','elec_prod_utilities',3]	0.00000000000000000000000000000000000000000000000000
Qhtsmin['osmose_default_model_DefaultHeatCascade','osmose_default_model_def_location','elec_prod_utilities',4]	0.00000000000000000000000000000000000000000000000000
Qhtsmin['osmose_default_model_DefaultHeatCascade','osmose_default_model_def_location','elec_prod_utilities',5]	0.00000000000000000000000000000000000000000000000000
Qhtsmin['osmose_default_model_DefaultHeatCascade','osmose_default_model_def_location','elec_prod_utilities',6]	0.00000000000000000000000000000000000000000000000000
Qhtsmin['osmose_default_model_DefaultHeatCascade','osmose_default_model_def_location','elec_prod_utilities',7]	0.00000000000000000000000000000000000000000000000000
Qhtsmin['osmose_default_model_DefaultHeatCascade','osmose_default_model_def_location','elec_prod_utilities',8]	0.00000000000000000000000000000000000000000000000000
Qhtsmin['osmose_default_model_DefaultHeatCascade','osmose_default_model_def_location','elec_prod_utilities',9]	0.00000000000000000000000000000000000000000000000000
Qhtsmin['osmose_default_model_DefaultHeatCascade','osmose_default_model_def_location','elec_prod_utilities',10]	0.00000000000000000000000000000000000000000000000000
Qhtsmin['osmose_default_model_DefaultHeatCascade','osmose_default_model_def_location','elec_prod_utilities',11]	0.00000000000000000000000000000000000000000000000000
Qhtsmin['osmose_default_model_DefaultHeatCascade','osmose_default_model_def_location','elec_prod_utilities',12]	0.00000000000000000000000000000000000000000000000000
Qhtsmin['osmose_default_model_DefaultHeatCascade','osmose_default_model_def_location','elec_prod_utilities',13]	0.00000000000000000000000000000000000000000000000000
Qhtsmin['osmose_default_model_DefaultHeatCascade','osmose_default_model_def_location','elec_prod_orc',1]	0.00000000000000000000000000000000000000000000000000
Qhtsmin['osmose_default_model_DefaultHeatCascade','osmose_default_model_def_location','elec_prod_orc',2]	0.00000000000000000000000000000000000000000000000000
Qhtsmin['osmose_default_model_DefaultHeatCascade','osmose_default_model_def_location','elec_prod_orc',3]	0.00000000000000000000000000000000000000000000000000
Qhtsmin['osmose_default_model_DefaultHeatCascade','osmose_default_model_def_location','elec_prod_orc',4]	0.00000000000000000000000000000000000000000000000000
Qhtsmin['osmose_default_model_DefaultHeatCascade','osmose_default_model_def_location','elec_prod_orc',5]	0.00000000000000000000000000000000000000000000000000
Qhtsmin['osmose_default_model_DefaultHeatCascade','osmose_default_model_def_location','elec_prod_orc',6]	0.00000000000000000000000000000000000000000000000000
Qhtsmin['osmose_default_model_DefaultHeatCascade','osmose_default_model_def_location','elec_prod_orc',7]	0.00000000000000000000000000000000000000000000000000
Qhtsmin['osmose_default_model_DefaultHeatCascade','osmose_default_model_def_location','elec_prod_orc',8]	0.00000000000000000000000000000000000000000000000000
Qhtsmin['osmose_default_model_DefaultHeatCascade','osmose_default_model_def_location','elec_prod_orc',9]	0.00000000000000000000000000000000000000000000000000
Qhtsmin['osmose_default_model_DefaultHeatCascade','osmose_default_model_def_location','elec_prod_orc',10]	0.00000000000000000000000000000000000000000000000000
Qhtsmin['osmose_default_model_DefaultHeatCascade','osmose_default_model_def_location','elec_prod_orc',11]	0.00000000000000000000000000000000000000000000000000
Qhtsmin['osmose_default_model_DefaultHeatCascade','osmose_default_model_def_location','elec_prod_orc',12]	0.00000000000000000000000000000000000000000000000000
Qhtsmin['osmose_default_model_DefaultHeatCascade','osmose_default_model_def_location','elec_prod_orc',13]	0.00000000000000000000000000000000000000000000000000
Qhtsmin['osmose_default_model_DefaultHeatCascade','osmose_default_model_def_location','elec_prod_demand_dh',1]	4535.30000000000018189894035458564758300781250000000000
Qhtsmin['osmose_default_model_DefaultHeatCascade','osmose_default_model_def_location','elec_prod_demand_dh',2]	4535.30000000000018189894035458564758300781250000000000
Qhtsmin['osmose_default_model_DefaultHeatCascade','osmose_default_model_def_location','elec_prod_demand_dh',3]	4535.30000000000018189894035458564758300781250000000000
Qhtsmin['osmose_default_model_DefaultHeatCascade','osmose_default_model_def_location','elec_prod_demand_dh',4]	4535.30000000000018189894035458564758300781250000000000
Qhtsmin['osmose_default_model_DefaultHeatCascade','osmose_default_model_def_location','elec_prod_demand_dh',5]	4535.30000000000018189894035458564758300781250000000000
Qhtsmin['osmose_default_model_DefaultHeatCascade','osmose_default_model_def_location','elec_prod_demand_dh',6]	4535.30000000000018189894035458564758300781250000000000
Qhtsmin['osmose_default_model_DefaultHeatCascade','osmose_default_model_def_location','elec_prod_demand_dh',7]	4535.30000000000018189894035458564758300781250000000000
Qhtsmin['osmose_default_model_DefaultHeatCascade','osmose_default_model_def_location','elec_prod_demand_dh',8]	4535.30000000000018189894035458564758300781250000000000
Qhtsmin['osmose_default_model_DefaultHeatCascade','osmose_default_model_def_location','elec_prod_demand_dh',9]	4535.30000000000018189894035458564758300781250000000000
Qhtsmin['osmose_default_model_DefaultHeatCascade','osmose_default_model_def_location','elec_prod_demand_dh',10]	0.00000000000000000000000000000000000000000000000000
Qhtsmin['osmose_default_model_DefaultHeatCascade','osmose_default_model_def_location','elec_prod_demand_dh',11]	0.00000000000000000000000000000000000000000000000000
Qhtsmin['osmose_default_model_DefaultHeatCascade','osmose_default_model_def_location','elec_prod_demand_dh',12]	0.00000000000000000000000000000000000000000000000000
Qhtsmin['osmose_default_model_DefaultHeatCascade','osmose_default_model_def_location','elec_prod_demand_dh',13]	0.00000000000000000000000000000000000000000000000000
Qhtsplus['osmose_default_model_DefaultHeatCascade','osmose_default_model_def_location','elec_prod_utilities',1]	4535.30000000000018189894035458564758300781250000000000
Qhtsplus['osmose_default_model_DefaultHeatCascade','osmose_default_model_def_location','elec_prod_utilities',2]	4535.30000000000018189894035458564758300781250000000000
Qhtsplus['osmose_default_model_DefaultHeatCascade','osmose_default_model_def_location','elec_prod_utilities',3]	4535.30000000000018189894035458564758300781250000000000
Qhtsplus['osmose_default_model_DefaultHeatCascade','osmose_default_model_def_location','elec_prod_utilities',4]	4535.30000000000018189894035458564758300781250000000000
Qhtsplus['osmose_default_model_DefaultHeatCascade','osmose_default_model_def_location','elec_prod_utilities',5]	4535.30000000000018189894035458564758300781250000000000
Qhtsplus['osmose_default_model_DefaultHeatCascade','osmose_default_model_def_location','elec_prod_utilities',6]	4535.30000000000018189894035458564758300781250000000000
Qhtsplus['osmose_default_model_DefaultHeatCascade','osmose_default_model_def_location','elec_prod_utilities',7]	4535.30000000000018189894035458564758300781250000000000
Qhtsplus['osmose_default_model_DefaultHeatCascade','osmose_default_model_def_location','elec_prod_utilities',8]	4535.30000000000018189894035458564758300781250000000000
Qhtsplus['osmose_default_model_DefaultHeatCascade','osmose_default_model_def_location','elec_prod_utilities',9]	4535.30000000000018189894035458564758300781250000000000
Qhtsplus['osmose_default_model_DefaultHeatCascade','osmose_default_model_def_location','elec_prod_utilities',10]	4535.30000000000018189894035458564758300781250000000000
Qhtsplus['osmose_default_model_DefaultHeatCascade','osmose_default_model_def_location','elec_prod_utilities',11]	4535.30000000000018189894035458564758300781250000000000
Qhtsplus['osmose_default_model_DefaultHeatCascade','osmose_default_model_def_location','elec_prod_utilities',12]	0.00000000000000000000000000000000000000000000000000
Qhtsplus['osmose_default_model_DefaultHeatCascade','osmose_default_model_def_location','elec_prod_utilities',13]	0.00000000000000000000000000000000000000000000000000
Qhtsplus['osmose_default_model_DefaultHeatCascade','osmose_default_model_def_location','elec_prod_orc',1]	0.00000000000000000000000000000000000000000000000000
Qhtsplus['osmose_default_model_DefaultHeatCascade','osmose_default_model_def_location','elec_prod_orc',2]	0.00000000000000000000000000000000000000000000000000
Qhtsplus['osmose_default_model_DefaultHeatCascade','osmose_default_model_def_location','elec_prod_orc',3]	0.00000000000000000000000000000000000000000000000000
Qhtsplus['osmose_default_model_DefaultHeatCascade','osmose_default_model_def_location','elec_prod_orc',4]	0.00000000000000000000000000000000000000000000000000
Qhtsplus['osmose_default_model_DefaultHeatCascade','osmose_default_model_def_location','elec_prod_orc',5]	0.00000000000000000000000000000000000000000000000000
Qhtsplus['osmose_default_model_DefaultHeatCascade','osmose_default_model_def_location','elec_prod_orc',6]	0.00000000000000000000000000000000000000000000000000
Qhtsplus['osmose_default_model_DefaultHeatCascade','osmose_default_model_def_location','elec_prod_orc',7]	0.00000000000000000000000000000000000000000000000000
Qhtsplus['osmose_default_model_DefaultHeatCascade','osmose_default_model_def_location','elec_prod_orc',8]	0.00000000000000000000000000000000000000000000000000
Qhtsplus['osmose_default_model_DefaultHeatCascade','osmose_default_model_def_location','elec_prod_orc',9]	0.00000000000000000000000000000000000000000000000000
Qhtsplus['osmose_default_model_DefaultHeatCascade','osmose_default_model_def_location','elec_prod_orc',10]	0.00000000000000000000000000000000000000000000000000
Qhtsplus['osmose_default_model_DefaultHeatCascade','osmose_default_model_def_location','elec_prod_orc',11]	0.00000000000000000000000000000000000000000000000000
Qhtsplus['osmose_default_model_DefaultHeatCascade','osmose_default_model_def_location','elec_prod_orc',12]	0.00000000000000000000000000000000000000000000000000
Qhtsplus['osmose_default_model_DefaultHeatCascade','osmose_default_model_def_location','elec_prod_orc',13]	0.00000000000000000000000000000000000000000000000000
Qhtsplus['osmose_default_model_DefaultHeatCascade','osmose_default_model_def_location','elec_prod_demand_dh',1]	0.00000000000000000000000000000000000000000000000000
Qhtsplus['osmose_default_model_DefaultHeatCascade','osmose_default_model_def_location','elec_prod_demand_dh',2]	0.00000000000000000000000000000000000000000000000000
Qhtsplus['osmose_default_model_DefaultHeatCascade','osmose_default_model_def_location','elec_prod_demand_dh',3]	0.00000000000000000000000000000000000000000000000000
Qhtsplus['osmose_default_model_DefaultHeatCascade','osmose_default_model_def_location','elec_prod_demand_dh',4]	0.00000000000000000000000000000000000000000000000000
Qhtsplus['osmose_default_model_DefaultHeatCascade','osmose_default_model_def_location','elec_prod_demand_dh',5]	0.00000000000000000000000000000000000000000000000000
Qhtsplus['osmose_default_model_DefaultHeatCascade','osmose_default_model_def_location','elec_prod_demand_dh',6]	0.00000000000000000000000000000000000000000000000000
Qhtsplus['osmose_default_model_DefaultHeatCascade','osmose_default_model_def_location','elec_prod_demand_dh',7]	0.00000000000000000000000000000000000000000000000000
Qhtsplus['osmose_default_model_DefaultHeatCascade','osmose_default_model_def_location','elec_prod_demand_dh',8]	0.00000000000000000000000000000000000000000000000000
Qhtsplus['osmose_default_model_DefaultHeatCascade','osmose_default_model_def_location','elec_prod_demand_dh',9]	0.00000000000000000000000000000000000000000000000000
Qhtsplus['osmose_default_model_DefaultHeatCascade','osmose_default_model_def_location','elec_prod_demand_dh',10]	0.00000000000000000000000000000000000000000000000000
Qhtsplus['osmose_default_model_DefaultHeatCascade','osmose_default_model_def_location','elec_prod_demand_dh',11]	0.00000000000000000000000000000000000000000000000000
Qhtsplus['osmose_default_model_DefaultHeatCascade','osmose_default_model_def_location','elec_prod_demand_dh',12]	0.00000000000000000000000000000000000000000000000000
Qhtsplus['osmose_default_model_DefaultHeatCascade','osmose_default_model_def_location','elec_prod_demand_dh',13]	0.00000000000000000000000000000000000000000000000000
ObjectiveFunction	550964999.74325096607208251953125000000000000000000000000000
