Units_Mult['heat_pump2_heat_pump']	0.00000000000000000000000000000000000000000000000000
Units_Mult['heat_pump1_heat_pump']	0.00000000000000000000000000000000000000000000000000
Units_Mult['demand_profiles_district_heating']	1.00000000000000000000000000000000000000000000000000
Units_Mult['cridor_heat_cridor']	1.00000000000000000000000000000000000000000000000000
Units_Mult['gas_boiler_gas_boiler']	1169.67389999999977590050548315048217773437500000000000
Units_Mult['wood_boiler_wood_boiler']	0.00000000000000000000000000000000000000000000000000
Units_Use['heat_pump2_heat_pump']	1.00000000000000000000000000000000000000000000000000
Units_Use['heat_pump1_heat_pump']	1.00000000000000000000000000000000000000000000000000
Units_Use['demand_profiles_district_heating']	1.00000000000000000000000000000000000000000000000000
Units_Use['cridor_heat_cridor']	1.00000000000000000000000000000000000000000000000000
Units_Use['gas_boiler_gas_boiler']	1.00000000000000000000000000000000000000000000000000
Units_Use['wood_boiler_wood_boiler']	1.00000000000000000000000000000000000000000000000000
Streams_Cost['osmose_default_model_DefaultOpCost','nd_profiles_district_heating_district_heating_Cost','demand_profiles_district_heating']	0.00000000000000000000000000000000000000000000000000
Streams_Cost['osmose_default_model_DefaultOpCost','heat_pump2_heat_pump_heat_pump_Cost','heat_pump2_heat_pump']	0.00000000000000000000000000000000000000000000000000
Streams_Cost['osmose_default_model_DefaultOpCost','heat_pump1_heat_pump_heat_pump_Cost','heat_pump1_heat_pump']	0.00000000000000000000000000000000000000000000000000
Streams_Cost['osmose_default_model_DefaultOpCost','cridor_heat_cridor_heat_cridor_Cost','cridor_heat_cridor']	-1000.00000000000000000000000000000000000000000000000000
Streams_Cost['osmose_default_model_DefaultOpCost','gas_boiler_gas_boiler_gas_boiler_Cost','gas_boiler_gas_boiler']	11696738.99999999813735485076904296875000000000000000000000
Streams_Cost['osmose_default_model_DefaultOpCost','wood_boiler_wood_boiler_wood_boiler_Cost','wood_boiler_wood_boiler']	0.00000000000000000000000000000000000000000000000000
Streams_Cost['osmose_default_model_DefaultInvCost','nd_profiles_district_heating_district_heating_Cinv','demand_profiles_district_heating']	0.00000000000000000000000000000000000000000000000000
Streams_Cost['osmose_default_model_DefaultInvCost','heat_pump2_heat_pump_heat_pump_Cinv','heat_pump2_heat_pump']	0.00000000000000000000000000000000000000000000000000
Streams_Cost['osmose_default_model_DefaultInvCost','heat_pump1_heat_pump_heat_pump_Cinv','heat_pump1_heat_pump']	0.00000000000000000000000000000000000000000000000000
Streams_Cost['osmose_default_model_DefaultInvCost','cridor_heat_cridor_heat_cridor_Cinv','cridor_heat_cridor']	0.00000000000000000000000000000000000000000000000000
Streams_Cost['osmose_default_model_DefaultInvCost','gas_boiler_gas_boiler_gas_boiler_Cinv','gas_boiler_gas_boiler']	0.00000000000000000000000000000000000000000000000000
Streams_Cost['osmose_default_model_DefaultInvCost','wood_boiler_wood_boiler_wood_boiler_Cinv','wood_boiler_wood_boiler']	0.00000000000000000000000000000000000000000000000000
Streams_Cost['osmose_default_model_DefaultMechPower','d_profiles_district_heating_district_heating_Power','demand_profiles_district_heating']	0.00000000000000000000000000000000000000000000000000
Streams_Cost['osmose_default_model_DefaultMechPower','heat_pump2_heat_pump_heat_pump_Power','heat_pump2_heat_pump']	0.00000000000000000000000000000000000000000000000000
Streams_Cost['osmose_default_model_DefaultMechPower','heat_pump1_heat_pump_heat_pump_Power','heat_pump1_heat_pump']	0.00000000000000000000000000000000000000000000000000
Streams_Cost['osmose_default_model_DefaultMechPower','cridor_heat_cridor_heat_cridor_Power','cridor_heat_cridor']	0.00000000000000000000000000000000000000000000000000
Streams_Cost['osmose_default_model_DefaultMechPower','gas_boiler_gas_boiler_gas_boiler_Power','gas_boiler_gas_boiler']	0.00000000000000000000000000000000000000000000000000
Streams_Cost['osmose_default_model_DefaultMechPower','wood_boiler_wood_boiler_wood_boiler_Power','wood_boiler_wood_boiler']	0.00000000000000000000000000000000000000000000000000
Units_Cost['osmose_default_model_DefaultOpCost','demand_profiles_district_heating']	0.00000000000000000000000000000000000000000000000000
Units_Cost['osmose_default_model_DefaultOpCost','heat_pump2_heat_pump']	0.00000000000000000000000000000000000000000000000000
Units_Cost['osmose_default_model_DefaultOpCost','heat_pump1_heat_pump']	0.00000000000000000000000000000000000000000000000000
Units_Cost['osmose_default_model_DefaultOpCost','cridor_heat_cridor']	-1000.00000000000000000000000000000000000000000000000000
Units_Cost['osmose_default_model_DefaultOpCost','gas_boiler_gas_boiler']	11696738.99999999813735485076904296875000000000000000000000
Units_Cost['osmose_default_model_DefaultOpCost','wood_boiler_wood_boiler']	0.00000000000000000000000000000000000000000000000000
Units_Cost['osmose_default_model_DefaultInvCost','demand_profiles_district_heating']	0.00000000000000000000000000000000000000000000000000
Units_Cost['osmose_default_model_DefaultInvCost','heat_pump2_heat_pump']	0.00000000000000000000000000000000000000000000000000
Units_Cost['osmose_default_model_DefaultInvCost','heat_pump1_heat_pump']	0.00000000000000000000000000000000000000000000000000
Units_Cost['osmose_default_model_DefaultInvCost','cridor_heat_cridor']	0.00000000000000000000000000000000000000000000000000
Units_Cost['osmose_default_model_DefaultInvCost','gas_boiler_gas_boiler']	0.00000000000000000000000000000000000000000000000000
Units_Cost['osmose_default_model_DefaultInvCost','wood_boiler_wood_boiler']	0.00000000000000000000000000000000000000000000000000
Units_Cost['osmose_default_model_DefaultMechPower','demand_profiles_district_heating']	0.00000000000000000000000000000000000000000000000000
Units_Cost['osmose_default_model_DefaultMechPower','heat_pump2_heat_pump']	0.00000000000000000000000000000000000000000000000000
Units_Cost['osmose_default_model_DefaultMechPower','heat_pump1_heat_pump']	0.00000000000000000000000000000000000000000000000000
Units_Cost['osmose_default_model_DefaultMechPower','cridor_heat_cridor']	0.00000000000000000000000000000000000000000000000000
Units_Cost['osmose_default_model_DefaultMechPower','gas_boiler_gas_boiler']	0.00000000000000000000000000000000000000000000000000
Units_Cost['osmose_default_model_DefaultMechPower','wood_boiler_wood_boiler']	0.00000000000000000000000000000000000000000000000000
Locations_Cost['osmose_default_model_DefaultOpCost','osmose_default_model_def_location']	11695738.99999999813735485076904296875000000000000000000000
Locations_Cost['osmose_default_model_DefaultInvCost','osmose_default_model_def_location']	0.00000000000000000000000000000000000000000000000000
Locations_Cost['osmose_default_model_DefaultMechPower','osmose_default_model_def_location']	0.00000000000000000000000000000000000000000000000000
Costs_Cost['osmose_default_model_DefaultOpCost']	11695738.99999999813735485076904296875000000000000000000000
Costs_Cost['osmose_default_model_DefaultInvCost']	0.00000000000000000000000000000000000000000000000000
Costs_Cost['osmose_default_model_DefaultMechPower']	0.00000000000000000000000000000000000000000000000000
Elec_buy	0.00000000000000000000000000000000000000000000000000
Elec_sell	0.00000000000000000000000000000000000000000000000000
YearlyOperatingCost	0.00000000000000000000000000000000000000000000000000
HC_Streams_Mult['osmose_default_model_DefaultHeatCascade','heat_pump2_heat_pump_evap']	0.00000000000000000000000000000000000000000000000000
HC_Streams_Mult['osmose_default_model_DefaultHeatCascade','heat_pump2_heat_pump_desuph']	0.00000000000000000000000000000000000000000000000000
HC_Streams_Mult['osmose_default_model_DefaultHeatCascade','heat_pump2_heat_pump_cond']	0.00000000000000000000000000000000000000000000000000
HC_Streams_Mult['osmose_default_model_DefaultHeatCascade','heat_pump1_heat_pump_evap']	0.00000000000000000000000000000000000000000000000000
HC_Streams_Mult['osmose_default_model_DefaultHeatCascade','heat_pump1_heat_pump_desuph']	0.00000000000000000000000000000000000000000000000000
HC_Streams_Mult['osmose_default_model_DefaultHeatCascade','heat_pump1_heat_pump_cond']	0.00000000000000000000000000000000000000000000000000
HC_Streams_Mult['osmose_default_model_DefaultHeatCascade','demand_profiles_district_heating_dhn_load']	1.00000000000000000000000000000000000000000000000000
HC_Streams_Mult['osmose_default_model_DefaultHeatCascade','cridor_heat_cridor_dhn_cridor']	1.00000000000000000000000000000000000000000000000000
HC_Streams_Mult['osmose_default_model_DefaultHeatCascade','gas_boiler_gas_boiler_gas_boilerst']	1169.67389999999977590050548315048217773437500000000000
Streams_Q['osmose_default_model_DefaultHeatCascade','heat_pump2_heat_pump_evap']	0.00000000000000000000000000000000000000000000000000
Streams_Q['osmose_default_model_DefaultHeatCascade','heat_pump2_heat_pump_desuph']	0.00000000000000000000000000000000000000000000000000
Streams_Q['osmose_default_model_DefaultHeatCascade','heat_pump2_heat_pump_cond']	0.00000000000000000000000000000000000000000000000000
Streams_Q['osmose_default_model_DefaultHeatCascade','heat_pump1_heat_pump_evap']	0.00000000000000000000000000000000000000000000000000
Streams_Q['osmose_default_model_DefaultHeatCascade','heat_pump1_heat_pump_desuph']	0.00000000000000000000000000000000000000000000000000
Streams_Q['osmose_default_model_DefaultHeatCascade','heat_pump1_heat_pump_cond']	0.00000000000000000000000000000000000000000000000000
Streams_Q['osmose_default_model_DefaultHeatCascade','demand_profiles_district_heating_dhn_load']	4929.67389999999977590050548315048217773437500000000000
Streams_Q['osmose_default_model_DefaultHeatCascade','cridor_heat_cridor_dhn_cridor']	3760.00000000000000000000000000000000000000000000000000
Streams_Q['osmose_default_model_DefaultHeatCascade','gas_boiler_gas_boiler_gas_boilerst']	1169.67389999999977590050548315048217773437500000000000
HC_Rk['osmose_default_model_DefaultHeatCascade','osmose_default_model_def_location',1]	0.00000000000000000000000000000000000000000000000000
HC_Rk['osmose_default_model_DefaultHeatCascade','osmose_default_model_def_location',2]	0.00000000000000000000000000000000000000000000000000
HC_Rk['osmose_default_model_DefaultHeatCascade','osmose_default_model_def_location',3]	0.00000000000000000000000000000000000000000000000000
HC_Rk['osmose_default_model_DefaultHeatCascade','osmose_default_model_def_location',4]	0.00000000000000000000000000000000000000000000000000
HC_Rk['osmose_default_model_DefaultHeatCascade','osmose_default_model_def_location',5]	0.00000000000000000000000000000000000000000000000000
HC_Rk['osmose_default_model_DefaultHeatCascade','osmose_default_model_def_location',6]	1540.52309375000004365574568510055541992187500000000000
HC_Rk['osmose_default_model_DefaultHeatCascade','osmose_default_model_def_location',7]	2604.06942721312316280091181397438049316406250000000000
HC_Rk['osmose_default_model_DefaultHeatCascade','osmose_default_model_def_location',8]	3.50902169999946744738394954765681177377700805664062
HC_Rk['osmose_default_model_DefaultHeatCascade','osmose_default_model_def_location',9]	0.00000000000000000000000000000000000000000000000000
ObjectiveFunction	11695738.99999999813735485076904296875000000000000000000000
