Display statement at line 369
Units_Mult[muschelkalk_geo_deep].val = 0.349947031998139
Units_Mult[heat_pump2_heat_pump].val = 0.782125066604537
Units_Mult[heat_pump1_heat_pump].val = 1.70434509417272
Units_Mult[demand_profiles_district_heating].val = 1
Units_Mult[cridor_heat_cridor].val = 1
Units_Mult[gas_boiler_gas_boiler].val = 0
Units_Mult[wood_boiler_wood_boiler].val = 1
Display statement at line 370
Units_Use[muschelkalk_geo_deep].val = 1
Units_Use[heat_pump2_heat_pump].val = 1
Units_Use[heat_pump1_heat_pump].val = 1
Units_Use[demand_profiles_district_heating].val = 1
Units_Use[cridor_heat_cridor].val = 1
Units_Use[gas_boiler_gas_boiler].val = 0
Units_Use[wood_boiler_wood_boiler].val = 1
Display statement at line 382
Streams_Cost[osmose_default_model_DefaultOpCost,nd_profiles_district_heating_district_heating_Cost,demand_profiles_district_heating].val = 0
Streams_Cost[osmose_default_model_DefaultOpCost,muschelkalk_geo_deep_geo_deep_Cost,muschelkalk_geo_deep].val = 13339.1129911297
Streams_Cost[osmose_default_model_DefaultOpCost,heat_pump2_heat_pump_heat_pump_Cost,heat_pump2_heat_pump].val = 4285715.30821476
Streams_Cost[osmose_default_model_DefaultOpCost,heat_pump1_heat_pump_heat_pump_Cost,heat_pump1_heat_pump].val = 406682.645515041
Streams_Cost[osmose_default_model_DefaultOpCost,cridor_heat_cridor_heat_cridor_Cost,cridor_heat_cridor].val = -1000
Streams_Cost[osmose_default_model_DefaultOpCost,gas_boiler_gas_boiler_gas_boiler_Cost,gas_boiler_gas_boiler].val = 0
Streams_Cost[osmose_default_model_DefaultOpCost,wood_boiler_wood_boiler_wood_boiler_Cost,wood_boiler_wood_boiler].val = 227.368421052632
Streams_Cost[osmose_default_model_DefaultInvCost,nd_profiles_district_heating_district_heating_Cinv,demand_profiles_district_heating].val = 0
Streams_Cost[osmose_default_model_DefaultInvCost,muschelkalk_geo_deep_geo_deep_Cinv,muschelkalk_geo_deep].val = 5370000
Streams_Cost[osmose_default_model_DefaultInvCost,heat_pump2_heat_pump_heat_pump_Cinv,heat_pump2_heat_pump].val = 0
Streams_Cost[osmose_default_model_DefaultInvCost,heat_pump1_heat_pump_heat_pump_Cinv,heat_pump1_heat_pump].val = 0
Streams_Cost[osmose_default_model_DefaultInvCost,cridor_heat_cridor_heat_cridor_Cinv,cridor_heat_cridor].val = 0
Streams_Cost[osmose_default_model_DefaultInvCost,gas_boiler_gas_boiler_gas_boiler_Cinv,gas_boiler_gas_boiler].val = 0
Streams_Cost[osmose_default_model_DefaultInvCost,wood_boiler_wood_boiler_wood_boiler_Cinv,wood_boiler_wood_boiler].val = 0
Streams_Cost[osmose_default_model_DefaultMechPower,d_profiles_district_heating_district_heating_Power,demand_profiles_district_heating].val = 0
Streams_Cost[osmose_default_model_DefaultMechPower,muschelkalk_geo_deep_geo_deep_Power,muschelkalk_geo_deep].val = 3.7053091642027
Streams_Cost[osmose_default_model_DefaultMechPower,heat_pump2_heat_pump_heat_pump_Power,heat_pump2_heat_pump].val = 238.09529490082
Streams_Cost[osmose_default_model_DefaultMechPower,heat_pump1_heat_pump_heat_pump_Power,heat_pump1_heat_pump].val = 22.5934803063912
Streams_Cost[osmose_default_model_DefaultMechPower,cridor_heat_cridor_heat_cridor_Power,cridor_heat_cridor].val = 0
Streams_Cost[osmose_default_model_DefaultMechPower,gas_boiler_gas_boiler_gas_boiler_Power,gas_boiler_gas_boiler].val = 0
Streams_Cost[osmose_default_model_DefaultMechPower,wood_boiler_wood_boiler_wood_boiler_Power,wood_boiler_wood_boiler].val = 0
Display statement at line 383
Units_Cost[osmose_default_model_DefaultOpCost,demand_profiles_district_heating].val = 0
Units_Cost[osmose_default_model_DefaultOpCost,muschelkalk_geo_deep].val = 13339.1129911297
Units_Cost[osmose_default_model_DefaultOpCost,heat_pump2_heat_pump].val = 4285715.30821476
Units_Cost[osmose_default_model_DefaultOpCost,heat_pump1_heat_pump].val = 406682.645515041
Units_Cost[osmose_default_model_DefaultOpCost,cridor_heat_cridor].val = -1000
Units_Cost[osmose_default_model_DefaultOpCost,gas_boiler_gas_boiler].val = 0
Units_Cost[osmose_default_model_DefaultOpCost,wood_boiler_wood_boiler].val = 227.368421052632
Units_Cost[osmose_default_model_DefaultInvCost,demand_profiles_district_heating].val = 0
Units_Cost[osmose_default_model_DefaultInvCost,muschelkalk_geo_deep].val = 5370000
Units_Cost[osmose_default_model_DefaultInvCost,heat_pump2_heat_pump].val = 0
Units_Cost[osmose_default_model_DefaultInvCost,heat_pump1_heat_pump].val = 0
Units_Cost[osmose_default_model_DefaultInvCost,cridor_heat_cridor].val = 0
Units_Cost[osmose_default_model_DefaultInvCost,gas_boiler_gas_boiler].val = 0
Units_Cost[osmose_default_model_DefaultInvCost,wood_boiler_wood_boiler].val = 0
Units_Cost[osmose_default_model_DefaultMechPower,demand_profiles_district_heating].val = 0
Units_Cost[osmose_default_model_DefaultMechPower,muschelkalk_geo_deep].val = 3.7053091642027
Units_Cost[osmose_default_model_DefaultMechPower,heat_pump2_heat_pump].val = 238.09529490082
Units_Cost[osmose_default_model_DefaultMechPower,heat_pump1_heat_pump].val = 22.5934803063912
Units_Cost[osmose_default_model_DefaultMechPower,cridor_heat_cridor].val = 0
Units_Cost[osmose_default_model_DefaultMechPower,gas_boiler_gas_boiler].val = 0
Units_Cost[osmose_default_model_DefaultMechPower,wood_boiler_wood_boiler].val = 0
Display statement at line 384
Locations_Cost[osmose_default_model_DefaultOpCost,osmose_default_model_def_location].val = 4704964.43514198
Locations_Cost[osmose_default_model_DefaultInvCost,osmose_default_model_def_location].val = 5370000
Locations_Cost[osmose_default_model_DefaultMechPower,osmose_default_model_def_location].val = 264.394084371414
Display statement at line 385
Costs_Cost[osmose_default_model_DefaultOpCost].val = 4704964.43514198
Costs_Cost[osmose_default_model_DefaultInvCost].val = 5370000
Costs_Cost[osmose_default_model_DefaultMechPower].val = 264.394084371414
Display statement at line 386
Cost_generatedGroups_power has empty content
Display statement at line 387
YearlyOperatingCost.val = 0
Display statement at line 396
HC_Streams_Mult[osmose_default_model_DefaultHeatCascade,muschelkalk_geo_deep_geo_heat].val = 0.349947031998139
HC_Streams_Mult[osmose_default_model_DefaultHeatCascade,heat_pump2_heat_pump_evap].val = 0.782125066604537
HC_Streams_Mult[osmose_default_model_DefaultHeatCascade,heat_pump2_heat_pump_desuph].val = 0.782125066604537
HC_Streams_Mult[osmose_default_model_DefaultHeatCascade,heat_pump2_heat_pump_cond].val = 0.782125066604537
HC_Streams_Mult[osmose_default_model_DefaultHeatCascade,heat_pump1_heat_pump_evap].val = 1.70434509417272
HC_Streams_Mult[osmose_default_model_DefaultHeatCascade,heat_pump1_heat_pump_desuph].val = 1.70434509417272
HC_Streams_Mult[osmose_default_model_DefaultHeatCascade,heat_pump1_heat_pump_cond].val = 1.70434509417272
HC_Streams_Mult[osmose_default_model_DefaultHeatCascade,demand_profiles_district_heating_dhn_load].val = 1
HC_Streams_Mult[osmose_default_model_DefaultHeatCascade,cridor_heat_cridor_dhn_cridor].val = 1
HC_Streams_Mult[osmose_default_model_DefaultHeatCascade,gas_boiler_gas_boiler_gas_boilerst].val = 0
HC_Streams_Mult[osmose_default_model_DefaultHeatCascade,wood_boiler_wood_boiler_wood_boilerst].val = 1
Display statement at line 397
Streams_Q[osmose_default_model_DefaultHeatCascade,muschelkalk_geo_deep_geo_heat].val = 850.476236870375
Streams_Q[osmose_default_model_DefaultHeatCascade,heat_pump2_heat_pump_evap].val = 873.070569349313
Streams_Q[osmose_default_model_DefaultHeatCascade,heat_pump2_heat_pump_desuph].val = 94.0653996354611
Streams_Q[osmose_default_model_DefaultHeatCascade,heat_pump2_heat_pump_cond].val = 1017.09890036454
Streams_Q[osmose_default_model_DefaultHeatCascade,heat_pump1_heat_pump_evap].val = 287.107157183959
Streams_Q[osmose_default_model_DefaultHeatCascade,heat_pump1_heat_pump_desuph].val = 7.28760918817311
Streams_Q[osmose_default_model_DefaultHeatCascade,heat_pump1_heat_pump_cond].val = 302.413880474724
Streams_Q[osmose_default_model_DefaultHeatCascade,demand_profiles_district_heating_dhn_load].val = 8258.8043
Streams_Q[osmose_default_model_DefaultHeatCascade,cridor_heat_cridor_dhn_cridor].val = 5710
Streams_Q[osmose_default_model_DefaultHeatCascade,gas_boiler_gas_boiler_gas_boilerst].val = 0
Streams_Q[osmose_default_model_DefaultHeatCascade,wood_boiler_wood_boiler_wood_boilerst].val = 1437.64
Display statement at line 398
HC_generatedGroups_load has empty content
Display statement at line 399
HC_Rk[osmose_default_model_DefaultHeatCascade,osmose_default_model_def_location,1].val = 0
HC_Rk[osmose_default_model_DefaultHeatCascade,osmose_default_model_def_location,2].val = 0
HC_Rk[osmose_default_model_DefaultHeatCascade,osmose_default_model_def_location,3].val = 555.146464180178
HC_Rk[osmose_default_model_DefaultHeatCascade,osmose_default_model_def_location,4].val = 451.851539619433
HC_Rk[osmose_default_model_DefaultHeatCascade,osmose_default_model_def_location,5].val = 0
HC_Rk[osmose_default_model_DefaultHeatCascade,osmose_default_model_def_location,6].val = 0
HC_Rk[osmose_default_model_DefaultHeatCascade,osmose_default_model_def_location,7].val = 708.440611382136
HC_Rk[osmose_default_model_DefaultHeatCascade,osmose_default_model_def_location,8].val = 2908.94633976334
HC_Rk[osmose_default_model_DefaultHeatCascade,osmose_default_model_def_location,9].val = 1360.31750552948
HC_Rk[osmose_default_model_DefaultHeatCascade,osmose_default_model_def_location,10].val = 1360.08484004963
HC_Rk[osmose_default_model_DefaultHeatCascade,osmose_default_model_def_location,11].val = 0
