Units_Mult['elec_prod_orc_orc_cycle']	0.00000000000000000000000000000000000000000000000000
Units_Mult['elec_prod_utilities_wood_boiler']	1.00000000000000000000000000000000000000000000000000
Units_Mult['elec_prod_orc_geo_deep']	1.00000000000000000000000000000000000000000000000000
Units_Mult['elec_prod_orc_cold_source']	0.04157250000000000528244115116649481933563947677612
Units_Mult['elec_prod_utilities_heat_cridor']	1.00000000000000000000000000000000000000000000000000
Units_Mult['elec_prod_utilities_gas_boiler']	18086.06789999999818974174559116363525390625000000000000
Units_Mult['elec_prod_dhn_dh_network']	4.25058050692617772625681027420796453952789306640625
Units_Mult['elec_prod_demand_dh_demand_district_heating']	1.00000000000000000000000000000000000000000000000000
Units_Use['elec_prod_orc_orc_cycle']	1.00000000000000000000000000000000000000000000000000
Units_Use['elec_prod_utilities_wood_boiler']	1.00000000000000000000000000000000000000000000000000
Units_Use['elec_prod_orc_geo_deep']	1.00000000000000000000000000000000000000000000000000
Units_Use['elec_prod_orc_cold_source']	1.00000000000000000000000000000000000000000000000000
Units_Use['elec_prod_utilities_heat_cridor']	1.00000000000000000000000000000000000000000000000000
Units_Use['elec_prod_utilities_gas_boiler']	1.00000000000000000000000000000000000000000000000000
Units_Use['elec_prod_dhn_dh_network']	1.00000000000000000000000000000000000000000000000000
Units_Use['elec_prod_demand_dh_demand_district_heating']	1.00000000000000000000000000000000000000000000000000
Streams_Cost['osmose_default_model_DefaultOpCost','mand_district_heating_demand_district_heating_Cost','elec_prod_demand_dh_demand_district_heating']	0.00000000000000000000000000000000000000000000000000
Streams_Cost['osmose_default_model_DefaultOpCost','elec_prod_orc_cycle_orc_cycle_Cost','elec_prod_orc_orc_cycle']	0.00000000000000000000000000000000000000000000000000
Streams_Cost['osmose_default_model_DefaultOpCost','elec_prod_wood_boiler_wood_boiler_Cost','elec_prod_utilities_wood_boiler']	909473.68421052640769630670547485351562500000000000000000
Streams_Cost['osmose_default_model_DefaultOpCost','elec_prod_geo_deep_geo_deep_Cost','elec_prod_orc_geo_deep']	-1000.00000000000000000000000000000000000000000000000000
Streams_Cost['osmose_default_model_DefaultOpCost','elec_prod_cold_source_cold_source_Cost','elec_prod_orc_cold_source']	0.00000000000000000000000000000000000000000000000000
Streams_Cost['osmose_default_model_DefaultOpCost','elec_prod_heat_cridor_heat_cridor_Cost','elec_prod_utilities_heat_cridor']	-1000.00000000000000000000000000000000000000000000000000
Streams_Cost['osmose_default_model_DefaultOpCost','elec_prod_gas_boiler_gas_boiler_Cost','elec_prod_utilities_gas_boiler']	8734247424.87804794311523437500000000000000000000000000000000
Streams_Cost['osmose_default_model_DefaultOpCost','elec_prod_dh_network_dh_network_Cost','elec_prod_dhn_dh_network']	-4250.58050692617780441651120781898498535156250000000000
Streams_Cost['osmose_default_model_DefaultInvCost','mand_district_heating_demand_district_heating_Cinv','elec_prod_demand_dh_demand_district_heating']	0.00000000000000000000000000000000000000000000000000
Streams_Cost['osmose_default_model_DefaultInvCost','elec_prod_orc_cycle_orc_cycle_Cinv','elec_prod_orc_orc_cycle']	0.00000000000000000000000000000000000000000000000000
Streams_Cost['osmose_default_model_DefaultInvCost','elec_prod_wood_boiler_wood_boiler_Cinv','elec_prod_utilities_wood_boiler']	0.00000000000000000000000000000000000000000000000000
Streams_Cost['osmose_default_model_DefaultInvCost','elec_prod_geo_deep_geo_deep_Cinv','elec_prod_orc_geo_deep']	3360000.00000000000000000000000000000000000000000000000000
Streams_Cost['osmose_default_model_DefaultInvCost','elec_prod_cold_source_cold_source_Cinv','elec_prod_orc_cold_source']	0.00000000000000000000000000000000000000000000000000
Streams_Cost['osmose_default_model_DefaultInvCost','elec_prod_heat_cridor_heat_cridor_Cinv','elec_prod_utilities_heat_cridor']	0.00000000000000000000000000000000000000000000000000
Streams_Cost['osmose_default_model_DefaultInvCost','elec_prod_gas_boiler_gas_boiler_Cinv','elec_prod_utilities_gas_boiler']	0.00000000000000000000000000000000000000000000000000
Streams_Cost['osmose_default_model_DefaultInvCost','elec_prod_dh_network_dh_network_Cinv','elec_prod_dhn_dh_network']	0.00000000000000000000000000000000000000000000000000
Streams_Cost['osmose_default_model_DefaultMechPower','and_district_heating_demand_district_heating_Power','elec_prod_demand_dh_demand_district_heating']	0.00000000000000000000000000000000000000000000000000
Streams_Cost['osmose_default_model_DefaultMechPower','elec_prod_orc_cycle_orc_cycle_Power','elec_prod_orc_orc_cycle']	0.00000000000000000000000000000000000000000000000000
Streams_Cost['osmose_default_model_DefaultMechPower','elec_prod_wood_boiler_wood_boiler_Power','elec_prod_utilities_wood_boiler']	0.00000000000000000000000000000000000000000000000000
Streams_Cost['osmose_default_model_DefaultMechPower','elec_prod_geo_deep_geo_deep_Power','elec_prod_orc_geo_deep']	1.47059999999999990727417298330692574381828308105469
Streams_Cost['osmose_default_model_DefaultMechPower','elec_prod_cold_source_cold_source_Power','elec_prod_orc_cold_source']	0.00000000000000000000000000000000000000000000000000
Streams_Cost['osmose_default_model_DefaultMechPower','elec_prod_heat_cridor_heat_cridor_Power','elec_prod_utilities_heat_cridor']	0.00000000000000000000000000000000000000000000000000
Streams_Cost['osmose_default_model_DefaultMechPower','elec_prod_gas_boiler_gas_boiler_Power','elec_prod_utilities_gas_boiler']	0.00000000000000000000000000000000000000000000000000
Streams_Cost['osmose_default_model_DefaultMechPower','elec_prod_dh_network_dh_network_Power','elec_prod_dhn_dh_network']	0.00000000000000000000000000000000000000000000000000
Units_Cost['osmose_default_model_DefaultOpCost','elec_prod_demand_dh_demand_district_heating']	0.00000000000000000000000000000000000000000000000000
Units_Cost['osmose_default_model_DefaultOpCost','elec_prod_orc_orc_cycle']	0.00000000000000000000000000000000000000000000000000
Units_Cost['osmose_default_model_DefaultOpCost','elec_prod_utilities_wood_boiler']	909473.68421052640769630670547485351562500000000000000000
Units_Cost['osmose_default_model_DefaultOpCost','elec_prod_orc_geo_deep']	-1000.00000000000000000000000000000000000000000000000000
Units_Cost['osmose_default_model_DefaultOpCost','elec_prod_orc_cold_source']	0.00000000000000000000000000000000000000000000000000
Units_Cost['osmose_default_model_DefaultOpCost','elec_prod_utilities_heat_cridor']	-1000.00000000000000000000000000000000000000000000000000
Units_Cost['osmose_default_model_DefaultOpCost','elec_prod_utilities_gas_boiler']	8734247424.87804794311523437500000000000000000000000000000000
Units_Cost['osmose_default_model_DefaultOpCost','elec_prod_dhn_dh_network']	-4250.58050692617780441651120781898498535156250000000000
Units_Cost['osmose_default_model_DefaultInvCost','elec_prod_demand_dh_demand_district_heating']	0.00000000000000000000000000000000000000000000000000
Units_Cost['osmose_default_model_DefaultInvCost','elec_prod_orc_orc_cycle']	0.00000000000000000000000000000000000000000000000000
Units_Cost['osmose_default_model_DefaultInvCost','elec_prod_utilities_wood_boiler']	0.00000000000000000000000000000000000000000000000000
Units_Cost['osmose_default_model_DefaultInvCost','elec_prod_orc_geo_deep']	3360000.00000000000000000000000000000000000000000000000000
Units_Cost['osmose_default_model_DefaultInvCost','elec_prod_orc_cold_source']	0.00000000000000000000000000000000000000000000000000
Units_Cost['osmose_default_model_DefaultInvCost','elec_prod_utilities_heat_cridor']	0.00000000000000000000000000000000000000000000000000
Units_Cost['osmose_default_model_DefaultInvCost','elec_prod_utilities_gas_boiler']	0.00000000000000000000000000000000000000000000000000
Units_Cost['osmose_default_model_DefaultInvCost','elec_prod_dhn_dh_network']	0.00000000000000000000000000000000000000000000000000
Units_Cost['osmose_default_model_DefaultMechPower','elec_prod_demand_dh_demand_district_heating']	0.00000000000000000000000000000000000000000000000000
Units_Cost['osmose_default_model_DefaultMechPower','elec_prod_orc_orc_cycle']	0.00000000000000000000000000000000000000000000000000
Units_Cost['osmose_default_model_DefaultMechPower','elec_prod_utilities_wood_boiler']	0.00000000000000000000000000000000000000000000000000
Units_Cost['osmose_default_model_DefaultMechPower','elec_prod_orc_geo_deep']	1.47059999999999990727417298330692574381828308105469
Units_Cost['osmose_default_model_DefaultMechPower','elec_prod_orc_cold_source']	0.00000000000000000000000000000000000000000000000000
Units_Cost['osmose_default_model_DefaultMechPower','elec_prod_utilities_heat_cridor']	0.00000000000000000000000000000000000000000000000000
Units_Cost['osmose_default_model_DefaultMechPower','elec_prod_utilities_gas_boiler']	0.00000000000000000000000000000000000000000000000000
Units_Cost['osmose_default_model_DefaultMechPower','elec_prod_dhn_dh_network']	0.00000000000000000000000000000000000000000000000000
Locations_Cost['osmose_default_model_DefaultOpCost','osmose_default_model_def_location']	8735150647.98175048828125000000000000000000000000000000000000
Locations_Cost['osmose_default_model_DefaultInvCost','osmose_default_model_def_location']	3360000.00000000000000000000000000000000000000000000000000
Locations_Cost['osmose_default_model_DefaultMechPower','osmose_default_model_def_location']	1.47059999999999990727417298330692574381828308105469
Costs_Cost['osmose_default_model_DefaultOpCost']	8735150647.98175048828125000000000000000000000000000000000000
Costs_Cost['osmose_default_model_DefaultInvCost']	3360000.00000000000000000000000000000000000000000000000000
Costs_Cost['osmose_default_model_DefaultMechPower']	1.47059999999999990727417298330692574381828308105469
Elec_buy	1.47059999999999990727417298330692574381828308105469
Elec_sell	0.00000000000000000000000000000000000000000000000000
YearlyOperatingCost	0.00000000000000000000000000000000000000000000000000
HC_Streams_Mult['osmose_default_model_DefaultHeatCascade','elec_prod_orc_cycle_preheating']	0.00000000000000000000000000000000000000000000000000
HC_Streams_Mult['osmose_default_model_DefaultHeatCascade','elec_prod_orc_cycle_evaporation']	0.00000000000000000000000000000000000000000000000000
HC_Streams_Mult['osmose_default_model_DefaultHeatCascade','elec_prod_orc_cycle_superheating']	0.00000000000000000000000000000000000000000000000000
HC_Streams_Mult['osmose_default_model_DefaultHeatCascade','elec_prod_orc_cycle_desuperheating']	0.00000000000000000000000000000000000000000000000000
HC_Streams_Mult['osmose_default_model_DefaultHeatCascade','elec_prod_orc_cycle_condensation']	0.00000000000000000000000000000000000000000000000000
HC_Streams_Mult['osmose_default_model_DefaultHeatCascade','elec_prod_wood_boiler_wood_boilerst']	1.00000000000000000000000000000000000000000000000000
HC_Streams_Mult['osmose_default_model_DefaultHeatCascade','elec_prod_geo_deep_geo_heat']	1.00000000000000000000000000000000000000000000000000
HC_Streams_Mult['osmose_default_model_DefaultHeatCascade','elec_prod_cold_source_cold_source_load']	0.04157250000000000528244115116649481933563947677612
HC_Streams_Mult['osmose_default_model_DefaultHeatCascade','elec_prod_heat_cridor_dhn_cridor']	1.00000000000000000000000000000000000000000000000000
HC_Streams_Mult['osmose_default_model_DefaultHeatCascade','elec_prod_gas_boiler_gas_boilerst']	18086.06789999999818974174559116363525390625000000000000
HC_Streams_Mult['osmose_default_model_DefaultHeatCascade','elec_prod_dh_network_dhn_load']	4.25058050692617772625681027420796453952789306640625
HC_Streams_Mult['osmose_default_model_DefaultHeatCascade','elec_prod_dh_network_dhn_sink']	4.25058050692617772625681027420796453952789306640625
HC_Streams_Mult['osmose_default_model_DefaultHeatCascade','elec_prod_demand_district_heating_dh_load1']	1.00000000000000000000000000000000000000000000000000
HC_Streams_Mult['osmose_default_model_DefaultHeatCascade','elec_prod_demand_district_heating_dh_load3']	1.00000000000000000000000000000000000000000000000000
Streams_Q['osmose_default_model_DefaultHeatCascade','elec_prod_orc_cycle_preheating']	0.00000000000000000000000000000000000000000000000000
Streams_Q['osmose_default_model_DefaultHeatCascade','elec_prod_orc_cycle_evaporation']	0.00000000000000000000000000000000000000000000000000
Streams_Q['osmose_default_model_DefaultHeatCascade','elec_prod_orc_cycle_superheating']	0.00000000000000000000000000000000000000000000000000
Streams_Q['osmose_default_model_DefaultHeatCascade','elec_prod_orc_cycle_desuperheating']	0.00000000000000000000000000000000000000000000000000
Streams_Q['osmose_default_model_DefaultHeatCascade','elec_prod_orc_cycle_condensation']	0.00000000000000000000000000000000000000000000000000
Streams_Q['osmose_default_model_DefaultHeatCascade','elec_prod_wood_boiler_wood_boilerst']	4000.00000000000000000000000000000000000000000000000000
Streams_Q['osmose_default_model_DefaultHeatCascade','elec_prod_geo_deep_geo_heat']	415.72500000000002273736754432320594787597656250000000
Streams_Q['osmose_default_model_DefaultHeatCascade','elec_prod_cold_source_cold_source_load']	415.72500000000007958078640513122081756591796875000000
Streams_Q['osmose_default_model_DefaultHeatCascade','elec_prod_heat_cridor_dhn_cridor']	14373.03210000000035506673157215118408203125000000000000
Streams_Q['osmose_default_model_DefaultHeatCascade','elec_prod_gas_boiler_gas_boilerst']	18086.06789999999818974174559116363525390625000000000000
Streams_Q['osmose_default_model_DefaultHeatCascade','elec_prod_dh_network_dhn_load']	168448.19529897891334258019924163818359375000000000000000
Streams_Q['osmose_default_model_DefaultHeatCascade','elec_prod_dh_network_dhn_sink']	168448.19529897891334258019924163818359375000000000000000
Streams_Q['osmose_default_model_DefaultHeatCascade','elec_prod_demand_district_heating_dh_load1']	27624.09999999999854480847716331481933593750000000000000
Streams_Q['osmose_default_model_DefaultHeatCascade','elec_prod_demand_district_heating_dh_load3']	8835.00000000000000000000000000000000000000000000000000
HC_HTS_Rk['osmose_default_model_DefaultHeatCascade','osmose_default_model_def_location',1]	0.00000000000000000000000000000000000000000000000000
HC_HTS_Rk['osmose_default_model_DefaultHeatCascade','osmose_default_model_def_location',2]	0.00000000000000000000000000000000000000000000000000
HC_HTS_Rk['osmose_default_model_DefaultHeatCascade','osmose_default_model_def_location',3]	0.00000000000000000000000000000000000000000000000000
HC_HTS_Rk['osmose_default_model_DefaultHeatCascade','osmose_default_model_def_location',4]	0.00000000000000000000000000000000000000000000000000
HC_HTS_Rk['osmose_default_model_DefaultHeatCascade','osmose_default_model_def_location',5]	0.00000000000000000000000000000000000000000000000000
HC_HTS_Rk['osmose_default_model_DefaultHeatCascade','osmose_default_model_def_location',6]	0.00000000000000000000000000000000000000000000000000
HC_HTS_Rk['osmose_default_model_DefaultHeatCascade','osmose_default_model_def_location',7]	0.00000000000000000000000000000000000000000000000000
HC_HTS_Rk['osmose_default_model_DefaultHeatCascade','osmose_default_model_def_location',8]	0.00000000000000000000000000000000000000000000000000
HC_HTS_Rk['osmose_default_model_DefaultHeatCascade','osmose_default_model_def_location',9]	0.00000000000136424205265939235687255859375000000000
HC_HTS_Rk['osmose_default_model_DefaultHeatCascade','osmose_default_model_def_location',10]	0.00000000000000000000000000000000000000000000000000
HC_HTS_Rk['osmose_default_model_DefaultHeatCascade','osmose_default_model_def_location',11]	0.00000000000000000000000000000000000000000000000000
HC_HTS_Rk['osmose_default_model_DefaultHeatCascade','osmose_default_model_def_location',12]	0.00000000000000000000000000000000000000000000000000
HC_HTS_Rk['osmose_default_model_DefaultHeatCascade','osmose_default_model_def_location',13]	0.00000000000000000000000000000000000000000000000000
HC_Nodes_Rk['osmose_default_model_DefaultHeatCascade','osmose_default_model_def_location','elec_prod_utilities',1]	0.00000000000000000000000000000000000000000000000000
HC_Nodes_Rk['osmose_default_model_DefaultHeatCascade','osmose_default_model_def_location','elec_prod_utilities',2]	0.00000000000000000000000000000000000000000000000000
HC_Nodes_Rk['osmose_default_model_DefaultHeatCascade','osmose_default_model_def_location','elec_prod_utilities',3]	0.00000000000000000000000000000000000000000000000000
HC_Nodes_Rk['osmose_default_model_DefaultHeatCascade','osmose_default_model_def_location','elec_prod_utilities',4]	0.00000000000000000000000000000000000000000000000000
HC_Nodes_Rk['osmose_default_model_DefaultHeatCascade','osmose_default_model_def_location','elec_prod_utilities',5]	0.00000000000000000000000000000000000000000000000000
HC_Nodes_Rk['osmose_default_model_DefaultHeatCascade','osmose_default_model_def_location','elec_prod_utilities',6]	0.00000000000000000000000000000000000000000000000000
HC_Nodes_Rk['osmose_default_model_DefaultHeatCascade','osmose_default_model_def_location','elec_prod_utilities',7]	0.00000000000000000000000000000000000000000000000000
HC_Nodes_Rk['osmose_default_model_DefaultHeatCascade','osmose_default_model_def_location','elec_prod_utilities',8]	0.00000000000000000000000000000000000000000000000000
HC_Nodes_Rk['osmose_default_model_DefaultHeatCascade','osmose_default_model_def_location','elec_prod_utilities',9]	0.00000000000000000000000000000000000000000000000000
HC_Nodes_Rk['osmose_default_model_DefaultHeatCascade','osmose_default_model_def_location','elec_prod_utilities',10]	0.00000000000000000000000000000000000000000000000000
HC_Nodes_Rk['osmose_default_model_DefaultHeatCascade','osmose_default_model_def_location','elec_prod_utilities',11]	3839.12091071838722200482152402400970458984375000000000
HC_Nodes_Rk['osmose_default_model_DefaultHeatCascade','osmose_default_model_def_location','elec_prod_utilities',12]	3784.21535307762860611546784639358520507812500000000000
HC_Nodes_Rk['osmose_default_model_DefaultHeatCascade','osmose_default_model_def_location','elec_prod_utilities',13]	0.00000000000000000000000000000000000000000000000000
HC_Nodes_Rk['osmose_default_model_DefaultHeatCascade','osmose_default_model_def_location','elec_prod_orc',1]	0.00000000000000000000000000000000000000000000000000
HC_Nodes_Rk['osmose_default_model_DefaultHeatCascade','osmose_default_model_def_location','elec_prod_orc',2]	207.86249999999998294697434175759553909301757812500000
HC_Nodes_Rk['osmose_default_model_DefaultHeatCascade','osmose_default_model_def_location','elec_prod_orc',3]	415.72500000000002273736754432320594787597656250000000
HC_Nodes_Rk['osmose_default_model_DefaultHeatCascade','osmose_default_model_def_location','elec_prod_orc',4]	415.72500000000002273736754432320594787597656250000000
HC_Nodes_Rk['osmose_default_model_DefaultHeatCascade','osmose_default_model_def_location','elec_prod_orc',5]	0.00000000000000000000000000000000000000000000000000
HC_Nodes_Rk['osmose_default_model_DefaultHeatCascade','osmose_default_model_def_location','elec_prod_orc',6]	0.00000000000000000000000000000000000000000000000000
HC_Nodes_Rk['osmose_default_model_DefaultHeatCascade','osmose_default_model_def_location','elec_prod_orc',7]	0.00000000000000000000000000000000000000000000000000
HC_Nodes_Rk['osmose_default_model_DefaultHeatCascade','osmose_default_model_def_location','elec_prod_orc',8]	0.00000000000000000000000000000000000000000000000000
HC_Nodes_Rk['osmose_default_model_DefaultHeatCascade','osmose_default_model_def_location','elec_prod_orc',9]	0.00000000000000000000000000000000000000000000000000
HC_Nodes_Rk['osmose_default_model_DefaultHeatCascade','osmose_default_model_def_location','elec_prod_orc',10]	0.00000000000000000000000000000000000000000000000000
HC_Nodes_Rk['osmose_default_model_DefaultHeatCascade','osmose_default_model_def_location','elec_prod_orc',11]	0.00000000000000000000000000000000000000000000000000
HC_Nodes_Rk['osmose_default_model_DefaultHeatCascade','osmose_default_model_def_location','elec_prod_orc',12]	0.00000000000000000000000000000000000000000000000000
HC_Nodes_Rk['osmose_default_model_DefaultHeatCascade','osmose_default_model_def_location','elec_prod_orc',13]	0.00000000000000000000000000000000000000000000000000
HC_Nodes_Rk['osmose_default_model_DefaultHeatCascade','osmose_default_model_def_location','elec_prod_demand_dh',1]	0.00000000000000000000000000000000000000000000000000
HC_Nodes_Rk['osmose_default_model_DefaultHeatCascade','osmose_default_model_def_location','elec_prod_demand_dh',2]	0.00000000000000000000000000000000000000000000000000
HC_Nodes_Rk['osmose_default_model_DefaultHeatCascade','osmose_default_model_def_location','elec_prod_demand_dh',3]	911.37442499999451683834195137023925781250000000000000
HC_Nodes_Rk['osmose_default_model_DefaultHeatCascade','osmose_default_model_def_location','elec_prod_demand_dh',4]	1453.46793750000506406649947166442871093750000000000000
HC_Nodes_Rk['osmose_default_model_DefaultHeatCascade','osmose_default_model_def_location','elec_prod_demand_dh',5]	4417.50000000000000000000000000000000000000000000000000
HC_Nodes_Rk['osmose_default_model_DefaultHeatCascade','osmose_default_model_def_location','elec_prod_demand_dh',6]	4449.96862499999770079739391803741455078125000000000000
HC_Nodes_Rk['osmose_default_model_DefaultHeatCascade','osmose_default_model_def_location','elec_prod_demand_dh',7]	8257.27935000000434229150414466857910156250000000000000
HC_Nodes_Rk['osmose_default_model_DefaultHeatCascade','osmose_default_model_def_location','elec_prod_demand_dh',8]	8835.00000000000000000000000000000000000000000000000000
HC_Nodes_Rk['osmose_default_model_DefaultHeatCascade','osmose_default_model_def_location','elec_prod_demand_dh',9]	7787.06675762061786372214555740356445312500000000000000
HC_Nodes_Rk['osmose_default_model_DefaultHeatCascade','osmose_default_model_def_location','elec_prod_demand_dh',10]	0.00000000000000000000000000000000000000000000000000
HC_Nodes_Rk['osmose_default_model_DefaultHeatCascade','osmose_default_model_def_location','elec_prod_demand_dh',11]	0.00000000000000000000000000000000000000000000000000
HC_Nodes_Rk['osmose_default_model_DefaultHeatCascade','osmose_default_model_def_location','elec_prod_demand_dh',12]	0.00000000000000000000000000000000000000000000000000
HC_Nodes_Rk['osmose_default_model_DefaultHeatCascade','osmose_default_model_def_location','elec_prod_demand_dh',13]	0.00000000000000000000000000000000000000000000000000
HC_Rk['osmose_default_model_DefaultHeatCascade','osmose_default_model_def_location',1]	0.00000000000000000000000000000000000000000000000000
HC_Rk['osmose_default_model_DefaultHeatCascade','osmose_default_model_def_location',2]	207.86249999999998294697434175759553909301757812500000
HC_Rk['osmose_default_model_DefaultHeatCascade','osmose_default_model_def_location',3]	1327.09942499999442588887177407741546630859375000000000
HC_Rk['osmose_default_model_DefaultHeatCascade','osmose_default_model_def_location',4]	1869.19293750000497311702929437160491943359375000000000
HC_Rk['osmose_default_model_DefaultHeatCascade','osmose_default_model_def_location',5]	4417.50000000000000000000000000000000000000000000000000
HC_Rk['osmose_default_model_DefaultHeatCascade','osmose_default_model_def_location',6]	4449.96862499999770079739391803741455078125000000000000
HC_Rk['osmose_default_model_DefaultHeatCascade','osmose_default_model_def_location',7]	8257.27935000000434229150414466857910156250000000000000
HC_Rk['osmose_default_model_DefaultHeatCascade','osmose_default_model_def_location',8]	8835.00000000000000000000000000000000000000000000000000
HC_Rk['osmose_default_model_DefaultHeatCascade','osmose_default_model_def_location',9]	7787.06675762061968271154910326004028320312500000000000
HC_Rk['osmose_default_model_DefaultHeatCascade','osmose_default_model_def_location',10]	0.00000000000000000000000000000000000000000000000000
HC_Rk['osmose_default_model_DefaultHeatCascade','osmose_default_model_def_location',11]	3839.12091071838722200482152402400970458984375000000000
HC_Rk['osmose_default_model_DefaultHeatCascade','osmose_default_model_def_location',12]	3784.21535307762860611546784639358520507812500000000000
HC_Rk['osmose_default_model_DefaultHeatCascade','osmose_default_model_def_location',13]	0.00000000000000000000000000000000000000000000000000
Qhtsmin['osmose_default_model_DefaultHeatCascade','osmose_default_model_def_location','elec_prod_utilities',1]	0.00000000000000000000000000000000000000000000000000
Qhtsmin['osmose_default_model_DefaultHeatCascade','osmose_default_model_def_location','elec_prod_utilities',2]	0.00000000000000000000000000000000000000000000000000
Qhtsmin['osmose_default_model_DefaultHeatCascade','osmose_default_model_def_location','elec_prod_utilities',3]	0.00000000000000000000000000000000000000000000000000
Qhtsmin['osmose_default_model_DefaultHeatCascade','osmose_default_model_def_location','elec_prod_utilities',4]	0.00000000000000000000000000000000000000000000000000
Qhtsmin['osmose_default_model_DefaultHeatCascade','osmose_default_model_def_location','elec_prod_utilities',5]	0.00000000000000000000000000000000000000000000000000
Qhtsmin['osmose_default_model_DefaultHeatCascade','osmose_default_model_def_location','elec_prod_utilities',6]	0.00000000000000000000000000000000000000000000000000
Qhtsmin['osmose_default_model_DefaultHeatCascade','osmose_default_model_def_location','elec_prod_utilities',7]	0.00000000000000000000000000000000000000000000000000
Qhtsmin['osmose_default_model_DefaultHeatCascade','osmose_default_model_def_location','elec_prod_utilities',8]	0.00000000000000000000000000000000000000000000000000
Qhtsmin['osmose_default_model_DefaultHeatCascade','osmose_default_model_def_location','elec_prod_utilities',9]	0.00000000000000000000000000000000000000000000000000
Qhtsmin['osmose_default_model_DefaultHeatCascade','osmose_default_model_def_location','elec_prod_utilities',10]	0.00000000000000000000000000000000000000000000000000
Qhtsmin['osmose_default_model_DefaultHeatCascade','osmose_default_model_def_location','elec_prod_utilities',11]	0.00000000000000000000000000000000000000000000000000
Qhtsmin['osmose_default_model_DefaultHeatCascade','osmose_default_model_def_location','elec_prod_utilities',12]	0.00000000000000000000000000000000000000000000000000
Qhtsmin['osmose_default_model_DefaultHeatCascade','osmose_default_model_def_location','elec_prod_utilities',13]	0.00000000000000000000000000000000000000000000000000
Qhtsmin['osmose_default_model_DefaultHeatCascade','osmose_default_model_def_location','elec_prod_orc',1]	0.00000000000000000000000000000000000000000000000000
Qhtsmin['osmose_default_model_DefaultHeatCascade','osmose_default_model_def_location','elec_prod_orc',2]	0.00000000000000000000000000000000000000000000000000
Qhtsmin['osmose_default_model_DefaultHeatCascade','osmose_default_model_def_location','elec_prod_orc',3]	0.00000000000000000000000000000000000000000000000000
Qhtsmin['osmose_default_model_DefaultHeatCascade','osmose_default_model_def_location','elec_prod_orc',4]	0.00000000000000000000000000000000000000000000000000
Qhtsmin['osmose_default_model_DefaultHeatCascade','osmose_default_model_def_location','elec_prod_orc',5]	0.00000000000000000000000000000000000000000000000000
Qhtsmin['osmose_default_model_DefaultHeatCascade','osmose_default_model_def_location','elec_prod_orc',6]	0.00000000000000000000000000000000000000000000000000
Qhtsmin['osmose_default_model_DefaultHeatCascade','osmose_default_model_def_location','elec_prod_orc',7]	0.00000000000000000000000000000000000000000000000000
Qhtsmin['osmose_default_model_DefaultHeatCascade','osmose_default_model_def_location','elec_prod_orc',8]	0.00000000000000000000000000000000000000000000000000
Qhtsmin['osmose_default_model_DefaultHeatCascade','osmose_default_model_def_location','elec_prod_orc',9]	0.00000000000000000000000000000000000000000000000000
Qhtsmin['osmose_default_model_DefaultHeatCascade','osmose_default_model_def_location','elec_prod_orc',10]	0.00000000000000000000000000000000000000000000000000
Qhtsmin['osmose_default_model_DefaultHeatCascade','osmose_default_model_def_location','elec_prod_orc',11]	0.00000000000000000000000000000000000000000000000000
Qhtsmin['osmose_default_model_DefaultHeatCascade','osmose_default_model_def_location','elec_prod_orc',12]	0.00000000000000000000000000000000000000000000000000
Qhtsmin['osmose_default_model_DefaultHeatCascade','osmose_default_model_def_location','elec_prod_orc',13]	0.00000000000000000000000000000000000000000000000000
Qhtsmin['osmose_default_model_DefaultHeatCascade','osmose_default_model_def_location','elec_prod_demand_dh',1]	36459.09999999999854480847716331481933593750000000000000
Qhtsmin['osmose_default_model_DefaultHeatCascade','osmose_default_model_def_location','elec_prod_demand_dh',2]	36459.09999999999854480847716331481933593750000000000000
Qhtsmin['osmose_default_model_DefaultHeatCascade','osmose_default_model_def_location','elec_prod_demand_dh',3]	36459.09999999999854480847716331481933593750000000000000
Qhtsmin['osmose_default_model_DefaultHeatCascade','osmose_default_model_def_location','elec_prod_demand_dh',4]	36459.09999999999854480847716331481933593750000000000000
Qhtsmin['osmose_default_model_DefaultHeatCascade','osmose_default_model_def_location','elec_prod_demand_dh',5]	36459.09999999999854480847716331481933593750000000000000
Qhtsmin['osmose_default_model_DefaultHeatCascade','osmose_default_model_def_location','elec_prod_demand_dh',6]	36459.09999999999854480847716331481933593750000000000000
Qhtsmin['osmose_default_model_DefaultHeatCascade','osmose_default_model_def_location','elec_prod_demand_dh',7]	36459.09999999999854480847716331481933593750000000000000
Qhtsmin['osmose_default_model_DefaultHeatCascade','osmose_default_model_def_location','elec_prod_demand_dh',8]	36459.09999999999854480847716331481933593750000000000000
Qhtsmin['osmose_default_model_DefaultHeatCascade','osmose_default_model_def_location','elec_prod_demand_dh',9]	7787.06675762061786372214555740356445312500000000000000
Qhtsmin['osmose_default_model_DefaultHeatCascade','osmose_default_model_def_location','elec_prod_demand_dh',10]	0.00000000000000000000000000000000000000000000000000
Qhtsmin['osmose_default_model_DefaultHeatCascade','osmose_default_model_def_location','elec_prod_demand_dh',11]	0.00000000000000000000000000000000000000000000000000
Qhtsmin['osmose_default_model_DefaultHeatCascade','osmose_default_model_def_location','elec_prod_demand_dh',12]	0.00000000000000000000000000000000000000000000000000
Qhtsmin['osmose_default_model_DefaultHeatCascade','osmose_default_model_def_location','elec_prod_demand_dh',13]	0.00000000000000000000000000000000000000000000000000
Qhtsplus['osmose_default_model_DefaultHeatCascade','osmose_default_model_def_location','elec_prod_utilities',1]	36459.09999999999854480847716331481933593750000000000000
Qhtsplus['osmose_default_model_DefaultHeatCascade','osmose_default_model_def_location','elec_prod_utilities',2]	36459.09999999999854480847716331481933593750000000000000
Qhtsplus['osmose_default_model_DefaultHeatCascade','osmose_default_model_def_location','elec_prod_utilities',3]	36459.09999999999854480847716331481933593750000000000000
Qhtsplus['osmose_default_model_DefaultHeatCascade','osmose_default_model_def_location','elec_prod_utilities',4]	36459.09999999999854480847716331481933593750000000000000
Qhtsplus['osmose_default_model_DefaultHeatCascade','osmose_default_model_def_location','elec_prod_utilities',5]	36459.09999999999854480847716331481933593750000000000000
Qhtsplus['osmose_default_model_DefaultHeatCascade','osmose_default_model_def_location','elec_prod_utilities',6]	36459.09999999999854480847716331481933593750000000000000
Qhtsplus['osmose_default_model_DefaultHeatCascade','osmose_default_model_def_location','elec_prod_utilities',7]	36459.09999999999854480847716331481933593750000000000000
Qhtsplus['osmose_default_model_DefaultHeatCascade','osmose_default_model_def_location','elec_prod_utilities',8]	36459.09999999999854480847716331481933593750000000000000
Qhtsplus['osmose_default_model_DefaultHeatCascade','osmose_default_model_def_location','elec_prod_utilities',9]	36459.09999999999854480847716331481933593750000000000000
Qhtsplus['osmose_default_model_DefaultHeatCascade','osmose_default_model_def_location','elec_prod_utilities',10]	28672.03324237938795704394578933715820312500000000000000
Qhtsplus['osmose_default_model_DefaultHeatCascade','osmose_default_model_def_location','elec_prod_utilities',11]	0.00000000000000000000000000000000000000000000000000
Qhtsplus['osmose_default_model_DefaultHeatCascade','osmose_default_model_def_location','elec_prod_utilities',12]	0.00000000000000000000000000000000000000000000000000
Qhtsplus['osmose_default_model_DefaultHeatCascade','osmose_default_model_def_location','elec_prod_utilities',13]	0.00000000000000000000000000000000000000000000000000
Qhtsplus['osmose_default_model_DefaultHeatCascade','osmose_default_model_def_location','elec_prod_orc',1]	0.00000000000000000000000000000000000000000000000000
Qhtsplus['osmose_default_model_DefaultHeatCascade','osmose_default_model_def_location','elec_prod_orc',2]	0.00000000000000000000000000000000000000000000000000
Qhtsplus['osmose_default_model_DefaultHeatCascade','osmose_default_model_def_location','elec_prod_orc',3]	0.00000000000000000000000000000000000000000000000000
Qhtsplus['osmose_default_model_DefaultHeatCascade','osmose_default_model_def_location','elec_prod_orc',4]	0.00000000000000000000000000000000000000000000000000
Qhtsplus['osmose_default_model_DefaultHeatCascade','osmose_default_model_def_location','elec_prod_orc',5]	0.00000000000000000000000000000000000000000000000000
Qhtsplus['osmose_default_model_DefaultHeatCascade','osmose_default_model_def_location','elec_prod_orc',6]	0.00000000000000000000000000000000000000000000000000
Qhtsplus['osmose_default_model_DefaultHeatCascade','osmose_default_model_def_location','elec_prod_orc',7]	0.00000000000000000000000000000000000000000000000000
Qhtsplus['osmose_default_model_DefaultHeatCascade','osmose_default_model_def_location','elec_prod_orc',8]	0.00000000000000000000000000000000000000000000000000
Qhtsplus['osmose_default_model_DefaultHeatCascade','osmose_default_model_def_location','elec_prod_orc',9]	0.00000000000000000000000000000000000000000000000000
Qhtsplus['osmose_default_model_DefaultHeatCascade','osmose_default_model_def_location','elec_prod_orc',10]	0.00000000000000000000000000000000000000000000000000
Qhtsplus['osmose_default_model_DefaultHeatCascade','osmose_default_model_def_location','elec_prod_orc',11]	0.00000000000000000000000000000000000000000000000000
Qhtsplus['osmose_default_model_DefaultHeatCascade','osmose_default_model_def_location','elec_prod_orc',12]	0.00000000000000000000000000000000000000000000000000
Qhtsplus['osmose_default_model_DefaultHeatCascade','osmose_default_model_def_location','elec_prod_orc',13]	0.00000000000000000000000000000000000000000000000000
Qhtsplus['osmose_default_model_DefaultHeatCascade','osmose_default_model_def_location','elec_prod_demand_dh',1]	0.00000000000000000000000000000000000000000000000000
Qhtsplus['osmose_default_model_DefaultHeatCascade','osmose_default_model_def_location','elec_prod_demand_dh',2]	0.00000000000000000000000000000000000000000000000000
Qhtsplus['osmose_default_model_DefaultHeatCascade','osmose_default_model_def_location','elec_prod_demand_dh',3]	0.00000000000000000000000000000000000000000000000000
Qhtsplus['osmose_default_model_DefaultHeatCascade','osmose_default_model_def_location','elec_prod_demand_dh',4]	0.00000000000000000000000000000000000000000000000000
Qhtsplus['osmose_default_model_DefaultHeatCascade','osmose_default_model_def_location','elec_prod_demand_dh',5]	0.00000000000000000000000000000000000000000000000000
Qhtsplus['osmose_default_model_DefaultHeatCascade','osmose_default_model_def_location','elec_prod_demand_dh',6]	0.00000000000000000000000000000000000000000000000000
Qhtsplus['osmose_default_model_DefaultHeatCascade','osmose_default_model_def_location','elec_prod_demand_dh',7]	0.00000000000000000000000000000000000000000000000000
Qhtsplus['osmose_default_model_DefaultHeatCascade','osmose_default_model_def_location','elec_prod_demand_dh',8]	0.00000000000000000000000000000000000000000000000000
Qhtsplus['osmose_default_model_DefaultHeatCascade','osmose_default_model_def_location','elec_prod_demand_dh',9]	0.00000000000000000000000000000000000000000000000000
Qhtsplus['osmose_default_model_DefaultHeatCascade','osmose_default_model_def_location','elec_prod_demand_dh',10]	0.00000000000000000000000000000000000000000000000000
Qhtsplus['osmose_default_model_DefaultHeatCascade','osmose_default_model_def_location','elec_prod_demand_dh',11]	0.00000000000000000000000000000000000000000000000000
Qhtsplus['osmose_default_model_DefaultHeatCascade','osmose_default_model_def_location','elec_prod_demand_dh',12]	0.00000000000000000000000000000000000000000000000000
Qhtsplus['osmose_default_model_DefaultHeatCascade','osmose_default_model_def_location','elec_prod_demand_dh',13]	0.00000000000000000000000000000000000000000000000000
ObjectiveFunction	8735150647.98175048828125000000000000000000000000000000000000
