Units_Mult['elec_prod_steam_steam_network']	0.00000000000000000000000000000000000000000000000000
Units_Mult['elec_prod_steam_wood_boiler_debrosse']	0.00000000000000000000000000000000000000000000000000
Units_Mult['elec_prod_utilities_wood_boiler']	1.00000000000000000000000000000000000000000000000000
Units_Mult['elec_prod_steam_geo_deep']	0.00000000000000000000000000000000000000000000000000
Units_Mult['elec_prod_steam_cold_source']	0.00000000000000000000000000000000000000000000000000
Units_Mult['elec_prod_utilities_heat_cridor']	1.00000000000000000000000000000000000000000000000000
Units_Mult['elec_prod_utilities_gas_boiler']	2199.96000000000094587448984384536743164062500000000000
Units_Mult['elec_prod_dhn_dh_network']	3.81720110507990639803210797253996133804321289062500
Units_Mult['elec_prod_demand_dh_demand_district_heating']	1.00000000000000000000000000000000000000000000000000
Units_Use['elec_prod_steam_steam_network']	1.00000000000000000000000000000000000000000000000000
Units_Use['elec_prod_steam_wood_boiler_debrosse']	1.00000000000000000000000000000000000000000000000000
Units_Use['elec_prod_utilities_wood_boiler']	1.00000000000000000000000000000000000000000000000000
Units_Use['elec_prod_steam_geo_deep']	1.00000000000000000000000000000000000000000000000000
Units_Use['elec_prod_steam_cold_source']	1.00000000000000000000000000000000000000000000000000
Units_Use['elec_prod_utilities_heat_cridor']	1.00000000000000000000000000000000000000000000000000
Units_Use['elec_prod_utilities_gas_boiler']	1.00000000000000000000000000000000000000000000000000
Units_Use['elec_prod_dhn_dh_network']	1.00000000000000000000000000000000000000000000000000
Units_Use['elec_prod_demand_dh_demand_district_heating']	1.00000000000000000000000000000000000000000000000000
Streams_Cost['osmose_default_model_DefaultOpCost','mand_district_heating_demand_district_heating_Cost','elec_prod_demand_dh_demand_district_heating']	0.00000000000000000000000000000000000000000000000000
Streams_Cost['osmose_default_model_DefaultOpCost','elec_prod_steam_network_steam_network_Cost','elec_prod_steam_steam_network']	0.00000000000000000000000000000000000000000000000000
Streams_Cost['osmose_default_model_DefaultOpCost','rod_wood_boiler_debrosse_wood_boiler_debrosse_Cost','elec_prod_steam_wood_boiler_debrosse']	0.00000000000000000000000000000000000000000000000000
Streams_Cost['osmose_default_model_DefaultOpCost','elec_prod_wood_boiler_wood_boiler_Cost','elec_prod_utilities_wood_boiler']	455564.46315789478830993175506591796875000000000000000000
Streams_Cost['osmose_default_model_DefaultOpCost','elec_prod_geo_deep_geo_deep_Cost','elec_prod_steam_geo_deep']	0.00000000000000000000000000000000000000000000000000
Streams_Cost['osmose_default_model_DefaultOpCost','elec_prod_cold_source_cold_source_Cost','elec_prod_steam_cold_source']	0.00000000000000000000000000000000000000000000000000
Streams_Cost['osmose_default_model_DefaultOpCost','elec_prod_heat_cridor_heat_cridor_Cost','elec_prod_utilities_heat_cridor']	0.00000000000000000000000000000000000000000000000000
Streams_Cost['osmose_default_model_DefaultOpCost','elec_prod_gas_boiler_gas_boiler_Cost','elec_prod_utilities_gas_boiler']	1062419.70731707359664142131805419921875000000000000000000
Streams_Cost['osmose_default_model_DefaultOpCost','elec_prod_dh_network_dh_network_Cost','elec_prod_dhn_dh_network']	0.00000000000000000000000000000000000000000000000000
Streams_Cost['osmose_default_model_DefaultInvCost','mand_district_heating_demand_district_heating_Cinv','elec_prod_demand_dh_demand_district_heating']	0.00000000000000000000000000000000000000000000000000
Streams_Cost['osmose_default_model_DefaultInvCost','elec_prod_steam_network_steam_network_Cinv','elec_prod_steam_steam_network']	0.00000000000000000000000000000000000000000000000000
Streams_Cost['osmose_default_model_DefaultInvCost','rod_wood_boiler_debrosse_wood_boiler_debrosse_Cinv','elec_prod_steam_wood_boiler_debrosse']	0.00000000000000000000000000000000000000000000000000
Streams_Cost['osmose_default_model_DefaultInvCost','elec_prod_wood_boiler_wood_boiler_Cinv','elec_prod_utilities_wood_boiler']	0.00000000000000000000000000000000000000000000000000
Streams_Cost['osmose_default_model_DefaultInvCost','elec_prod_geo_deep_geo_deep_Cinv','elec_prod_steam_geo_deep']	5370000.00000000000000000000000000000000000000000000000000
Streams_Cost['osmose_default_model_DefaultInvCost','elec_prod_cold_source_cold_source_Cinv','elec_prod_steam_cold_source']	0.00000000000000000000000000000000000000000000000000
Streams_Cost['osmose_default_model_DefaultInvCost','elec_prod_heat_cridor_heat_cridor_Cinv','elec_prod_utilities_heat_cridor']	0.00000000000000000000000000000000000000000000000000
Streams_Cost['osmose_default_model_DefaultInvCost','elec_prod_gas_boiler_gas_boiler_Cinv','elec_prod_utilities_gas_boiler']	0.00000000000000000000000000000000000000000000000000
Streams_Cost['osmose_default_model_DefaultInvCost','elec_prod_dh_network_dh_network_Cinv','elec_prod_dhn_dh_network']	0.00000000000000000000000000000000000000000000000000
Streams_Cost['osmose_default_model_DefaultMechPower','and_district_heating_demand_district_heating_Power','elec_prod_demand_dh_demand_district_heating']	0.00000000000000000000000000000000000000000000000000
Streams_Cost['osmose_default_model_DefaultMechPower','elec_prod_steam_network_steam_network_Power','elec_prod_steam_steam_network']	0.00000000000000000000000000000000000000000000000000
Streams_Cost['osmose_default_model_DefaultMechPower','od_wood_boiler_debrosse_wood_boiler_debrosse_Power','elec_prod_steam_wood_boiler_debrosse']	0.00000000000000000000000000000000000000000000000000
Streams_Cost['osmose_default_model_DefaultMechPower','elec_prod_wood_boiler_wood_boiler_Power','elec_prod_utilities_wood_boiler']	0.00000000000000000000000000000000000000000000000000
Streams_Cost['osmose_default_model_DefaultMechPower','elec_prod_geo_deep_geo_deep_Power','elec_prod_steam_geo_deep']	0.00000000000000000000000000000000000000000000000000
Streams_Cost['osmose_default_model_DefaultMechPower','elec_prod_cold_source_cold_source_Power','elec_prod_steam_cold_source']	0.00000000000000000000000000000000000000000000000000
Streams_Cost['osmose_default_model_DefaultMechPower','elec_prod_heat_cridor_heat_cridor_Power','elec_prod_utilities_heat_cridor']	0.00000000000000000000000000000000000000000000000000
Streams_Cost['osmose_default_model_DefaultMechPower','elec_prod_gas_boiler_gas_boiler_Power','elec_prod_utilities_gas_boiler']	0.00000000000000000000000000000000000000000000000000
Streams_Cost['osmose_default_model_DefaultMechPower','elec_prod_dh_network_dh_network_Power','elec_prod_dhn_dh_network']	0.00000000000000000000000000000000000000000000000000
Units_Cost['osmose_default_model_DefaultOpCost','elec_prod_demand_dh_demand_district_heating']	0.00000000000000000000000000000000000000000000000000
Units_Cost['osmose_default_model_DefaultOpCost','elec_prod_steam_steam_network']	0.00000000000000000000000000000000000000000000000000
Units_Cost['osmose_default_model_DefaultOpCost','elec_prod_steam_wood_boiler_debrosse']	0.00000000000000000000000000000000000000000000000000
Units_Cost['osmose_default_model_DefaultOpCost','elec_prod_utilities_wood_boiler']	455564.46315789478830993175506591796875000000000000000000
Units_Cost['osmose_default_model_DefaultOpCost','elec_prod_steam_geo_deep']	0.00000000000000000000000000000000000000000000000000
Units_Cost['osmose_default_model_DefaultOpCost','elec_prod_steam_cold_source']	0.00000000000000000000000000000000000000000000000000
Units_Cost['osmose_default_model_DefaultOpCost','elec_prod_utilities_heat_cridor']	0.00000000000000000000000000000000000000000000000000
Units_Cost['osmose_default_model_DefaultOpCost','elec_prod_utilities_gas_boiler']	1062419.70731707359664142131805419921875000000000000000000
Units_Cost['osmose_default_model_DefaultOpCost','elec_prod_dhn_dh_network']	0.00000000000000000000000000000000000000000000000000
Units_Cost['osmose_default_model_DefaultInvCost','elec_prod_demand_dh_demand_district_heating']	0.00000000000000000000000000000000000000000000000000
Units_Cost['osmose_default_model_DefaultInvCost','elec_prod_steam_steam_network']	0.00000000000000000000000000000000000000000000000000
Units_Cost['osmose_default_model_DefaultInvCost','elec_prod_steam_wood_boiler_debrosse']	0.00000000000000000000000000000000000000000000000000
Units_Cost['osmose_default_model_DefaultInvCost','elec_prod_utilities_wood_boiler']	0.00000000000000000000000000000000000000000000000000
Units_Cost['osmose_default_model_DefaultInvCost','elec_prod_steam_geo_deep']	5370000.00000000000000000000000000000000000000000000000000
Units_Cost['osmose_default_model_DefaultInvCost','elec_prod_steam_cold_source']	0.00000000000000000000000000000000000000000000000000
Units_Cost['osmose_default_model_DefaultInvCost','elec_prod_utilities_heat_cridor']	0.00000000000000000000000000000000000000000000000000
Units_Cost['osmose_default_model_DefaultInvCost','elec_prod_utilities_gas_boiler']	0.00000000000000000000000000000000000000000000000000
Units_Cost['osmose_default_model_DefaultInvCost','elec_prod_dhn_dh_network']	0.00000000000000000000000000000000000000000000000000
Units_Cost['osmose_default_model_DefaultMechPower','elec_prod_demand_dh_demand_district_heating']	0.00000000000000000000000000000000000000000000000000
Units_Cost['osmose_default_model_DefaultMechPower','elec_prod_steam_steam_network']	0.00000000000000000000000000000000000000000000000000
Units_Cost['osmose_default_model_DefaultMechPower','elec_prod_steam_wood_boiler_debrosse']	0.00000000000000000000000000000000000000000000000000
Units_Cost['osmose_default_model_DefaultMechPower','elec_prod_utilities_wood_boiler']	0.00000000000000000000000000000000000000000000000000
Units_Cost['osmose_default_model_DefaultMechPower','elec_prod_steam_geo_deep']	0.00000000000000000000000000000000000000000000000000
Units_Cost['osmose_default_model_DefaultMechPower','elec_prod_steam_cold_source']	0.00000000000000000000000000000000000000000000000000
Units_Cost['osmose_default_model_DefaultMechPower','elec_prod_utilities_heat_cridor']	0.00000000000000000000000000000000000000000000000000
Units_Cost['osmose_default_model_DefaultMechPower','elec_prod_utilities_gas_boiler']	0.00000000000000000000000000000000000000000000000000
Units_Cost['osmose_default_model_DefaultMechPower','elec_prod_dhn_dh_network']	0.00000000000000000000000000000000000000000000000000
Locations_Cost['osmose_default_model_DefaultOpCost','osmose_default_model_def_location']	1517984.17047496838495135307312011718750000000000000000000
Locations_Cost['osmose_default_model_DefaultInvCost','osmose_default_model_def_location']	5370000.00000000000000000000000000000000000000000000000000
Locations_Cost['osmose_default_model_DefaultMechPower','osmose_default_model_def_location']	0.00000000000000000000000000000000000000000000000000
Costs_Cost['osmose_default_model_DefaultOpCost']	1517984.17047496838495135307312011718750000000000000000000
Costs_Cost['osmose_default_model_DefaultInvCost']	5370000.00000000000000000000000000000000000000000000000000
Costs_Cost['osmose_default_model_DefaultMechPower']	0.00000000000000000000000000000000000000000000000000
Elec_buy	0.00000000000000000000000000000000000000000000000000
Elec_sell	0.00000000000000000000000000000000000000000000000000
YearlyOperatingCost	0.00000000000000000000000000000000000000000000000000
HC_Streams_Mult['osmose_default_model_DefaultHeatCascade','elec_prod_steam_network_preheat1']	0.00000000000000000000000000000000000000000000000000
HC_Streams_Mult['osmose_default_model_DefaultHeatCascade','elec_prod_steam_network_preheat2']	0.00000000000000000000000000000000000000000000000000
HC_Streams_Mult['osmose_default_model_DefaultHeatCascade','elec_prod_steam_network_preheat3']	0.00000000000000000000000000000000000000000000000000
HC_Streams_Mult['osmose_default_model_DefaultHeatCascade','elec_prod_steam_network_evap']	0.00000000000000000000000000000000000000000000000000
HC_Streams_Mult['osmose_default_model_DefaultHeatCascade','elec_prod_steam_network_supheat']	0.00000000000000000000000000000000000000000000000000
HC_Streams_Mult['osmose_default_model_DefaultHeatCascade','elec_prod_steam_network_resupheat1']	0.00000000000000000000000000000000000000000000000000
HC_Streams_Mult['osmose_default_model_DefaultHeatCascade','elec_prod_steam_network_resupheat2']	0.00000000000000000000000000000000000000000000000000
HC_Streams_Mult['osmose_default_model_DefaultHeatCascade','elec_prod_steam_network_drawoff1']	0.00000000000000000000000000000000000000000000000000
HC_Streams_Mult['osmose_default_model_DefaultHeatCascade','elec_prod_steam_network_drawoff2']	0.00000000000000000000000000000000000000000000000000
HC_Streams_Mult['osmose_default_model_DefaultHeatCascade','elec_prod_steam_network_condensation']	0.00000000000000000000000000000000000000000000000000
HC_Streams_Mult['osmose_default_model_DefaultHeatCascade','elec_prod_wood_boiler_wood_boiler_actual']	1.00000000000000000000000000000000000000000000000000
HC_Streams_Mult['osmose_default_model_DefaultHeatCascade','elec_prod_geo_deep_geo_heat']	0.00000000000000000000000000000000000000000000000000
HC_Streams_Mult['osmose_default_model_DefaultHeatCascade','elec_prod_cold_source_cold_source_load']	0.00000000000000000000000000000000000000000000000000
HC_Streams_Mult['osmose_default_model_DefaultHeatCascade','elec_prod_heat_cridor_dhn_cridor']	1.00000000000000000000000000000000000000000000000000
HC_Streams_Mult['osmose_default_model_DefaultHeatCascade','elec_prod_gas_boiler_gas_boilerst']	2199.96000000000094587448984384536743164062500000000000
HC_Streams_Mult['osmose_default_model_DefaultHeatCascade','elec_prod_dh_network_dhn_load']	3.81720110507990639803210797253996133804321289062500
HC_Streams_Mult['osmose_default_model_DefaultHeatCascade','elec_prod_dh_network_dhn_sink']	3.81720110507990639803210797253996133804321289062500
HC_Streams_Mult['osmose_default_model_DefaultHeatCascade','elec_prod_demand_district_heating_dh_load1']	1.00000000000000000000000000000000000000000000000000
HC_Streams_Mult['osmose_default_model_DefaultHeatCascade','elec_prod_demand_district_heating_dh_load2']	1.00000000000000000000000000000000000000000000000000
HC_Streams_Mult['osmose_default_model_DefaultHeatCascade','elec_prod_demand_district_heating_dh_load3']	1.00000000000000000000000000000000000000000000000000
Streams_Q['osmose_default_model_DefaultHeatCascade','elec_prod_steam_network_preheat1']	0.00000000000000000000000000000000000000000000000000
Streams_Q['osmose_default_model_DefaultHeatCascade','elec_prod_steam_network_preheat2']	0.00000000000000000000000000000000000000000000000000
Streams_Q['osmose_default_model_DefaultHeatCascade','elec_prod_steam_network_preheat3']	0.00000000000000000000000000000000000000000000000000
Streams_Q['osmose_default_model_DefaultHeatCascade','elec_prod_steam_network_evap']	0.00000000000000000000000000000000000000000000000000
Streams_Q['osmose_default_model_DefaultHeatCascade','elec_prod_steam_network_supheat']	0.00000000000000000000000000000000000000000000000000
Streams_Q['osmose_default_model_DefaultHeatCascade','elec_prod_steam_network_resupheat1']	0.00000000000000000000000000000000000000000000000000
Streams_Q['osmose_default_model_DefaultHeatCascade','elec_prod_steam_network_resupheat2']	0.00000000000000000000000000000000000000000000000000
Streams_Q['osmose_default_model_DefaultHeatCascade','elec_prod_steam_network_drawoff1']	0.00000000000000000000000000000000000000000000000000
Streams_Q['osmose_default_model_DefaultHeatCascade','elec_prod_steam_network_drawoff2']	0.00000000000000000000000000000000000000000000000000
Streams_Q['osmose_default_model_DefaultHeatCascade','elec_prod_steam_network_condensation']	0.00000000000000000000000000000000000000000000000000
Streams_Q['osmose_default_model_DefaultHeatCascade','elec_prod_wood_boiler_wood_boiler_actual']	2003.64000000000010004441719502210617065429687500000000
Streams_Q['osmose_default_model_DefaultHeatCascade','elec_prod_geo_deep_geo_heat']	0.00000000000000000000000000000000000000000000000000
Streams_Q['osmose_default_model_DefaultHeatCascade','elec_prod_cold_source_cold_source_load']	0.00000000000000000000000000000000000000000000000000
Streams_Q['osmose_default_model_DefaultHeatCascade','elec_prod_heat_cridor_dhn_cridor']	8990.00000000000000000000000000000000000000000000000000
Streams_Q['osmose_default_model_DefaultHeatCascade','elec_prod_gas_boiler_gas_boilerst']	2199.96000000000094587448984384536743164062500000000000
Streams_Q['osmose_default_model_DefaultHeatCascade','elec_prod_dh_network_dhn_load']	54741.98328492684231605380773544311523437500000000000000
Streams_Q['osmose_default_model_DefaultHeatCascade','elec_prod_dh_network_dhn_sink']	54741.98328492684231605380773544311523437500000000000000
Streams_Q['osmose_default_model_DefaultHeatCascade','elec_prod_demand_district_heating_dh_load1']	883.50000000000000000000000000000000000000000000000000
Streams_Q['osmose_default_model_DefaultHeatCascade','elec_prod_demand_district_heating_dh_load2']	11721.10000000000036379788070917129516601562500000000000
Streams_Q['osmose_default_model_DefaultHeatCascade','elec_prod_demand_district_heating_dh_load3']	589.00000000000000000000000000000000000000000000000000
HC_HTS_Rk['osmose_default_model_DefaultHeatCascade','osmose_default_model_def_location',1]	0.00000000000000000000000000000000000000000000000000
HC_HTS_Rk['osmose_default_model_DefaultHeatCascade','osmose_default_model_def_location',2]	0.00000000000000000000000000000000000000000000000000
HC_HTS_Rk['osmose_default_model_DefaultHeatCascade','osmose_default_model_def_location',3]	0.00000000000000000000000000000000000000000000000000
HC_HTS_Rk['osmose_default_model_DefaultHeatCascade','osmose_default_model_def_location',4]	0.00000000000000000000000000000000000000000000000000
HC_HTS_Rk['osmose_default_model_DefaultHeatCascade','osmose_default_model_def_location',5]	0.00000000000000000000000000000000000000000000000000
HC_HTS_Rk['osmose_default_model_DefaultHeatCascade','osmose_default_model_def_location',6]	0.00000000000000000000000000000000000000000000000000
HC_HTS_Rk['osmose_default_model_DefaultHeatCascade','osmose_default_model_def_location',7]	0.00000000000000000000000000000000000000000000000000
HC_HTS_Rk['osmose_default_model_DefaultHeatCascade','osmose_default_model_def_location',8]	0.00000000000000000000000000000000000000000000000000
HC_HTS_Rk['osmose_default_model_DefaultHeatCascade','osmose_default_model_def_location',9]	0.00000000000102318153949454426765441894531250000000
HC_HTS_Rk['osmose_default_model_DefaultHeatCascade','osmose_default_model_def_location',10]	0.00000000000045474735088646411895751953125000000000
HC_HTS_Rk['osmose_default_model_DefaultHeatCascade','osmose_default_model_def_location',11]	0.00000000000000000000000000000000000000000000000000
HC_HTS_Rk['osmose_default_model_DefaultHeatCascade','osmose_default_model_def_location',12]	0.00000000000000000000000000000000000000000000000000
HC_HTS_Rk['osmose_default_model_DefaultHeatCascade','osmose_default_model_def_location',13]	0.00000000000000000000000000000000000000000000000000
HC_HTS_Rk['osmose_default_model_DefaultHeatCascade','osmose_default_model_def_location',14]	0.00000000000000000000000000000000000000000000000000
HC_HTS_Rk['osmose_default_model_DefaultHeatCascade','osmose_default_model_def_location',15]	0.00000000000000000000000000000000000000000000000000
HC_HTS_Rk['osmose_default_model_DefaultHeatCascade','osmose_default_model_def_location',16]	0.00000000000000000000000000000000000000000000000000
HC_HTS_Rk['osmose_default_model_DefaultHeatCascade','osmose_default_model_def_location',17]	0.00000000000000000000000000000000000000000000000000
HC_HTS_Rk['osmose_default_model_DefaultHeatCascade','osmose_default_model_def_location',18]	0.00000000000000000000000000000000000000000000000000
HC_HTS_Rk['osmose_default_model_DefaultHeatCascade','osmose_default_model_def_location',19]	0.00000000000000000000000000000000000000000000000000
HC_Nodes_Rk['osmose_default_model_DefaultHeatCascade','osmose_default_model_def_location','elec_prod_utilities',1]	0.00000000000000000000000000000000000000000000000000
HC_Nodes_Rk['osmose_default_model_DefaultHeatCascade','osmose_default_model_def_location','elec_prod_utilities',2]	0.00000000000000000000000000000000000000000000000000
HC_Nodes_Rk['osmose_default_model_DefaultHeatCascade','osmose_default_model_def_location','elec_prod_utilities',3]	0.00000000000000000000000000000000000000000000000000
HC_Nodes_Rk['osmose_default_model_DefaultHeatCascade','osmose_default_model_def_location','elec_prod_utilities',4]	0.00000000000068212102632969617843627929687500000000
HC_Nodes_Rk['osmose_default_model_DefaultHeatCascade','osmose_default_model_def_location','elec_prod_utilities',5]	0.00000000000068212102632969617843627929687500000000
HC_Nodes_Rk['osmose_default_model_DefaultHeatCascade','osmose_default_model_def_location','elec_prod_utilities',6]	0.00000000000068212102632969617843627929687500000000
HC_Nodes_Rk['osmose_default_model_DefaultHeatCascade','osmose_default_model_def_location','elec_prod_utilities',7]	0.00000000000068212102632969617843627929687500000000
HC_Nodes_Rk['osmose_default_model_DefaultHeatCascade','osmose_default_model_def_location','elec_prod_utilities',8]	0.00000000000068212102632969617843627929687500000000
HC_Nodes_Rk['osmose_default_model_DefaultHeatCascade','osmose_default_model_def_location','elec_prod_utilities',9]	0.00000000000000000000000000000000000000000000000000
HC_Nodes_Rk['osmose_default_model_DefaultHeatCascade','osmose_default_model_def_location','elec_prod_utilities',10]	681.14667773100950398657005280256271362304687500000000
HC_Nodes_Rk['osmose_default_model_DefaultHeatCascade','osmose_default_model_def_location','elec_prod_utilities',11]	681.14667773101427883375436067581176757812500000000000
HC_Nodes_Rk['osmose_default_model_DefaultHeatCascade','osmose_default_model_def_location','elec_prod_utilities',12]	681.14667773100700287614017724990844726562500000000000
HC_Nodes_Rk['osmose_default_model_DefaultHeatCascade','osmose_default_model_def_location','elec_prod_utilities',13]	681.14667773101064085494726896286010742187500000000000
HC_Nodes_Rk['osmose_default_model_DefaultHeatCascade','osmose_default_model_def_location','elec_prod_utilities',14]	681.14667773100882186554372310638427734375000000000000
HC_Nodes_Rk['osmose_default_model_DefaultHeatCascade','osmose_default_model_def_location','elec_prod_utilities',15]	1902.47545857258364776498638093471527099609375000000000
HC_Nodes_Rk['osmose_default_model_DefaultHeatCascade','osmose_default_model_def_location','elec_prod_utilities',16]	1895.55131251011493986879941076040267944335937500000000
HC_Nodes_Rk['osmose_default_model_DefaultHeatCascade','osmose_default_model_def_location','elec_prod_utilities',17]	1658.08046609483744759927503764629364013671875000000000
HC_Nodes_Rk['osmose_default_model_DefaultHeatCascade','osmose_default_model_def_location','elec_prod_utilities',18]	1625.36418216539891545835416764020919799804687500000000
HC_Nodes_Rk['osmose_default_model_DefaultHeatCascade','osmose_default_model_def_location','elec_prod_utilities',19]	0.00000000000000000000000000000000000000000000000000
HC_Nodes_Rk['osmose_default_model_DefaultHeatCascade','osmose_default_model_def_location','elec_prod_steam',1]	0.00000000000000000000000000000000000000000000000000
HC_Nodes_Rk['osmose_default_model_DefaultHeatCascade','osmose_default_model_def_location','elec_prod_steam',2]	0.00000000000000000000000000000000000000000000000000
HC_Nodes_Rk['osmose_default_model_DefaultHeatCascade','osmose_default_model_def_location','elec_prod_steam',3]	0.00000000000000000000000000000000000000000000000000
HC_Nodes_Rk['osmose_default_model_DefaultHeatCascade','osmose_default_model_def_location','elec_prod_steam',4]	0.00000000000000000000000000000000000000000000000000
HC_Nodes_Rk['osmose_default_model_DefaultHeatCascade','osmose_default_model_def_location','elec_prod_steam',5]	0.00000000000000000000000000000000000000000000000000
HC_Nodes_Rk['osmose_default_model_DefaultHeatCascade','osmose_default_model_def_location','elec_prod_steam',6]	0.00000000000000000000000000000000000000000000000000
HC_Nodes_Rk['osmose_default_model_DefaultHeatCascade','osmose_default_model_def_location','elec_prod_steam',7]	0.00000000000000000000000000000000000000000000000000
HC_Nodes_Rk['osmose_default_model_DefaultHeatCascade','osmose_default_model_def_location','elec_prod_steam',8]	0.00000000000000000000000000000000000000000000000000
HC_Nodes_Rk['osmose_default_model_DefaultHeatCascade','osmose_default_model_def_location','elec_prod_steam',9]	0.00000000000102318153949454426765441894531250000000
HC_Nodes_Rk['osmose_default_model_DefaultHeatCascade','osmose_default_model_def_location','elec_prod_steam',10]	0.00000000000000000000000000000000000000000000000000
HC_Nodes_Rk['osmose_default_model_DefaultHeatCascade','osmose_default_model_def_location','elec_prod_steam',11]	0.00000000000000000000000000000000000000000000000000
HC_Nodes_Rk['osmose_default_model_DefaultHeatCascade','osmose_default_model_def_location','elec_prod_steam',12]	0.00000000000000000000000000000000000000000000000000
HC_Nodes_Rk['osmose_default_model_DefaultHeatCascade','osmose_default_model_def_location','elec_prod_steam',13]	0.00000000000000000000000000000000000000000000000000
HC_Nodes_Rk['osmose_default_model_DefaultHeatCascade','osmose_default_model_def_location','elec_prod_steam',14]	0.00000000000000000000000000000000000000000000000000
HC_Nodes_Rk['osmose_default_model_DefaultHeatCascade','osmose_default_model_def_location','elec_prod_steam',15]	0.00000000000000000000000000000000000000000000000000
HC_Nodes_Rk['osmose_default_model_DefaultHeatCascade','osmose_default_model_def_location','elec_prod_steam',16]	0.00000000000000000000000000000000000000000000000000
HC_Nodes_Rk['osmose_default_model_DefaultHeatCascade','osmose_default_model_def_location','elec_prod_steam',17]	0.00000000000000000000000000000000000000000000000000
HC_Nodes_Rk['osmose_default_model_DefaultHeatCascade','osmose_default_model_def_location','elec_prod_steam',18]	0.00000000000000000000000000000000000000000000000000
HC_Nodes_Rk['osmose_default_model_DefaultHeatCascade','osmose_default_model_def_location','elec_prod_steam',19]	0.00000000000000000000000000000000000000000000000000
HC_Nodes_Rk['osmose_default_model_DefaultHeatCascade','osmose_default_model_def_location','elec_prod_demand_dh',1]	0.00000000000000000000000000000000000000000000000000
HC_Nodes_Rk['osmose_default_model_DefaultHeatCascade','osmose_default_model_def_location','elec_prod_demand_dh',2]	0.00000000000000000000000000000000000000000000000000
HC_Nodes_Rk['osmose_default_model_DefaultHeatCascade','osmose_default_model_def_location','elec_prod_demand_dh',3]	23.55999999999949068296700716018676757812500000000000
HC_Nodes_Rk['osmose_default_model_DefaultHeatCascade','osmose_default_model_def_location','elec_prod_demand_dh',4]	80.20059599999876809306442737579345703125000000000000
HC_Nodes_Rk['osmose_default_model_DefaultHeatCascade','osmose_default_model_def_location','elec_prod_demand_dh',5]	589.00000000000000000000000000000000000000000000000000
HC_Nodes_Rk['osmose_default_model_DefaultHeatCascade','osmose_default_model_def_location','elec_prod_demand_dh',6]	12310.10000000000036379788070917129516601562500000000000
HC_Nodes_Rk['osmose_default_model_DefaultHeatCascade','osmose_default_model_def_location','elec_prod_demand_dh',7]	12635.60000000000036379788070917129516601562500000000000
HC_Nodes_Rk['osmose_default_model_DefaultHeatCascade','osmose_default_model_def_location','elec_prod_demand_dh',8]	3924.68739019619215468992479145526885986328125000000000
HC_Nodes_Rk['osmose_default_model_DefaultHeatCascade','osmose_default_model_def_location','elec_prod_demand_dh',9]	681.14667773100791237084195017814636230468750000000000
HC_Nodes_Rk['osmose_default_model_DefaultHeatCascade','osmose_default_model_def_location','elec_prod_demand_dh',10]	0.00000000000000000000000000000000000000000000000000
HC_Nodes_Rk['osmose_default_model_DefaultHeatCascade','osmose_default_model_def_location','elec_prod_demand_dh',11]	0.00000000000000000000000000000000000000000000000000
HC_Nodes_Rk['osmose_default_model_DefaultHeatCascade','osmose_default_model_def_location','elec_prod_demand_dh',12]	0.00000000000000000000000000000000000000000000000000
HC_Nodes_Rk['osmose_default_model_DefaultHeatCascade','osmose_default_model_def_location','elec_prod_demand_dh',13]	0.00000000000000000000000000000000000000000000000000
HC_Nodes_Rk['osmose_default_model_DefaultHeatCascade','osmose_default_model_def_location','elec_prod_demand_dh',14]	0.00000000000000000000000000000000000000000000000000
HC_Nodes_Rk['osmose_default_model_DefaultHeatCascade','osmose_default_model_def_location','elec_prod_demand_dh',15]	0.00000000000000000000000000000000000000000000000000
HC_Nodes_Rk['osmose_default_model_DefaultHeatCascade','osmose_default_model_def_location','elec_prod_demand_dh',16]	0.00000000000000000000000000000000000000000000000000
HC_Nodes_Rk['osmose_default_model_DefaultHeatCascade','osmose_default_model_def_location','elec_prod_demand_dh',17]	0.00000000000000000000000000000000000000000000000000
HC_Nodes_Rk['osmose_default_model_DefaultHeatCascade','osmose_default_model_def_location','elec_prod_demand_dh',18]	0.00000000000000000000000000000000000000000000000000
HC_Nodes_Rk['osmose_default_model_DefaultHeatCascade','osmose_default_model_def_location','elec_prod_demand_dh',19]	0.00000000000000000000000000000000000000000000000000
HC_Rk['osmose_default_model_DefaultHeatCascade','osmose_default_model_def_location',1]	0.00000000000000000000000000000000000000000000000000
HC_Rk['osmose_default_model_DefaultHeatCascade','osmose_default_model_def_location',2]	0.00000000000000000000000000000000000000000000000000
HC_Rk['osmose_default_model_DefaultHeatCascade','osmose_default_model_def_location',3]	23.55999999999949068296700716018676757812500000000000
HC_Rk['osmose_default_model_DefaultHeatCascade','osmose_default_model_def_location',4]	80.20059599999945021409075707197189331054687500000000
HC_Rk['osmose_default_model_DefaultHeatCascade','osmose_default_model_def_location',5]	589.00000000000068212102632969617843627929687500000000
HC_Rk['osmose_default_model_DefaultHeatCascade','osmose_default_model_def_location',6]	12310.10000000000036379788070917129516601562500000000000
HC_Rk['osmose_default_model_DefaultHeatCascade','osmose_default_model_def_location',7]	12635.60000000000036379788070917129516601562500000000000
HC_Rk['osmose_default_model_DefaultHeatCascade','osmose_default_model_def_location',8]	3924.68739019619260943727567791938781738281250000000000
HC_Rk['osmose_default_model_DefaultHeatCascade','osmose_default_model_def_location',9]	681.14667773100995873392093926668167114257812500000000
HC_Rk['osmose_default_model_DefaultHeatCascade','osmose_default_model_def_location',10]	681.14667773100995873392093926668167114257812500000000
HC_Rk['osmose_default_model_DefaultHeatCascade','osmose_default_model_def_location',11]	681.14667773101427883375436067581176757812500000000000
HC_Rk['osmose_default_model_DefaultHeatCascade','osmose_default_model_def_location',12]	681.14667773100700287614017724990844726562500000000000
HC_Rk['osmose_default_model_DefaultHeatCascade','osmose_default_model_def_location',13]	681.14667773101064085494726896286010742187500000000000
HC_Rk['osmose_default_model_DefaultHeatCascade','osmose_default_model_def_location',14]	681.14667773100882186554372310638427734375000000000000
HC_Rk['osmose_default_model_DefaultHeatCascade','osmose_default_model_def_location',15]	1902.47545857258364776498638093471527099609375000000000
HC_Rk['osmose_default_model_DefaultHeatCascade','osmose_default_model_def_location',16]	1895.55131251011493986879941076040267944335937500000000
HC_Rk['osmose_default_model_DefaultHeatCascade','osmose_default_model_def_location',17]	1658.08046609483744759927503764629364013671875000000000
HC_Rk['osmose_default_model_DefaultHeatCascade','osmose_default_model_def_location',18]	1625.36418216539891545835416764020919799804687500000000
HC_Rk['osmose_default_model_DefaultHeatCascade','osmose_default_model_def_location',19]	0.00000000000000000000000000000000000000000000000000
Qhtsmin['osmose_default_model_DefaultHeatCascade','osmose_default_model_def_location','elec_prod_utilities',1]	0.00000000000000000000000000000000000000000000000000
Qhtsmin['osmose_default_model_DefaultHeatCascade','osmose_default_model_def_location','elec_prod_utilities',2]	0.00000000000000000000000000000000000000000000000000
Qhtsmin['osmose_default_model_DefaultHeatCascade','osmose_default_model_def_location','elec_prod_utilities',3]	0.00000000000000000000000000000000000000000000000000
Qhtsmin['osmose_default_model_DefaultHeatCascade','osmose_default_model_def_location','elec_prod_utilities',4]	0.00000000000000000000000000000000000000000000000000
Qhtsmin['osmose_default_model_DefaultHeatCascade','osmose_default_model_def_location','elec_prod_utilities',5]	0.00000000000000000000000000000000000000000000000000
Qhtsmin['osmose_default_model_DefaultHeatCascade','osmose_default_model_def_location','elec_prod_utilities',6]	0.00000000000000000000000000000000000000000000000000
Qhtsmin['osmose_default_model_DefaultHeatCascade','osmose_default_model_def_location','elec_prod_utilities',7]	0.00000000000000000000000000000000000000000000000000
Qhtsmin['osmose_default_model_DefaultHeatCascade','osmose_default_model_def_location','elec_prod_utilities',8]	0.00000000000000000000000000000000000000000000000000
Qhtsmin['osmose_default_model_DefaultHeatCascade','osmose_default_model_def_location','elec_prod_utilities',9]	0.00000000000000000000000000000000000000000000000000
Qhtsmin['osmose_default_model_DefaultHeatCascade','osmose_default_model_def_location','elec_prod_utilities',10]	0.00000000000000000000000000000000000000000000000000
Qhtsmin['osmose_default_model_DefaultHeatCascade','osmose_default_model_def_location','elec_prod_utilities',11]	0.00000000000000000000000000000000000000000000000000
Qhtsmin['osmose_default_model_DefaultHeatCascade','osmose_default_model_def_location','elec_prod_utilities',12]	0.00000000000000000000000000000000000000000000000000
Qhtsmin['osmose_default_model_DefaultHeatCascade','osmose_default_model_def_location','elec_prod_utilities',13]	0.00000000000000000000000000000000000000000000000000
Qhtsmin['osmose_default_model_DefaultHeatCascade','osmose_default_model_def_location','elec_prod_utilities',14]	0.00000000000000000000000000000000000000000000000000
Qhtsmin['osmose_default_model_DefaultHeatCascade','osmose_default_model_def_location','elec_prod_utilities',15]	0.00000000000000000000000000000000000000000000000000
Qhtsmin['osmose_default_model_DefaultHeatCascade','osmose_default_model_def_location','elec_prod_utilities',16]	0.00000000000000000000000000000000000000000000000000
Qhtsmin['osmose_default_model_DefaultHeatCascade','osmose_default_model_def_location','elec_prod_utilities',17]	0.00000000000000000000000000000000000000000000000000
Qhtsmin['osmose_default_model_DefaultHeatCascade','osmose_default_model_def_location','elec_prod_utilities',18]	0.00000000000000000000000000000000000000000000000000
Qhtsmin['osmose_default_model_DefaultHeatCascade','osmose_default_model_def_location','elec_prod_utilities',19]	0.00000000000000000000000000000000000000000000000000
Qhtsmin['osmose_default_model_DefaultHeatCascade','osmose_default_model_def_location','elec_prod_steam',1]	0.00000000000000000000000000000000000000000000000000
Qhtsmin['osmose_default_model_DefaultHeatCascade','osmose_default_model_def_location','elec_prod_steam',2]	0.00000000000000000000000000000000000000000000000000
Qhtsmin['osmose_default_model_DefaultHeatCascade','osmose_default_model_def_location','elec_prod_steam',3]	0.00000000000000000000000000000000000000000000000000
Qhtsmin['osmose_default_model_DefaultHeatCascade','osmose_default_model_def_location','elec_prod_steam',4]	0.00000000000000000000000000000000000000000000000000
Qhtsmin['osmose_default_model_DefaultHeatCascade','osmose_default_model_def_location','elec_prod_steam',5]	0.00000000000000000000000000000000000000000000000000
Qhtsmin['osmose_default_model_DefaultHeatCascade','osmose_default_model_def_location','elec_prod_steam',6]	0.00000000000000000000000000000000000000000000000000
Qhtsmin['osmose_default_model_DefaultHeatCascade','osmose_default_model_def_location','elec_prod_steam',7]	0.00000000000000000000000000000000000000000000000000
Qhtsmin['osmose_default_model_DefaultHeatCascade','osmose_default_model_def_location','elec_prod_steam',8]	0.00000000000000000000000000000000000000000000000000
Qhtsmin['osmose_default_model_DefaultHeatCascade','osmose_default_model_def_location','elec_prod_steam',9]	0.00000000000000000000000000000000000000000000000000
Qhtsmin['osmose_default_model_DefaultHeatCascade','osmose_default_model_def_location','elec_prod_steam',10]	0.00000000000000000000000000000000000000000000000000
Qhtsmin['osmose_default_model_DefaultHeatCascade','osmose_default_model_def_location','elec_prod_steam',11]	0.00000000000000000000000000000000000000000000000000
Qhtsmin['osmose_default_model_DefaultHeatCascade','osmose_default_model_def_location','elec_prod_steam',12]	0.00000000000000000000000000000000000000000000000000
Qhtsmin['osmose_default_model_DefaultHeatCascade','osmose_default_model_def_location','elec_prod_steam',13]	0.00000000000000000000000000000000000000000000000000
Qhtsmin['osmose_default_model_DefaultHeatCascade','osmose_default_model_def_location','elec_prod_steam',14]	0.00000000000000000000000000000000000000000000000000
Qhtsmin['osmose_default_model_DefaultHeatCascade','osmose_default_model_def_location','elec_prod_steam',15]	0.00000000000000000000000000000000000000000000000000
Qhtsmin['osmose_default_model_DefaultHeatCascade','osmose_default_model_def_location','elec_prod_steam',16]	0.00000000000000000000000000000000000000000000000000
Qhtsmin['osmose_default_model_DefaultHeatCascade','osmose_default_model_def_location','elec_prod_steam',17]	0.00000000000000000000000000000000000000000000000000
Qhtsmin['osmose_default_model_DefaultHeatCascade','osmose_default_model_def_location','elec_prod_steam',18]	0.00000000000000000000000000000000000000000000000000
Qhtsmin['osmose_default_model_DefaultHeatCascade','osmose_default_model_def_location','elec_prod_steam',19]	0.00000000000000000000000000000000000000000000000000
Qhtsmin['osmose_default_model_DefaultHeatCascade','osmose_default_model_def_location','elec_prod_demand_dh',1]	13193.60000000000036379788070917129516601562500000000000
Qhtsmin['osmose_default_model_DefaultHeatCascade','osmose_default_model_def_location','elec_prod_demand_dh',2]	13193.60000000000036379788070917129516601562500000000000
Qhtsmin['osmose_default_model_DefaultHeatCascade','osmose_default_model_def_location','elec_prod_demand_dh',3]	13193.60000000000036379788070917129516601562500000000000
Qhtsmin['osmose_default_model_DefaultHeatCascade','osmose_default_model_def_location','elec_prod_demand_dh',4]	13193.60000000000036379788070917129516601562500000000000
Qhtsmin['osmose_default_model_DefaultHeatCascade','osmose_default_model_def_location','elec_prod_demand_dh',5]	13193.60000000000036379788070917129516601562500000000000
Qhtsmin['osmose_default_model_DefaultHeatCascade','osmose_default_model_def_location','elec_prod_demand_dh',6]	13193.60000000000036379788070917129516601562500000000000
Qhtsmin['osmose_default_model_DefaultHeatCascade','osmose_default_model_def_location','elec_prod_demand_dh',7]	13193.60000000000036379788070917129516601562500000000000
Qhtsmin['osmose_default_model_DefaultHeatCascade','osmose_default_model_def_location','elec_prod_demand_dh',8]	3924.68739019619215468992479145526885986328125000000000
Qhtsmin['osmose_default_model_DefaultHeatCascade','osmose_default_model_def_location','elec_prod_demand_dh',9]	681.14667773100791237084195017814636230468750000000000
Qhtsmin['osmose_default_model_DefaultHeatCascade','osmose_default_model_def_location','elec_prod_demand_dh',10]	0.00000000000000000000000000000000000000000000000000
Qhtsmin['osmose_default_model_DefaultHeatCascade','osmose_default_model_def_location','elec_prod_demand_dh',11]	0.00000000000000000000000000000000000000000000000000
Qhtsmin['osmose_default_model_DefaultHeatCascade','osmose_default_model_def_location','elec_prod_demand_dh',12]	0.00000000000000000000000000000000000000000000000000
Qhtsmin['osmose_default_model_DefaultHeatCascade','osmose_default_model_def_location','elec_prod_demand_dh',13]	0.00000000000000000000000000000000000000000000000000
Qhtsmin['osmose_default_model_DefaultHeatCascade','osmose_default_model_def_location','elec_prod_demand_dh',14]	0.00000000000000000000000000000000000000000000000000
Qhtsmin['osmose_default_model_DefaultHeatCascade','osmose_default_model_def_location','elec_prod_demand_dh',15]	0.00000000000000000000000000000000000000000000000000
Qhtsmin['osmose_default_model_DefaultHeatCascade','osmose_default_model_def_location','elec_prod_demand_dh',16]	0.00000000000000000000000000000000000000000000000000
Qhtsmin['osmose_default_model_DefaultHeatCascade','osmose_default_model_def_location','elec_prod_demand_dh',17]	0.00000000000000000000000000000000000000000000000000
Qhtsmin['osmose_default_model_DefaultHeatCascade','osmose_default_model_def_location','elec_prod_demand_dh',18]	0.00000000000000000000000000000000000000000000000000
Qhtsmin['osmose_default_model_DefaultHeatCascade','osmose_default_model_def_location','elec_prod_demand_dh',19]	0.00000000000000000000000000000000000000000000000000
Qhtsplus['osmose_default_model_DefaultHeatCascade','osmose_default_model_def_location','elec_prod_utilities',1]	13193.60000000000036379788070917129516601562500000000000
Qhtsplus['osmose_default_model_DefaultHeatCascade','osmose_default_model_def_location','elec_prod_utilities',2]	13193.60000000000036379788070917129516601562500000000000
Qhtsplus['osmose_default_model_DefaultHeatCascade','osmose_default_model_def_location','elec_prod_utilities',3]	13193.60000000000036379788070917129516601562500000000000
Qhtsplus['osmose_default_model_DefaultHeatCascade','osmose_default_model_def_location','elec_prod_utilities',4]	13193.60000000000036379788070917129516601562500000000000
Qhtsplus['osmose_default_model_DefaultHeatCascade','osmose_default_model_def_location','elec_prod_utilities',5]	13193.60000000000036379788070917129516601562500000000000
Qhtsplus['osmose_default_model_DefaultHeatCascade','osmose_default_model_def_location','elec_prod_utilities',6]	13193.60000000000036379788070917129516601562500000000000
Qhtsplus['osmose_default_model_DefaultHeatCascade','osmose_default_model_def_location','elec_prod_utilities',7]	13193.60000000000036379788070917129516601562500000000000
Qhtsplus['osmose_default_model_DefaultHeatCascade','osmose_default_model_def_location','elec_prod_utilities',8]	13193.60000000000036379788070917129516601562500000000000
Qhtsplus['osmose_default_model_DefaultHeatCascade','osmose_default_model_def_location','elec_prod_utilities',9]	13193.60000000000036379788070917129516601562500000000000
Qhtsplus['osmose_default_model_DefaultHeatCascade','osmose_default_model_def_location','elec_prod_utilities',10]	12512.45332226899154193233698606491088867187500000000000
Qhtsplus['osmose_default_model_DefaultHeatCascade','osmose_default_model_def_location','elec_prod_utilities',11]	12512.45332226898608496412634849548339843750000000000000
Qhtsplus['osmose_default_model_DefaultHeatCascade','osmose_default_model_def_location','elec_prod_utilities',12]	12512.45332226899336092174053192138671875000000000000000
Qhtsplus['osmose_default_model_DefaultHeatCascade','osmose_default_model_def_location','elec_prod_utilities',13]	12512.45332226898972294293344020843505859375000000000000
Qhtsplus['osmose_default_model_DefaultHeatCascade','osmose_default_model_def_location','elec_prod_utilities',14]	12512.45332226899154193233698606491088867187500000000000
Qhtsplus['osmose_default_model_DefaultHeatCascade','osmose_default_model_def_location','elec_prod_utilities',15]	0.00000000000000000000000000000000000000000000000000
Qhtsplus['osmose_default_model_DefaultHeatCascade','osmose_default_model_def_location','elec_prod_utilities',16]	0.00000000000000000000000000000000000000000000000000
Qhtsplus['osmose_default_model_DefaultHeatCascade','osmose_default_model_def_location','elec_prod_utilities',17]	0.00000000000000000000000000000000000000000000000000
Qhtsplus['osmose_default_model_DefaultHeatCascade','osmose_default_model_def_location','elec_prod_utilities',18]	0.00000000000000000000000000000000000000000000000000
Qhtsplus['osmose_default_model_DefaultHeatCascade','osmose_default_model_def_location','elec_prod_utilities',19]	0.00000000000000000000000000000000000000000000000000
Qhtsplus['osmose_default_model_DefaultHeatCascade','osmose_default_model_def_location','elec_prod_steam',1]	0.00000000000000000000000000000000000000000000000000
Qhtsplus['osmose_default_model_DefaultHeatCascade','osmose_default_model_def_location','elec_prod_steam',2]	0.00000000000000000000000000000000000000000000000000
Qhtsplus['osmose_default_model_DefaultHeatCascade','osmose_default_model_def_location','elec_prod_steam',3]	0.00000000000000000000000000000000000000000000000000
Qhtsplus['osmose_default_model_DefaultHeatCascade','osmose_default_model_def_location','elec_prod_steam',4]	0.00000000000000000000000000000000000000000000000000
Qhtsplus['osmose_default_model_DefaultHeatCascade','osmose_default_model_def_location','elec_prod_steam',5]	0.00000000000000000000000000000000000000000000000000
Qhtsplus['osmose_default_model_DefaultHeatCascade','osmose_default_model_def_location','elec_prod_steam',6]	0.00000000000000000000000000000000000000000000000000
Qhtsplus['osmose_default_model_DefaultHeatCascade','osmose_default_model_def_location','elec_prod_steam',7]	0.00000000000000000000000000000000000000000000000000
Qhtsplus['osmose_default_model_DefaultHeatCascade','osmose_default_model_def_location','elec_prod_steam',8]	0.00000000000000000000000000000000000000000000000000
Qhtsplus['osmose_default_model_DefaultHeatCascade','osmose_default_model_def_location','elec_prod_steam',9]	-0.00000000000102318153949454426765441894531250000000
Qhtsplus['osmose_default_model_DefaultHeatCascade','osmose_default_model_def_location','elec_prod_steam',10]	0.00000000000000000000000000000000000000000000000000
Qhtsplus['osmose_default_model_DefaultHeatCascade','osmose_default_model_def_location','elec_prod_steam',11]	0.00000000000000000000000000000000000000000000000000
Qhtsplus['osmose_default_model_DefaultHeatCascade','osmose_default_model_def_location','elec_prod_steam',12]	0.00000000000000000000000000000000000000000000000000
Qhtsplus['osmose_default_model_DefaultHeatCascade','osmose_default_model_def_location','elec_prod_steam',13]	0.00000000000000000000000000000000000000000000000000
Qhtsplus['osmose_default_model_DefaultHeatCascade','osmose_default_model_def_location','elec_prod_steam',14]	0.00000000000000000000000000000000000000000000000000
Qhtsplus['osmose_default_model_DefaultHeatCascade','osmose_default_model_def_location','elec_prod_steam',15]	0.00000000000000000000000000000000000000000000000000
Qhtsplus['osmose_default_model_DefaultHeatCascade','osmose_default_model_def_location','elec_prod_steam',16]	0.00000000000000000000000000000000000000000000000000
Qhtsplus['osmose_default_model_DefaultHeatCascade','osmose_default_model_def_location','elec_prod_steam',17]	0.00000000000000000000000000000000000000000000000000
Qhtsplus['osmose_default_model_DefaultHeatCascade','osmose_default_model_def_location','elec_prod_steam',18]	0.00000000000000000000000000000000000000000000000000
Qhtsplus['osmose_default_model_DefaultHeatCascade','osmose_default_model_def_location','elec_prod_steam',19]	0.00000000000000000000000000000000000000000000000000
Qhtsplus['osmose_default_model_DefaultHeatCascade','osmose_default_model_def_location','elec_prod_demand_dh',1]	0.00000000000000000000000000000000000000000000000000
Qhtsplus['osmose_default_model_DefaultHeatCascade','osmose_default_model_def_location','elec_prod_demand_dh',2]	0.00000000000000000000000000000000000000000000000000
Qhtsplus['osmose_default_model_DefaultHeatCascade','osmose_default_model_def_location','elec_prod_demand_dh',3]	0.00000000000000000000000000000000000000000000000000
Qhtsplus['osmose_default_model_DefaultHeatCascade','osmose_default_model_def_location','elec_prod_demand_dh',4]	0.00000000000000000000000000000000000000000000000000
Qhtsplus['osmose_default_model_DefaultHeatCascade','osmose_default_model_def_location','elec_prod_demand_dh',5]	0.00000000000000000000000000000000000000000000000000
Qhtsplus['osmose_default_model_DefaultHeatCascade','osmose_default_model_def_location','elec_prod_demand_dh',6]	0.00000000000000000000000000000000000000000000000000
Qhtsplus['osmose_default_model_DefaultHeatCascade','osmose_default_model_def_location','elec_prod_demand_dh',7]	0.00000000000000000000000000000000000000000000000000
Qhtsplus['osmose_default_model_DefaultHeatCascade','osmose_default_model_def_location','elec_prod_demand_dh',8]	0.00000000000000000000000000000000000000000000000000
Qhtsplus['osmose_default_model_DefaultHeatCascade','osmose_default_model_def_location','elec_prod_demand_dh',9]	0.00000000000000000000000000000000000000000000000000
Qhtsplus['osmose_default_model_DefaultHeatCascade','osmose_default_model_def_location','elec_prod_demand_dh',10]	0.00000000000000000000000000000000000000000000000000
Qhtsplus['osmose_default_model_DefaultHeatCascade','osmose_default_model_def_location','elec_prod_demand_dh',11]	0.00000000000000000000000000000000000000000000000000
Qhtsplus['osmose_default_model_DefaultHeatCascade','osmose_default_model_def_location','elec_prod_demand_dh',12]	0.00000000000000000000000000000000000000000000000000
Qhtsplus['osmose_default_model_DefaultHeatCascade','osmose_default_model_def_location','elec_prod_demand_dh',13]	0.00000000000000000000000000000000000000000000000000
Qhtsplus['osmose_default_model_DefaultHeatCascade','osmose_default_model_def_location','elec_prod_demand_dh',14]	0.00000000000000000000000000000000000000000000000000
Qhtsplus['osmose_default_model_DefaultHeatCascade','osmose_default_model_def_location','elec_prod_demand_dh',15]	0.00000000000000000000000000000000000000000000000000
Qhtsplus['osmose_default_model_DefaultHeatCascade','osmose_default_model_def_location','elec_prod_demand_dh',16]	0.00000000000000000000000000000000000000000000000000
Qhtsplus['osmose_default_model_DefaultHeatCascade','osmose_default_model_def_location','elec_prod_demand_dh',17]	0.00000000000000000000000000000000000000000000000000
Qhtsplus['osmose_default_model_DefaultHeatCascade','osmose_default_model_def_location','elec_prod_demand_dh',18]	0.00000000000000000000000000000000000000000000000000
Qhtsplus['osmose_default_model_DefaultHeatCascade','osmose_default_model_def_location','elec_prod_demand_dh',19]	0.00000000000000000000000000000000000000000000000000
ObjectiveFunction	1517984.17047496838495135307312011718750000000000000000000
