Display statement at line 369
Units_Mult[muschelkalk_geo_deep].val = 1
Units_Mult[heat_pump2_heat_pump].val = 2.91616478588958
Units_Mult[heat_pump1_heat_pump].val = 1.22810420935421
Units_Mult[demand_profiles_district_heating].val = 1
Units_Mult[cridor_heat_cridor].val = 1
Units_Mult[gas_boiler_gas_boiler].val = 2714.1173493171
Units_Mult[wood_boiler_wood_boiler].val = 1
Display statement at line 370
Units_Use[muschelkalk_geo_deep].val = 1
Units_Use[heat_pump2_heat_pump].val = 1
Units_Use[heat_pump1_heat_pump].val = 1
Units_Use[demand_profiles_district_heating].val = 1
Units_Use[cridor_heat_cridor].val = 1
Units_Use[gas_boiler_gas_boiler].val = 1
Units_Use[wood_boiler_wood_boiler].val = 1
Display statement at line 382
Streams_Cost[osmose_default_model_DefaultOpCost,nd_profiles_district_heating_district_heating_Cost,demand_profiles_district_heating].val = 0
Streams_Cost[osmose_default_model_DefaultOpCost,muschelkalk_geo_deep_geo_deep_Cost,muschelkalk_geo_deep].val = 38117.52
Streams_Cost[osmose_default_model_DefaultOpCost,heat_pump2_heat_pump_heat_pump_Cost,heat_pump2_heat_pump].val = 24072881.9842228
Streams_Cost[osmose_default_model_DefaultOpCost,heat_pump1_heat_pump_heat_pump_Cost,heat_pump1_heat_pump].val = 149227.924961997
Streams_Cost[osmose_default_model_DefaultOpCost,cridor_heat_cridor_heat_cridor_Cost,cridor_heat_cridor].val = -1000
Streams_Cost[osmose_default_model_DefaultOpCost,gas_boiler_gas_boiler_gas_boiler_Cost,gas_boiler_gas_boiler].val = 27141173.493171
Streams_Cost[osmose_default_model_DefaultOpCost,wood_boiler_wood_boiler_wood_boiler_Cost,wood_boiler_wood_boiler].val = 227.368421052632
Streams_Cost[osmose_default_model_DefaultInvCost,nd_profiles_district_heating_district_heating_Cinv,demand_profiles_district_heating].val = 0
Streams_Cost[osmose_default_model_DefaultInvCost,muschelkalk_geo_deep_geo_deep_Cinv,muschelkalk_geo_deep].val = 5370000
Streams_Cost[osmose_default_model_DefaultInvCost,heat_pump2_heat_pump_heat_pump_Cinv,heat_pump2_heat_pump].val = 0
Streams_Cost[osmose_default_model_DefaultInvCost,heat_pump1_heat_pump_heat_pump_Cinv,heat_pump1_heat_pump].val = 0
Streams_Cost[osmose_default_model_DefaultInvCost,cridor_heat_cridor_heat_cridor_Cinv,cridor_heat_cridor].val = 0
Streams_Cost[osmose_default_model_DefaultInvCost,gas_boiler_gas_boiler_gas_boiler_Cinv,gas_boiler_gas_boiler].val = 0
Streams_Cost[osmose_default_model_DefaultInvCost,wood_boiler_wood_boiler_wood_boiler_Cinv,wood_boiler_wood_boiler].val = 0
Streams_Cost[osmose_default_model_DefaultMechPower,d_profiles_district_heating_district_heating_Power,demand_profiles_district_heating].val = 0
Streams_Cost[osmose_default_model_DefaultMechPower,muschelkalk_geo_deep_geo_deep_Power,muschelkalk_geo_deep].val = 10.5882
Streams_Cost[osmose_default_model_DefaultMechPower,heat_pump2_heat_pump_heat_pump_Power,heat_pump2_heat_pump].val = 1337.38233245682
Streams_Cost[osmose_default_model_DefaultMechPower,heat_pump1_heat_pump_heat_pump_Power,heat_pump1_heat_pump].val = 8.29044027566652
Streams_Cost[osmose_default_model_DefaultMechPower,cridor_heat_cridor_heat_cridor_Power,cridor_heat_cridor].val = 0
Streams_Cost[osmose_default_model_DefaultMechPower,gas_boiler_gas_boiler_gas_boiler_Power,gas_boiler_gas_boiler].val = 0
Streams_Cost[osmose_default_model_DefaultMechPower,wood_boiler_wood_boiler_wood_boiler_Power,wood_boiler_wood_boiler].val = 0
Display statement at line 383
Units_Cost[osmose_default_model_DefaultOpCost,demand_profiles_district_heating].val = 0
Units_Cost[osmose_default_model_DefaultOpCost,muschelkalk_geo_deep].val = 38117.52
Units_Cost[osmose_default_model_DefaultOpCost,heat_pump2_heat_pump].val = 24072881.9842228
Units_Cost[osmose_default_model_DefaultOpCost,heat_pump1_heat_pump].val = 149227.924961997
Units_Cost[osmose_default_model_DefaultOpCost,cridor_heat_cridor].val = -1000
Units_Cost[osmose_default_model_DefaultOpCost,gas_boiler_gas_boiler].val = 27141173.493171
Units_Cost[osmose_default_model_DefaultOpCost,wood_boiler_wood_boiler].val = 227.368421052632
Units_Cost[osmose_default_model_DefaultInvCost,demand_profiles_district_heating].val = 0
Units_Cost[osmose_default_model_DefaultInvCost,muschelkalk_geo_deep].val = 5370000
Units_Cost[osmose_default_model_DefaultInvCost,heat_pump2_heat_pump].val = 0
Units_Cost[osmose_default_model_DefaultInvCost,heat_pump1_heat_pump].val = 0
Units_Cost[osmose_default_model_DefaultInvCost,cridor_heat_cridor].val = 0
Units_Cost[osmose_default_model_DefaultInvCost,gas_boiler_gas_boiler].val = 0
Units_Cost[osmose_default_model_DefaultInvCost,wood_boiler_wood_boiler].val = 0
Units_Cost[osmose_default_model_DefaultMechPower,demand_profiles_district_heating].val = 0
Units_Cost[osmose_default_model_DefaultMechPower,muschelkalk_geo_deep].val = 10.5882
Units_Cost[osmose_default_model_DefaultMechPower,heat_pump2_heat_pump].val = 1337.38233245682
Units_Cost[osmose_default_model_DefaultMechPower,heat_pump1_heat_pump].val = 8.29044027566652
Units_Cost[osmose_default_model_DefaultMechPower,cridor_heat_cridor].val = 0
Units_Cost[osmose_default_model_DefaultMechPower,gas_boiler_gas_boiler].val = 0
Units_Cost[osmose_default_model_DefaultMechPower,wood_boiler_wood_boiler].val = 0
Display statement at line 384
Locations_Cost[osmose_default_model_DefaultOpCost,osmose_default_model_def_location].val = 51400628.2907768
Locations_Cost[osmose_default_model_DefaultInvCost,osmose_default_model_def_location].val = 5370000
Locations_Cost[osmose_default_model_DefaultMechPower,osmose_default_model_def_location].val = 1356.26097273249
Display statement at line 385
Costs_Cost[osmose_default_model_DefaultOpCost].val = 51400628.2907768
Costs_Cost[osmose_default_model_DefaultInvCost].val = 5370000
Costs_Cost[osmose_default_model_DefaultMechPower].val = 1356.26097273249
Display statement at line 386
Cost_generatedGroups_power has empty content
Display statement at line 387
YearlyOperatingCost.val = 0
Display statement at line 396
HC_Streams_Mult[osmose_default_model_DefaultHeatCascade,muschelkalk_geo_deep_geo_heat].val = 1
HC_Streams_Mult[osmose_default_model_DefaultHeatCascade,heat_pump2_heat_pump_evap].val = 2.91616478588958
HC_Streams_Mult[osmose_default_model_DefaultHeatCascade,heat_pump2_heat_pump_desuph].val = 2.91616478588958
HC_Streams_Mult[osmose_default_model_DefaultHeatCascade,heat_pump2_heat_pump_cond].val = 2.91616478588958
HC_Streams_Mult[osmose_default_model_DefaultHeatCascade,heat_pump1_heat_pump_evap].val = 1.22810420935421
HC_Streams_Mult[osmose_default_model_DefaultHeatCascade,heat_pump1_heat_pump_desuph].val = 1.22810420935421
HC_Streams_Mult[osmose_default_model_DefaultHeatCascade,heat_pump1_heat_pump_cond].val = 1.22810420935421
HC_Streams_Mult[osmose_default_model_DefaultHeatCascade,demand_profiles_district_heating_dhn_load].val = 1
HC_Streams_Mult[osmose_default_model_DefaultHeatCascade,cridor_heat_cridor_dhn_cridor].val = 1
HC_Streams_Mult[osmose_default_model_DefaultHeatCascade,gas_boiler_gas_boiler_gas_boilerst].val = 2714.1173493171
HC_Streams_Mult[osmose_default_model_DefaultHeatCascade,wood_boiler_wood_boiler_wood_boilerst].val = 1
Display statement at line 397
Streams_Q[osmose_default_model_DefaultHeatCascade,muschelkalk_geo_deep_geo_heat].val = 2733.1725
Streams_Q[osmose_default_model_DefaultHeatCascade,heat_pump2_heat_pump_evap].val = 2741.46318589651
Streams_Q[osmose_default_model_DefaultHeatCascade,heat_pump2_heat_pump_desuph].val = 541.51430375098
Streams_Q[osmose_default_model_DefaultHeatCascade,heat_pump2_heat_pump_cond].val = 3537.33704693192
Streams_Q[osmose_default_model_DefaultHeatCascade,heat_pump1_heat_pump_evap].val = 227.486655115517
Streams_Q[osmose_default_model_DefaultHeatCascade,heat_pump1_heat_pump_desuph].val = 2.77281368387993
Streams_Q[osmose_default_model_DefaultHeatCascade,heat_pump1_heat_pump_cond].val = 233.004527328146
Streams_Q[osmose_default_model_DefaultHeatCascade,demand_profiles_district_heating_dhn_load].val = 19462.6087
Streams_Q[osmose_default_model_DefaultHeatCascade,cridor_heat_cridor_dhn_cridor].val = 10100
Streams_Q[osmose_default_model_DefaultHeatCascade,gas_boiler_gas_boiler_gas_boilerst].val = 2714.1173493171
Streams_Q[osmose_default_model_DefaultHeatCascade,wood_boiler_wood_boiler_wood_boilerst].val = 2569.64
Display statement at line 398
HC_generatedGroups_load has empty content
Display statement at line 399
HC_Rk[osmose_default_model_DefaultHeatCascade,osmose_default_model_def_location,1].val = 0
HC_Rk[osmose_default_model_DefaultHeatCascade,osmose_default_model_def_location,2].val = 0
HC_Rk[osmose_default_model_DefaultHeatCascade,osmose_default_model_def_location,3].val = 2463.78395655624
HC_Rk[osmose_default_model_DefaultHeatCascade,osmose_default_model_def_location,4].val = 2305.43638676664
HC_Rk[osmose_default_model_DefaultHeatCascade,osmose_default_model_def_location,5].val = 0
HC_Rk[osmose_default_model_DefaultHeatCascade,osmose_default_model_def_location,6].val = 0
HC_Rk[osmose_default_model_DefaultHeatCascade,osmose_default_model_def_location,7].val = 1052.8110893592
HC_Rk[osmose_default_model_DefaultHeatCascade,osmose_default_model_def_location,8].val = 7791.12338143737
HC_Rk[osmose_default_model_DefaultHeatCascade,osmose_default_model_def_location,9].val = 2439.57600366364
HC_Rk[osmose_default_model_DefaultHeatCascade,osmose_default_model_def_location,10].val = 2431.0177849706
HC_Rk[osmose_default_model_DefaultHeatCascade,osmose_default_model_def_location,11].val = 0
